0 verbose cli C:\Program Files\nodejs\node.exe C:\Program Files\nodejs\node_modules\npm\bin\npm-cli.js
1 info using npm@10.9.2
2 info using node@v22.16.0
3 silly config load:file:C:\Program Files\nodejs\node_modules\npm\npmrc
4 silly config load:file:C:\Users\game0\Desktop\Devine Project\dashboard-boilerPlate\.npmrc
5 silly config load:file:C:\Users\game0\.npmrc
6 silly config load:file:C:\Users\game0\AppData\Roaming\npm\etc\npmrc
7 verbose title npm install react-hook-form
8 verbose argv "install" "react-hook-form"
9 verbose logfile logs-max:10 dir:C:\Users\game0\Desktop\Devine Project\dashboard-boilerPlate\npm-cache\_logs\2025-07-04T12_15_40_355Z-
10 verbose logfile C:\Users\game0\Desktop\Devine Project\dashboard-boilerPlate\npm-cache\_logs\2025-07-04T12_15_40_355Z-debug-0.log
11 silly logfile done cleaning log files
12 silly packumentCache heap:4345298944 maxSize:1086324736 maxEntrySize:543162368
13 silly idealTree buildDeps
14 silly fetch manifest react-hook-form@^7.54.2
15 silly packumentCache full:https://registry.npmjs.org/react-hook-form cache-miss
16 http fetch GET 200 https://registry.npmjs.org/react-hook-form 294ms (cache miss)
17 silly packumentCache full:https://registry.npmjs.org/react-hook-form set size:undefined disposed:false
18 silly fetch manifest react@^19.0.0
19 silly packumentCache full:https://registry.npmjs.org/react cache-miss
20 http fetch GET 200 https://registry.npmjs.org/react 161ms (cache updated)
21 silly packumentCache full:https://registry.npmjs.org/react set size:undefined disposed:false
22 silly placeDep ROOT react-hook-form@7.59.0 REPLACE for: zina-dashboard@0.0.0 want: ^7.54.2
23 silly reify mark retired [
23 silly reify   'C:\\Users\\game0\\Desktop\\Devine Project\\dashboard-boilerPlate\\node_modules\\react-hook-form'
23 silly reify ]
24 silly reify moves {
24 silly reify   'C:\\Users\\game0\\Desktop\\Devine Project\\dashboard-boilerPlate\\node_modules\\react-hook-form': 'C:\\Users\\game0\\Desktop\\Devine Project\\dashboard-boilerPlate\\node_modules\\.react-hook-form-ijyuJRZv'
24 silly reify }
25 silly audit bulk request {
25 silly audit   '@ampproject/remapping': [ '2.3.0' ],
25 silly audit   '@ant-design/charts': [ '2.2.7' ],
25 silly audit   '@ant-design/charts-util': [ '0.0.1-alpha.7' ],
25 silly audit   react: [ '18.3.1', '19.0.0' ],
25 silly audit   'react-dom': [ '18.3.1', '19.0.0' ],
25 silly audit   scheduler: [ '0.23.2', '0.25.0' ],
25 silly audit   '@ant-design/colors': [ '7.2.0' ],
25 silly audit   '@ant-design/cssinjs': [ '1.23.0' ],
25 silly audit   '@ant-design/cssinjs-utils': [ '1.1.3' ],
25 silly audit   '@ant-design/fast-color': [ '2.0.6' ],
25 silly audit   '@ant-design/graphs': [ '2.0.5' ],
25 silly audit   '@antv/graphin': [ '3.0.5' ],
25 silly audit   '@ant-design/icons': [ '5.6.1' ],
25 silly audit   '@ant-design/icons-svg': [ '4.4.2' ],
25 silly audit   '@ant-design/plots': [ '2.3.3' ],
25 silly audit   '@ant-design/react-slick': [ '1.1.2' ],
25 silly audit   '@ant-design/v5-patch-for-react-19': [ '1.0.3' ],
25 silly audit   '@antv/algorithm': [ '0.1.26' ],
25 silly audit   '@antv/util': [ '2.0.17', '3.3.10' ],
25 silly audit   '@antv/component': [ '2.1.2' ],
25 silly audit   '@antv/coord': [ '0.4.7' ],
25 silly audit   '@antv/event-emitter': [ '0.1.3' ],
25 silly audit   '@antv/expr': [ '1.0.2' ],
25 silly audit   '@antv/g': [ '6.1.23' ],
25 silly audit   '@antv/g-camera-api': [ '2.0.37' ],
25 silly audit   '@antv/g-canvas': [ '2.0.42' ],
25 silly audit   '@antv/g-dom-mutation-observer-api': [ '2.0.34' ],
25 silly audit   '@antv/g-lite': [ '2.2.18' ],
25 silly audit   '@antv/g-math': [ '3.0.0' ],
25 silly audit   '@antv/g-plugin-canvas-path-generator': [ '2.1.18' ],
25 silly audit   '@antv/g-plugin-canvas-picker': [ '2.1.21' ],
25 silly audit   '@antv/g-plugin-canvas-renderer': [ '2.2.21' ],
25 silly audit   '@antv/g-plugin-dom-interaction': [ '2.1.23' ],
25 silly audit   '@antv/g-plugin-dragndrop': [ '2.0.34' ],
25 silly audit   '@antv/g-plugin-html-renderer': [ '2.1.23' ],
25 silly audit   '@antv/g-plugin-image-loader': [ '2.1.21' ],
25 silly audit   '@antv/g-plugin-svg-picker': [ '2.0.37' ],
25 silly audit   '@antv/g-plugin-svg-renderer': [ '2.2.19' ],
25 silly audit   '@antv/g-svg': [ '2.0.37' ],
25 silly audit   '@antv/g-web-animations-api': [ '2.1.23' ],
25 silly audit   '@antv/g2': [ '5.3.2' ],
25 silly audit   '@antv/g2-extension-plot': [ '0.2.2' ],
25 silly audit   '@antv/g6': [ '5.0.45' ],
25 silly audit   '@antv/g6-extension-react': [ '0.2.1' ],
25 silly audit   '@antv/graphlib': [ '2.0.4' ],
25 silly audit   '@antv/hierarchy': [ '0.6.14' ],
25 silly audit   '@antv/layout': [ '1.2.14-beta.9' ],
25 silly audit   '@antv/scale': [ '0.4.16' ],
25 silly audit   '@antv/vendor': [ '1.0.11' ],
25 silly audit   '@babel/code-frame': [ '7.26.2' ],
25 silly audit   '@babel/compat-data': [ '7.26.8' ],
25 silly audit   '@babel/core': [ '7.26.10' ],
25 silly audit   '@babel/generator': [ '7.26.10' ],
25 silly audit   '@babel/helper-compilation-targets': [ '7.26.5' ],
25 silly audit   '@babel/helper-module-imports': [ '7.25.9' ],
25 silly audit   '@babel/helper-module-transforms': [ '7.26.0' ],
25 silly audit   '@babel/helper-plugin-utils': [ '7.26.5' ],
25 silly audit   '@babel/helper-string-parser': [ '7.25.9' ],
25 silly audit   '@babel/helper-validator-identifier': [ '7.25.9' ],
25 silly audit   '@babel/helper-validator-option': [ '7.25.9' ],
25 silly audit   '@babel/helpers': [ '7.26.10' ],
25 silly audit   '@babel/parser': [ '7.26.10' ],
25 silly audit   '@babel/plugin-transform-react-jsx-self': [ '7.25.9' ],
25 silly audit   '@babel/plugin-transform-react-jsx-source': [ '7.25.9' ],
25 silly audit   '@babel/runtime': [ '7.26.10' ],
25 silly audit   '@babel/template': [ '7.26.9' ],
25 silly audit   '@babel/traverse': [ '7.26.10' ],
25 silly audit   globals: [ '11.12.0', '14.0.0', '15.15.0' ],
25 silly audit   '@babel/types': [ '7.26.10' ],
25 silly audit   '@emnapi/runtime': [ '1.4.3' ],
25 silly audit   '@emotion/hash': [ '0.8.0' ],
25 silly audit   '@emotion/is-prop-valid': [ '1.2.2' ],
25 silly audit   '@emotion/memoize': [ '0.8.1' ],
25 silly audit   '@emotion/unitless': [ '0.7.5', '0.8.1' ],
25 silly audit   '@esbuild/aix-ppc64': [ '0.25.1' ],
25 silly audit   '@esbuild/android-arm': [ '0.25.1' ],
25 silly audit   '@esbuild/android-arm64': [ '0.25.1' ],
25 silly audit   '@esbuild/android-x64': [ '0.25.1' ],
25 silly audit   '@esbuild/darwin-arm64': [ '0.25.1' ],
25 silly audit   '@esbuild/darwin-x64': [ '0.25.1' ],
25 silly audit   '@esbuild/freebsd-arm64': [ '0.25.1' ],
25 silly audit   '@esbuild/freebsd-x64': [ '0.25.1' ],
25 silly audit   '@esbuild/linux-arm': [ '0.25.1' ],
25 silly audit   '@esbuild/linux-arm64': [ '0.25.1' ],
25 silly audit   '@esbuild/linux-ia32': [ '0.25.1' ],
25 silly audit   '@esbuild/linux-loong64': [ '0.25.1' ],
25 silly audit   '@esbuild/linux-mips64el': [ '0.25.1' ],
25 silly audit   '@esbuild/linux-ppc64': [ '0.25.1' ],
25 silly audit   '@esbuild/linux-riscv64': [ '0.25.1' ],
25 silly audit   '@esbuild/linux-s390x': [ '0.25.1' ],
25 silly audit   '@esbuild/linux-x64': [ '0.25.1' ],
25 silly audit   '@esbuild/netbsd-arm64': [ '0.25.1' ],
25 silly audit   '@esbuild/netbsd-x64': [ '0.25.1' ],
25 silly audit   '@esbuild/openbsd-arm64': [ '0.25.1' ],
25 silly audit   '@esbuild/openbsd-x64': [ '0.25.1' ],
25 silly audit   '@esbuild/sunos-x64': [ '0.25.1' ],
25 silly audit   '@esbuild/win32-arm64': [ '0.25.1' ],
25 silly audit   '@esbuild/win32-ia32': [ '0.25.1' ],
25 silly audit   '@esbuild/win32-x64': [ '0.25.1' ],
25 silly audit   '@eslint-community/eslint-utils': [ '4.5.1' ],
25 silly audit   'eslint-visitor-keys': [ '3.4.3', '4.2.0' ],
25 silly audit   '@eslint-community/regexpp': [ '4.12.1' ],
25 silly audit   '@eslint/config-array': [ '0.19.2' ],
25 silly audit   '@eslint/config-helpers': [ '0.2.0' ],
25 silly audit   '@eslint/core': [ '0.12.0' ],
25 silly audit   '@eslint/eslintrc': [ '3.3.1' ],
25 silly audit   '@eslint/js': [ '9.23.0' ],
25 silly audit   '@eslint/object-schema': [ '2.1.6' ],
25 silly audit   '@eslint/plugin-kit': [ '0.2.7' ],
25 silly audit   '@hookform/resolvers': [ '4.1.3' ],
25 silly audit   '@humanfs/core': [ '0.19.1' ],
25 silly audit   '@humanfs/node': [ '0.16.6' ],
25 silly audit   '@humanwhocodes/retry': [ '0.3.1', '0.4.2' ],
25 silly audit   '@humanwhocodes/module-importer': [ '1.0.1' ],
25 silly audit   '@img/sharp-darwin-arm64': [ '0.34.2' ],
25 silly audit   '@img/sharp-darwin-x64': [ '0.34.2' ],
25 silly audit   '@img/sharp-libvips-darwin-arm64': [ '1.1.0' ],
25 silly audit   '@img/sharp-libvips-darwin-x64': [ '1.1.0' ],
25 silly audit   '@img/sharp-libvips-linux-arm': [ '1.1.0' ],
25 silly audit   '@img/sharp-libvips-linux-arm64': [ '1.1.0' ],
25 silly audit   '@img/sharp-libvips-linux-ppc64': [ '1.1.0' ],
25 silly audit   '@img/sharp-libvips-linux-s390x': [ '1.1.0' ],
25 silly audit   '@img/sharp-libvips-linux-x64': [ '1.1.0' ],
25 silly audit   '@img/sharp-libvips-linuxmusl-arm64': [ '1.1.0' ],
25 silly audit   '@img/sharp-libvips-linuxmusl-x64': [ '1.1.0' ],
25 silly audit   '@img/sharp-linux-arm': [ '0.34.2' ],
25 silly audit   '@img/sharp-linux-arm64': [ '0.34.2' ],
25 silly audit   '@img/sharp-linux-s390x': [ '0.34.2' ],
25 silly audit   '@img/sharp-linux-x64': [ '0.34.2' ],
25 silly audit   '@img/sharp-linuxmusl-arm64': [ '0.34.2' ],
25 silly audit   '@img/sharp-linuxmusl-x64': [ '0.34.2' ],
25 silly audit   '@img/sharp-wasm32': [ '0.34.2' ],
25 silly audit   '@img/sharp-win32-arm64': [ '0.34.2' ],
25 silly audit   '@img/sharp-win32-ia32': [ '0.34.2' ],
25 silly audit   '@img/sharp-win32-x64': [ '0.34.2' ],
25 silly audit   '@jridgewell/gen-mapping': [ '0.3.8' ],
25 silly audit   '@jridgewell/resolve-uri': [ '3.1.2' ],
25 silly audit   '@jridgewell/set-array': [ '1.2.1' ],
25 silly audit   '@jridgewell/source-map': [ '0.3.6' ],
25 silly audit   '@jridgewell/sourcemap-codec': [ '1.5.0' ],
25 silly audit   '@jridgewell/trace-mapping': [ '0.3.25' ],
25 silly audit   '@ljharb/resumer': [ '0.0.1' ],
25 silly audit   '@ljharb/through': [ '2.3.14' ],
25 silly audit   '@naoak/workerize-transferable': [ '0.1.0' ],
25 silly audit   '@next/env': [ '15.3.4' ],
25 silly audit   '@next/swc-darwin-arm64': [ '15.3.4' ],
25 silly audit   '@next/swc-darwin-x64': [ '15.3.4' ],
25 silly audit   '@next/swc-linux-arm64-gnu': [ '15.3.4' ],
25 silly audit   '@next/swc-linux-arm64-musl': [ '15.3.4' ],
25 silly audit   '@next/swc-linux-x64-gnu': [ '15.3.4' ],
25 silly audit   '@next/swc-linux-x64-musl': [ '15.3.4' ],
25 silly audit   '@next/swc-win32-arm64-msvc': [ '15.3.4' ],
25 silly audit   '@next/swc-win32-x64-msvc': [ '15.3.4' ],
25 silly audit   '@nodelib/fs.scandir': [ '2.1.5' ],
25 silly audit   '@nodelib/fs.stat': [ '2.0.5' ],
25 silly audit   '@nodelib/fs.walk': [ '1.2.8' ],
25 silly audit   '@rc-component/async-validator': [ '5.0.4' ],
25 silly audit   '@rc-component/color-picker': [ '2.0.1' ],
25 silly audit   '@rc-component/context': [ '1.4.0' ],
25 silly audit   '@rc-component/mini-decimal': [ '1.1.0' ],
25 silly audit   '@rc-component/mutate-observer': [ '1.1.0' ],
25 silly audit   '@rc-component/portal': [ '1.1.2' ],
25 silly audit   '@rc-component/qrcode': [ '1.0.0' ],
25 silly audit   '@rc-component/tour': [ '1.15.1' ],
25 silly audit   '@rc-component/trigger': [ '2.2.6' ],
25 silly audit   '@reduxjs/toolkit': [ '2.8.2' ],
25 silly audit   '@rollup/rollup-android-arm-eabi': [ '4.36.0' ],
25 silly audit   '@rollup/rollup-android-arm64': [ '4.36.0' ],
25 silly audit   '@rollup/rollup-darwin-arm64': [ '4.36.0' ],
25 silly audit   '@rollup/rollup-darwin-x64': [ '4.36.0' ],
25 silly audit   '@rollup/rollup-freebsd-arm64': [ '4.36.0' ],
25 silly audit   '@rollup/rollup-freebsd-x64': [ '4.36.0' ],
25 silly audit   '@rollup/rollup-linux-arm-gnueabihf': [ '4.36.0' ],
25 silly audit   '@rollup/rollup-linux-arm-musleabihf': [ '4.36.0' ],
25 silly audit   '@rollup/rollup-linux-arm64-gnu': [ '4.36.0' ],
25 silly audit   '@rollup/rollup-linux-arm64-musl': [ '4.36.0' ],
25 silly audit   '@rollup/rollup-linux-loongarch64-gnu': [ '4.36.0' ],
25 silly audit   '@rollup/rollup-linux-powerpc64le-gnu': [ '4.36.0' ],
25 silly audit   '@rollup/rollup-linux-riscv64-gnu': [ '4.36.0' ],
25 silly audit   '@rollup/rollup-linux-s390x-gnu': [ '4.36.0' ],
25 silly audit   '@rollup/rollup-linux-x64-gnu': [ '4.36.0' ],
25 silly audit   '@rollup/rollup-linux-x64-musl': [ '4.36.0' ],
25 silly audit   '@rollup/rollup-win32-arm64-msvc': [ '4.36.0' ],
25 silly audit   '@rollup/rollup-win32-ia32-msvc': [ '4.36.0' ],
25 silly audit   '@rollup/rollup-win32-x64-msvc': [ '4.36.0' ],
25 silly audit   '@standard-schema/spec': [ '1.0.0' ],
25 silly audit   '@standard-schema/utils': [ '0.3.0' ],
25 silly audit   '@swc/counter': [ '0.1.3' ],
25 silly audit   '@swc/helpers': [ '0.5.15' ],
25 silly audit   '@tailwindcss/node': [ '4.0.15' ],
25 silly audit   '@tailwindcss/oxide': [ '4.0.15' ],
25 silly audit   '@tailwindcss/oxide-android-arm64': [ '4.0.15' ],
25 silly audit   '@tailwindcss/oxide-darwin-arm64': [ '4.0.15' ],
25 silly audit   '@tailwindcss/oxide-darwin-x64': [ '4.0.15' ],
25 silly audit   '@tailwindcss/oxide-freebsd-x64': [ '4.0.15' ],
25 silly audit   '@tailwindcss/oxide-linux-arm-gnueabihf': [ '4.0.15' ],
25 silly audit   '@tailwindcss/oxide-linux-arm64-gnu': [ '4.0.15' ],
25 silly audit   '@tailwindcss/oxide-linux-arm64-musl': [ '4.0.15' ],
25 silly audit   '@tailwindcss/oxide-linux-x64-gnu': [ '4.0.15' ],
25 silly audit   '@tailwindcss/oxide-linux-x64-musl': [ '4.0.15' ],
25 silly audit   '@tailwindcss/oxide-win32-arm64-msvc': [ '4.0.15' ],
25 silly audit   '@tailwindcss/oxide-win32-x64-msvc': [ '4.0.15' ],
25 silly audit   '@tailwindcss/vite': [ '4.0.15' ],
25 silly audit   '@types/babel__core': [ '7.20.5' ],
25 silly audit   '@types/babel__generator': [ '7.6.8' ],
25 silly audit   '@types/babel__template': [ '7.4.4' ],
25 silly audit   '@types/babel__traverse': [ '7.20.6' ],
25 silly audit   '@types/cookie': [ '0.6.0' ],
25 silly audit   '@types/d3-array': [ '3.2.1' ],
25 silly audit   '@types/d3-color': [ '3.1.3' ],
25 silly audit   '@types/d3-dispatch': [ '3.0.6' ],
25 silly audit   '@types/d3-dsv': [ '3.0.7' ],
25 silly audit   '@types/d3-ease': [ '3.0.2' ],
25 silly audit   '@types/d3-fetch': [ '3.0.7' ],
25 silly audit   '@types/d3-force': [ '3.0.10' ],
25 silly audit   '@types/d3-format': [ '3.0.4' ],
25 silly audit   '@types/d3-geo': [ '3.1.0' ],
25 silly audit   '@types/d3-hierarchy': [ '3.1.7' ],
25 silly audit   '@types/d3-interpolate': [ '3.0.4' ],
25 silly audit   '@types/d3-path': [ '3.1.1', '1.0.11' ],
25 silly audit   '@types/d3-quadtree': [ '3.0.6' ],
25 silly audit   '@types/d3-random': [ '3.0.3' ],
25 silly audit   '@types/d3-scale': [ '4.0.9' ],
25 silly audit   '@types/d3-scale-chromatic': [ '3.1.0' ],
25 silly audit   '@types/d3-shape': [ '3.1.7', '1.3.12' ],
25 silly audit   '@types/d3-time': [ '3.0.4' ],
25 silly audit   '@types/d3-timer': [ '3.0.2' ],
25 silly audit   '@types/eslint': [ '9.6.1' ],
25 silly audit   '@types/eslint-scope': [ '3.7.7' ],
25 silly audit   '@types/estree': [ '1.0.6' ],
25 silly audit   '@types/geojson': [ '7946.0.16' ],
25 silly audit   '@types/json-schema': [ '7.0.15' ],
25 silly audit   '@types/node': [ '22.15.3' ],
25 silly audit   '@types/react': [ '19.0.12' ],
25 silly audit   '@types/react-dom': [ '19.0.4' ],
25 silly audit   '@types/recharts': [ '1.8.29' ],
25 silly audit   '@types/stylis': [ '4.2.5' ],
25 silly audit   '@types/use-sync-external-store': [ '0.0.6' ],
25 silly audit   '@typescript-eslint/eslint-plugin': [ '8.27.0' ],
25 silly audit   '@typescript-eslint/parser': [ '8.27.0' ],
25 silly audit   '@typescript-eslint/scope-manager': [ '8.27.0' ],
25 silly audit   '@typescript-eslint/type-utils': [ '8.27.0' ],
25 silly audit   '@typescript-eslint/types': [ '8.27.0' ],
25 silly audit   '@typescript-eslint/typescript-estree': [ '8.27.0' ],
25 silly audit   'brace-expansion': [ '2.0.1', '1.1.11' ],
25 silly audit   minimatch: [ '9.0.5', '3.1.2' ],
25 silly audit   semver: [ '7.7.1', '6.3.1', '7.7.2' ],
25 silly audit   '@typescript-eslint/utils': [ '8.27.0' ],
25 silly audit   '@typescript-eslint/visitor-keys': [ '8.27.0' ],
25 silly audit   '@vitejs/plugin-react': [ '4.3.4' ],
25 silly audit   '@webassemblyjs/ast': [ '1.14.1' ],
25 silly audit   '@webassemblyjs/floating-point-hex-parser': [ '1.13.2' ],
25 silly audit   '@webassemblyjs/helper-api-error': [ '1.13.2' ],
25 silly audit   '@webassemblyjs/helper-buffer': [ '1.14.1' ],
25 silly audit   '@webassemblyjs/helper-numbers': [ '1.13.2' ],
25 silly audit   '@webassemblyjs/helper-wasm-bytecode': [ '1.13.2' ],
25 silly audit   '@webassemblyjs/helper-wasm-section': [ '1.14.1' ],
25 silly audit   '@webassemblyjs/ieee754': [ '1.13.2' ],
25 silly audit   '@webassemblyjs/leb128': [ '1.13.2' ],
25 silly audit   '@webassemblyjs/utf8': [ '1.13.2' ],
25 silly audit   '@webassemblyjs/wasm-edit': [ '1.14.1' ],
25 silly audit   '@webassemblyjs/wasm-gen': [ '1.14.1' ],
25 silly audit   '@webassemblyjs/wasm-opt': [ '1.14.1' ],
25 silly audit   '@webassemblyjs/wasm-parser': [ '1.14.1' ],
25 silly audit   '@webassemblyjs/wast-printer': [ '1.14.1' ],
25 silly audit   '@xtuc/ieee754': [ '1.2.0' ],
25 silly audit   '@xtuc/long': [ '4.2.2' ],
25 silly audit   acorn: [ '8.14.1' ],
25 silly audit   'acorn-jsx': [ '5.3.2' ],
25 silly audit   ajv: [ '6.12.6', '8.17.1' ],
25 silly audit   'ajv-formats': [ '2.1.1' ],
25 silly audit   'json-schema-traverse': [ '1.0.0', '0.4.1' ],
25 silly audit   'align-text': [ '0.1.4' ],
25 silly audit   amdefine: [ '1.0.1' ],
25 silly audit   'ansi-regex': [ '2.1.1' ],
25 silly audit   'ansi-styles': [ '4.3.0', '2.2.1' ],
25 silly audit   antd: [ '5.24.4' ],
25 silly audit   argparse: [ '2.0.1' ],
25 silly audit   'array-buffer-byte-length': [ '1.0.2' ],
25 silly audit   'arraybuffer.prototype.slice': [ '1.0.4' ],
25 silly audit   'async-function': [ '1.0.0' ],
25 silly audit   'available-typed-arrays': [ '1.0.7' ],
25 silly audit   'balanced-match': [ '1.0.2' ],
25 silly audit   'big.js': [ '5.2.2' ],
25 silly audit   braces: [ '3.0.3' ],
25 silly audit   browserslist: [ '4.24.4' ],
25 silly audit   'bubblesets-js': [ '2.3.4' ],
25 silly audit   'buffer-from': [ '1.1.2' ],
25 silly audit   busboy: [ '1.6.0' ],
25 silly audit   'call-bind': [ '1.0.8' ],
25 silly audit   'call-bind-apply-helpers': [ '1.0.2' ],
25 silly audit   'call-bound': [ '1.0.4' ],
25 silly audit   callsites: [ '3.1.0' ],
25 silly audit   camelcase: [ '1.2.1' ],
25 silly audit   camelize: [ '1.0.1' ],
25 silly audit   'caniuse-lite': [ '1.0.30001707' ],
25 silly audit   'center-align': [ '0.1.3' ],
25 silly audit   chalk: [ '4.1.2', '1.1.3' ],
25 silly audit   'chrome-trace-event': [ '1.0.4' ],
25 silly audit   classnames: [ '2.5.1' ],
25 silly audit   'client-only': [ '0.0.1' ],
25 silly audit   cliui: [ '2.1.0' ],
25 silly audit   clsx: [ '2.1.1' ],
25 silly audit   color: [ '4.2.3' ],
25 silly audit   'color-convert': [ '2.0.1' ],
25 silly audit   'color-name': [ '1.1.4' ],
25 silly audit   'color-string': [ '1.9.1' ],
25 silly audit   comlink: [ '4.4.2' ],
25 silly audit   commander: [ '7.2.0', '2.20.3' ],
25 silly audit   'compute-scroll-into-view': [ '3.1.1' ],
25 silly audit   'concat-map': [ '0.0.1' ],
25 silly audit   contour_plot: [ '0.0.1' ],
25 silly audit   'convert-source-map': [ '2.0.0' ],
25 silly audit   cookie: [ '1.0.2' ],
25 silly audit   'copy-to-clipboard': [ '3.3.3' ],
25 silly audit   'cross-spawn': [ '7.0.6' ],
25 silly audit   'css-color-keywords': [ '1.0.0' ],
25 silly audit   'css-to-react-native': [ '3.2.0' ],
25 silly audit   csstype: [ '3.1.3' ],
25 silly audit   'd3-array': [ '3.2.4' ],
25 silly audit   'd3-binarytree': [ '1.0.2' ],
25 silly audit   'd3-color': [ '3.1.0' ],
25 silly audit   'd3-dispatch': [ '3.0.1' ],
25 silly audit   'd3-dsv': [ '3.0.1' ],
25 silly audit   'd3-ease': [ '3.0.1' ],
25 silly audit   'd3-fetch': [ '3.0.1' ],
25 silly audit   'd3-force': [ '3.0.0' ],
25 silly audit   'd3-force-3d': [ '3.0.6' ],
25 silly audit   'd3-format': [ '3.1.0' ],
25 silly audit   'd3-geo': [ '3.1.1' ],
25 silly audit   'd3-geo-projection': [ '4.0.0' ],
25 silly audit   'd3-hierarchy': [ '3.1.2' ],
25 silly audit   'd3-interpolate': [ '3.0.1' ],
25 silly audit   'd3-octree': [ '1.1.0' ],
25 silly audit   'd3-path': [ '3.1.0' ],
25 silly audit   'd3-quadtree': [ '3.0.1' ],
25 silly audit   'd3-random': [ '3.0.1' ],
25 silly audit   'd3-regression': [ '1.3.10' ],
25 silly audit   'd3-scale': [ '4.0.2' ],
25 silly audit   'd3-scale-chromatic': [ '3.1.0' ],
25 silly audit   'd3-shape': [ '3.2.0' ],
25 silly audit   'd3-time': [ '3.1.0' ],
25 silly audit   'd3-time-format': [ '4.1.0' ],
25 silly audit   'd3-timer': [ '3.0.1' ],
25 silly audit   dagre: [ '0.8.5' ],
25 silly audit   'data-view-buffer': [ '1.0.2' ],
25 silly audit   'data-view-byte-length': [ '1.0.2' ],
25 silly audit   'data-view-byte-offset': [ '1.0.1' ],
25 silly audit   dayjs: [ '1.11.13' ],
25 silly audit   debug: [ '4.4.0' ],
25 silly audit   decamelize: [ '1.2.0' ],
25 silly audit   'decimal.js-light': [ '2.5.1' ],
25 silly audit   'deep-equal': [ '1.1.2' ],
25 silly audit   'deep-is': [ '0.1.4' ],
25 silly audit   'define-data-property': [ '1.1.4' ],
25 silly audit   'define-properties': [ '1.2.1' ],
25 silly audit   defined: [ '1.0.1' ],
25 silly audit   'detect-libc': [ '2.0.4' ],
25 silly audit   dotignore: [ '0.1.2' ],
25 silly audit   'dunder-proto': [ '1.0.1' ],
25 silly audit   'electron-to-chromium': [ '1.5.123' ],
25 silly audit   'emojis-list': [ '3.0.0' ],
25 silly audit   'enhanced-resolve': [ '5.18.1' ],
25 silly audit   'es-abstract': [ '1.23.9' ],
25 silly audit   'is-regex': [ '1.2.1', '1.1.4' ],
25 silly audit   'object-inspect': [ '1.13.4', '1.12.3' ],
25 silly audit   'es-define-property': [ '1.0.1' ],
25 silly audit   'es-errors': [ '1.3.0' ],
25 silly audit   'es-module-lexer': [ '1.7.0' ],
25 silly audit   'es-object-atoms': [ '1.1.1' ],
25 silly audit   'es-set-tostringtag': [ '2.1.0' ],
25 silly audit   'es-to-primitive': [ '1.3.0' ],
25 silly audit   'es-toolkit': [ '1.39.6' ],
25 silly audit   esbuild: [ '0.25.1' ],
25 silly audit   escalade: [ '3.2.0' ],
25 silly audit   'escape-string-regexp': [ '4.0.0', '1.0.5' ],
25 silly audit   eslint: [ '9.23.0' ],
25 silly audit   'eslint-plugin-react-hooks': [ '5.2.0' ],
25 silly audit   'eslint-plugin-react-refresh': [ '0.4.19' ],
25 silly audit   'eslint-scope': [ '8.3.0', '5.1.1' ],
25 silly audit   espree: [ '10.3.0' ],
25 silly audit   esquery: [ '1.6.0' ],
25 silly audit   esrecurse: [ '4.3.0' ],
25 silly audit   estraverse: [ '5.3.0', '4.3.0' ],
25 silly audit   esutils: [ '2.0.3' ],
25 silly audit   eventemitter3: [ '5.0.1' ],
25 silly audit   events: [ '3.3.0' ],
25 silly audit   'fast-deep-equal': [ '3.1.3' ],
25 silly audit   'fast-glob': [ '3.3.3' ],
25 silly audit   'glob-parent': [ '5.1.2', '6.0.2' ],
25 silly audit   'fast-json-stable-stringify': [ '2.1.0' ],
25 silly audit   'fast-levenshtein': [ '2.0.6' ],
25 silly audit   'fast-uri': [ '3.0.6' ],
25 silly audit   fastq: [ '1.19.1' ],
25 silly audit   fecha: [ '4.2.3' ],
25 silly audit   'file-entry-cache': [ '8.0.0' ],
25 silly audit   'fill-range': [ '7.1.1' ],
25 silly audit   'find-up': [ '5.0.0' ],
25 silly audit   'flat-cache': [ '4.0.1' ],
25 silly audit   flatted: [ '3.3.3' ],
25 silly audit   flru: [ '1.0.2' ],
25 silly audit   fmin: [ '0.0.2' ],
25 silly audit   rollup: [ '0.25.8', '4.36.0' ],
25 silly audit   'source-map': [ '0.1.32', '0.5.7', '0.6.1' ],
25 silly audit   'source-map-support': [ '0.3.3', '0.5.21' ],
25 silly audit   'supports-color': [ '2.0.0', '8.1.1', '7.2.0' ],
25 silly audit   'for-each': [ '0.3.5' ],
25 silly audit   'fs.realpath': [ '1.0.0' ],
25 silly audit   fsevents: [ '2.3.3' ],
25 silly audit   'function-bind': [ '1.1.2' ],
25 silly audit   'function.prototype.name': [ '1.1.8' ],
25 silly audit   'functions-have-names': [ '1.2.3' ],
25 silly audit   gensync: [ '1.0.0-beta.2' ],
25 silly audit   'get-intrinsic': [ '1.3.0' ],
25 silly audit   'get-proto': [ '1.0.1' ],
25 silly audit   'get-symbol-description': [ '1.1.0' ],
25 silly audit   'gl-matrix': [ '3.4.3' ],
25 silly audit   glob: [ '7.2.3' ],
25 silly audit   'glob-to-regexp': [ '0.4.1' ],
25 silly audit   globalthis: [ '1.0.4' ],
25 silly audit   gopd: [ '1.2.0' ],
25 silly audit   'graceful-fs': [ '4.2.11' ],
25 silly audit   graphemer: [ '1.4.0' ],
25 silly audit   graphlib: [ '2.1.8' ],
25 silly audit   has: [ '1.0.4' ],
25 silly audit   'has-ansi': [ '2.0.0' ],
25 silly audit   'has-bigints': [ '1.1.0' ],
25 silly audit   'has-flag': [ '4.0.0' ],
25 silly audit   'has-property-descriptors': [ '1.0.2' ],
25 silly audit   'has-proto': [ '1.2.0' ],
25 silly audit   'has-symbols': [ '1.1.0' ],
25 silly audit   'has-tostringtag': [ '1.0.2' ],
25 silly audit   hasown: [ '2.0.2' ],
25 silly audit   'iconv-lite': [ '0.6.3' ],
25 silly audit   ignore: [ '5.3.2' ],
25 silly audit   immer: [ '10.1.1' ],
25 silly audit   'import-fresh': [ '3.3.1' ],
25 silly audit   imurmurhash: [ '0.1.4' ],
25 silly audit   inflight: [ '1.0.6' ],
25 silly audit   inherits: [ '2.0.4' ],
25 silly audit   'internal-slot': [ '1.1.0' ],
25 silly audit   internmap: [ '2.0.3' ],
25 silly audit   'is-any-array': [ '2.0.1' ],
25 silly audit   'is-arguments': [ '1.2.0' ],
25 silly audit   'is-array-buffer': [ '3.0.5' ],
25 silly audit   'is-arrayish': [ '0.3.2' ],
25 silly audit   'is-async-function': [ '2.1.1' ],
25 silly audit   'is-bigint': [ '1.1.0' ],
25 silly audit   'is-boolean-object': [ '1.2.2' ],
25 silly audit   'is-buffer': [ '1.1.6' ],
25 silly audit   'is-callable': [ '1.2.7' ],
25 silly audit   'is-core-module': [ '2.16.1' ],
25 silly audit   'is-data-view': [ '1.0.2' ],
25 silly audit   'is-date-object': [ '1.1.0' ],
25 silly audit   'is-extglob': [ '2.1.1' ],
25 silly audit   'is-finalizationregistry': [ '1.1.1' ],
25 silly audit   'is-generator-function': [ '1.1.0' ],
25 silly audit   'is-glob': [ '4.0.3' ],
25 silly audit   'is-map': [ '2.0.3' ],
25 silly audit   'is-number': [ '7.0.0' ],
25 silly audit   'is-number-object': [ '1.1.1' ],
25 silly audit   'is-set': [ '2.0.3' ],
25 silly audit   'is-shared-array-buffer': [ '1.0.4' ],
25 silly audit   'is-string': [ '1.1.1' ],
25 silly audit   'is-symbol': [ '1.1.1' ],
25 silly audit   'is-typed-array': [ '1.1.15' ],
25 silly audit   'is-weakmap': [ '2.0.2' ],
25 silly audit   'is-weakref': [ '1.1.1' ],
25 silly audit   'is-weakset': [ '2.0.4' ],
25 silly audit   isarray: [ '2.0.5' ],
25 silly audit   isexe: [ '2.0.0' ],
25 silly audit   'jest-worker': [ '27.5.1' ],
25 silly audit   jiti: [ '2.4.2' ],
25 silly audit   'js-tokens': [ '4.0.0' ],
25 silly audit   'js-yaml': [ '4.1.0' ],
25 silly audit   jsesc: [ '3.1.0' ],
25 silly audit   'json-buffer': [ '3.0.1' ],
25 silly audit   'json-parse-even-better-errors': [ '2.3.1' ],
25 silly audit   'json-stable-stringify-without-jsonify': [ '1.0.1' ],
25 silly audit   json2module: [ '0.0.3' ],
25 silly audit   json2mq: [ '0.2.0' ],
25 silly audit   json5: [ '2.2.3' ],
25 silly audit   keyv: [ '4.5.4' ],
25 silly audit   'kind-of': [ '3.2.2' ],
25 silly audit   'lazy-cache': [ '1.0.4' ],
25 silly audit   levn: [ '0.4.1' ],
25 silly audit   lightningcss: [ '1.29.2' ],
25 silly audit   'lightningcss-darwin-arm64': [ '1.29.2' ],
25 silly audit   'lightningcss-darwin-x64': [ '1.29.2' ],
25 silly audit   'lightningcss-freebsd-x64': [ '1.29.2' ],
25 silly audit   'lightningcss-linux-arm-gnueabihf': [ '1.29.2' ],
25 silly audit   'lightningcss-linux-arm64-gnu': [ '1.29.2' ],
25 silly audit   'lightningcss-linux-arm64-musl': [ '1.29.2' ],
25 silly audit   'lightningcss-linux-x64-gnu': [ '1.29.2' ],
25 silly audit   'lightningcss-linux-x64-musl': [ '1.29.2' ],
25 silly audit   'lightningcss-win32-arm64-msvc': [ '1.29.2' ],
25 silly audit   'lightningcss-win32-x64-msvc': [ '1.29.2' ],
25 silly audit   'loader-runner': [ '4.3.0' ],
25 silly audit   'loader-utils': [ '2.0.4' ],
25 silly audit   'locate-path': [ '6.0.0' ],
25 silly audit   lodash: [ '4.17.21' ],
25 silly audit   'lodash.merge': [ '4.6.2' ],
25 silly audit   longest: [ '1.0.1' ],
25 silly audit   'loose-envify': [ '1.4.0' ],
25 silly audit   'lru-cache': [ '5.1.1' ],
25 silly audit   'math-intrinsics': [ '1.1.0' ],
25 silly audit   'merge-stream': [ '2.0.0' ],
25 silly audit   merge2: [ '1.4.1' ],
25 silly audit   micromatch: [ '4.0.8' ],
25 silly audit   'mime-db': [ '1.52.0' ],
25 silly audit   'mime-types': [ '2.1.35' ],
25 silly audit   minimist: [ '1.2.8' ],
25 silly audit   'ml-array-max': [ '1.2.4' ],
25 silly audit   'ml-array-min': [ '1.2.3' ],
25 silly audit   'ml-array-rescale': [ '1.3.7' ],
25 silly audit   'ml-matrix': [ '6.12.1' ],
25 silly audit   'mock-property': [ '1.0.3' ],
25 silly audit   ms: [ '2.1.3' ],
25 silly audit   nanoid: [ '3.3.11' ],
25 silly audit   'natural-compare': [ '1.4.0' ],
25 silly audit   'neo-async': [ '2.6.2' ],
25 silly audit   next: [ '15.3.4' ],
25 silly audit   postcss: [ '8.4.31', '8.5.3', '8.4.49' ],
25 silly audit   'node-releases': [ '2.0.19' ],
25 silly audit   'object-is': [ '1.1.6' ],
25 silly audit   'object-keys': [ '1.1.1' ],
25 silly audit   'object.assign': [ '4.1.7' ],
25 silly audit   once: [ '1.4.0' ],
25 silly audit   optionator: [ '0.9.4' ],
25 silly audit   'own-keys': [ '1.0.1' ],
25 silly audit   'p-limit': [ '3.1.0' ],
25 silly audit   'p-locate': [ '5.0.0' ],
25 silly audit   'parent-module': [ '1.0.1' ],
25 silly audit   'path-exists': [ '4.0.0' ],
25 silly audit   'path-is-absolute': [ '1.0.1' ],
25 silly audit   'path-key': [ '3.1.1' ],
25 silly audit   'path-parse': [ '1.0.7' ],
25 silly audit   pdfast: [ '0.2.0' ],
25 silly audit   picocolors: [ '1.1.1' ],
25 silly audit   picomatch: [ '2.3.1' ],
25 silly audit   'possible-typed-array-names': [ '1.1.0' ],
25 silly audit   'postcss-value-parser': [ '4.2.0' ],
25 silly audit   'prelude-ls': [ '1.2.1' ],
25 silly audit   process: [ '0.11.10' ],
25 silly audit   punycode: [ '2.3.1' ],
25 silly audit   'queue-microtask': [ '1.2.3' ],
25 silly audit   quickselect: [ '2.0.0' ],
25 silly audit   randombytes: [ '2.1.0' ],
25 silly audit   rbush: [ '3.0.1' ],
25 silly audit   'rc-cascader': [ '3.33.1' ],
25 silly audit   'rc-checkbox': [ '3.5.0' ],
25 silly audit   'rc-collapse': [ '3.9.0' ],
25 silly audit   'rc-dialog': [ '9.6.0' ],
25 silly audit   'rc-drawer': [ '7.2.0' ],
25 silly audit   'rc-dropdown': [ '4.2.1' ],
25 silly audit   'rc-field-form': [ '2.7.0' ],
25 silly audit   'rc-image': [ '7.11.1' ],
25 silly audit   'rc-input': [ '1.7.3' ],
25 silly audit   'rc-input-number': [ '9.4.0' ],
25 silly audit   'rc-mentions': [ '2.19.1' ],
25 silly audit   'rc-menu': [ '9.16.1' ],
25 silly audit   'rc-motion': [ '2.9.5' ],
25 silly audit   'rc-notification': [ '5.6.3' ],
25 silly audit   'rc-overflow': [ '1.4.1' ],
25 silly audit   'rc-pagination': [ '5.1.0' ],
25 silly audit   'rc-picker': [ '4.11.3' ],
25 silly audit   'rc-progress': [ '4.0.0' ],
25 silly audit   'rc-rate': [ '2.13.1' ],
25 silly audit   'rc-resize-observer': [ '1.4.3' ],
25 silly audit   'rc-segmented': [ '2.7.0' ],
25 silly audit   'rc-select': [ '14.16.6' ],
25 silly audit   'rc-slider': [ '11.1.8' ],
25 silly audit   'rc-steps': [ '6.0.1' ],
25 silly audit   'rc-switch': [ '4.1.0' ],
25 silly audit   'rc-table': [ '7.50.4' ],
25 silly audit   'rc-tabs': [ '15.5.1' ],
25 silly audit   'rc-textarea': [ '1.9.0' ],
25 silly audit   'rc-tooltip': [ '6.4.0' ],
25 silly audit   'rc-tree': [ '5.13.1' ],
25 silly audit   'rc-tree-select': [ '5.27.0' ],
25 silly audit   'rc-upload': [ '4.8.1' ],
25 silly audit   'rc-util': [ '5.44.4' ],
25 silly audit   'rc-virtual-list': [ '3.18.5' ],
25 silly audit   'react-icons': [ '5.5.0' ],
25 silly audit   'react-is': [ '18.3.1' ],
25 silly audit   'react-redux': [ '9.2.0' ],
25 silly audit   'react-refresh': [ '0.14.2' ],
25 silly audit   'react-router': [ '7.4.0' ],
25 silly audit   'react-router-dom': [ '7.4.0' ],
25 silly audit   recharts: [ '3.0.2' ],
25 silly audit   redux: [ '5.0.1' ],
25 silly audit   'redux-thunk': [ '3.1.0' ],
25 silly audit   'reflect.getprototypeof': [ '1.0.10' ],
25 silly audit   'regenerator-runtime': [ '0.14.1' ],
25 silly audit   'regexp.prototype.flags': [ '1.5.4' ],
25 silly audit   'repeat-string': [ '1.6.1' ],
25 silly audit   'require-from-string': [ '2.0.2' ],
25 silly audit   reselect: [ '5.1.1' ],
25 silly audit   'resize-observer-polyfill': [ '1.5.1' ],
25 silly audit   resolve: [ '1.22.10' ],
25 silly audit   'resolve-from': [ '4.0.0' ],
25 silly audit   reusify: [ '1.1.0' ],
25 silly audit   'right-align': [ '0.1.3' ],
25 silly audit   'run-parallel': [ '1.2.0' ],
25 silly audit   rw: [ '1.3.3' ],
25 silly audit   'safe-array-concat': [ '1.1.3' ],
25 silly audit   'safe-buffer': [ '5.2.1' ],
25 silly audit   'safe-push-apply': [ '1.0.0' ],
25 silly audit   'safe-regex-test': [ '1.1.0' ],
25 silly audit   'safer-buffer': [ '2.1.2' ],
25 silly audit   'schema-utils': [ '4.3.2' ],
25 silly audit   'ajv-keywords': [ '5.1.0' ],
25 silly audit   'scroll-into-view-if-needed': [ '3.1.0' ],
25 silly audit   'serialize-javascript': [ '6.0.2' ],
25 silly audit   'set-cookie-parser': [ '2.7.1' ],
25 silly audit   'set-function-length': [ '1.2.2' ],
25 silly audit   'set-function-name': [ '2.0.2' ],
25 silly audit   'set-proto': [ '1.0.0' ],
25 silly audit   shallowequal: [ '1.1.0' ],
25 silly audit   sharp: [ '0.34.2' ],
25 silly audit   'shebang-command': [ '2.0.0' ],
25 silly audit   'shebang-regex': [ '3.0.0' ],
25 silly audit   'side-channel': [ '1.1.0' ],
25 silly audit   'side-channel-list': [ '1.0.0' ],
25 silly audit   'side-channel-map': [ '1.0.1' ],
25 silly audit   'side-channel-weakmap': [ '1.0.2' ],
25 silly audit   'simple-swizzle': [ '0.2.2' ],
25 silly audit   sonner: [ '2.0.1' ],
25 silly audit   'source-map-js': [ '1.2.1' ],
25 silly audit   streamsearch: [ '1.1.0' ],
25 silly audit   'string-convert': [ '0.2.1' ],
25 silly audit   'string.prototype.trim': [ '1.2.10' ],
25 silly audit   'string.prototype.trimend': [ '1.0.9' ],
25 silly audit   'string.prototype.trimstart': [ '1.0.8' ],
25 silly audit   'strip-ansi': [ '3.0.1' ],
25 silly audit   'strip-json-comments': [ '3.1.1' ],
25 silly audit   'styled-components': [ '6.1.17' ],
25 silly audit   stylis: [ '4.3.2', '4.3.6' ],
25 silly audit   tslib: [ '2.6.2', '2.8.1' ],
25 silly audit   'styled-jsx': [ '5.1.6' ],
25 silly audit   'supports-preserve-symlinks-flag': [ '1.0.0' ],
25 silly audit   'svg-path-parser': [ '1.1.0' ],
25 silly audit   tailwindcss: [ '4.0.15' ],
25 silly audit   tapable: [ '2.2.1' ],
25 silly audit   tape: [ '4.17.0' ],
25 silly audit   terser: [ '5.39.0' ],
25 silly audit   'terser-webpack-plugin': [ '5.3.14' ],
25 silly audit   'throttle-debounce': [ '5.0.2' ],
25 silly audit   'tiny-invariant': [ '1.3.3' ],
25 silly audit   'to-regex-range': [ '5.0.1' ],
25 silly audit   'toggle-selection': [ '1.0.6' ],
25 silly audit   'ts-api-utils': [ '2.1.0' ],
25 silly audit   'turbo-stream': [ '2.4.0' ],
25 silly audit   'type-check': [ '0.4.0' ],
25 silly audit   'typed-array-buffer': [ '1.0.3' ],
25 silly audit   'typed-array-byte-length': [ '1.0.3' ],
25 silly audit   'typed-array-byte-offset': [ '1.0.4' ],
25 silly audit   'typed-array-length': [ '1.0.7' ],
25 silly audit   typescript: [ '5.7.3' ],
25 silly audit   'typescript-eslint': [ '8.27.0' ],
25 silly audit   'uglify-js': [ '2.8.29' ],
25 silly audit   'uglify-to-browserify': [ '1.0.2' ],
25 silly audit   'unbox-primitive': [ '1.1.0' ],
25 silly audit   'undici-types': [ '6.21.0' ],
25 silly audit   'update-browserslist-db': [ '1.1.3' ],
25 silly audit   'uri-js': [ '4.4.1' ],
25 silly audit   'use-sync-external-store': [ '1.5.0' ],
25 silly audit   'victory-vendor': [ '37.3.6' ],
25 silly audit   vite: [ '6.2.2' ],
25 silly audit   watchpack: [ '2.4.2' ],
25 silly audit   webpack: [ '5.99.7' ],
25 silly audit   'webpack-sources': [ '3.2.3' ],
25 silly audit   which: [ '2.0.2' ],
25 silly audit   'which-boxed-primitive': [ '1.1.1' ],
25 silly audit   'which-builtin-type': [ '1.2.1' ],
25 silly audit   'which-collection': [ '1.0.2' ],
25 silly audit   'which-typed-array': [ '1.1.19' ],
25 silly audit   'window-size': [ '0.1.0' ],
25 silly audit   'word-wrap': [ '1.2.5' ],
25 silly audit   wordwrap: [ '0.0.2' ],
25 silly audit   'workerize-loader': [ '2.0.2' ],
25 silly audit   wrappy: [ '1.0.2' ],
25 silly audit   yallist: [ '3.1.1' ],
25 silly audit   yargs: [ '3.10.0' ],
25 silly audit   'yocto-queue': [ '0.1.0' ],
25 silly audit   zod: [ '1.11.17' ],
25 silly audit   'react-hook-form': [ '7.59.0' ]
25 silly audit }
26 verbose reify failed optional dependency C:\Users\game0\Desktop\Devine Project\dashboard-boilerPlate\node_modules\lightningcss-win32-arm64-msvc
27 silly reify mark deleted [
27 silly reify   'C:\\Users\\game0\\Desktop\\Devine Project\\dashboard-boilerPlate\\node_modules\\lightningcss-win32-arm64-msvc'
27 silly reify ]
28 verbose reify failed optional dependency C:\Users\game0\Desktop\Devine Project\dashboard-boilerPlate\node_modules\lightningcss-linux-x64-musl
29 silly reify mark deleted [
29 silly reify   'C:\\Users\\game0\\Desktop\\Devine Project\\dashboard-boilerPlate\\node_modules\\lightningcss-linux-x64-musl'
29 silly reify ]
30 verbose reify failed optional dependency C:\Users\game0\Desktop\Devine Project\dashboard-boilerPlate\node_modules\lightningcss-linux-x64-gnu
31 silly reify mark deleted [
31 silly reify   'C:\\Users\\game0\\Desktop\\Devine Project\\dashboard-boilerPlate\\node_modules\\lightningcss-linux-x64-gnu'
31 silly reify ]
32 verbose reify failed optional dependency C:\Users\game0\Desktop\Devine Project\dashboard-boilerPlate\node_modules\lightningcss-linux-arm64-musl
33 silly reify mark deleted [
33 silly reify   'C:\\Users\\game0\\Desktop\\Devine Project\\dashboard-boilerPlate\\node_modules\\lightningcss-linux-arm64-musl'
33 silly reify ]
34 verbose reify failed optional dependency C:\Users\game0\Desktop\Devine Project\dashboard-boilerPlate\node_modules\lightningcss-linux-arm64-gnu
35 silly reify mark deleted [
35 silly reify   'C:\\Users\\game0\\Desktop\\Devine Project\\dashboard-boilerPlate\\node_modules\\lightningcss-linux-arm64-gnu'
35 silly reify ]
36 verbose reify failed optional dependency C:\Users\game0\Desktop\Devine Project\dashboard-boilerPlate\node_modules\lightningcss-linux-arm-gnueabihf
37 silly reify mark deleted [
37 silly reify   'C:\\Users\\game0\\Desktop\\Devine Project\\dashboard-boilerPlate\\node_modules\\lightningcss-linux-arm-gnueabihf'
37 silly reify ]
38 verbose reify failed optional dependency C:\Users\game0\Desktop\Devine Project\dashboard-boilerPlate\node_modules\lightningcss-freebsd-x64
39 silly reify mark deleted [
39 silly reify   'C:\\Users\\game0\\Desktop\\Devine Project\\dashboard-boilerPlate\\node_modules\\lightningcss-freebsd-x64'
39 silly reify ]
40 verbose reify failed optional dependency C:\Users\game0\Desktop\Devine Project\dashboard-boilerPlate\node_modules\lightningcss-darwin-x64
41 silly reify mark deleted [
41 silly reify   'C:\\Users\\game0\\Desktop\\Devine Project\\dashboard-boilerPlate\\node_modules\\lightningcss-darwin-x64'
41 silly reify ]
42 verbose reify failed optional dependency C:\Users\game0\Desktop\Devine Project\dashboard-boilerPlate\node_modules\lightningcss-darwin-arm64
43 silly reify mark deleted [
43 silly reify   'C:\\Users\\game0\\Desktop\\Devine Project\\dashboard-boilerPlate\\node_modules\\lightningcss-darwin-arm64'
43 silly reify ]
44 verbose reify failed optional dependency C:\Users\game0\Desktop\Devine Project\dashboard-boilerPlate\node_modules\fsevents
45 silly reify mark deleted [
45 silly reify   'C:\\Users\\game0\\Desktop\\Devine Project\\dashboard-boilerPlate\\node_modules\\fsevents'
45 silly reify ]
46 verbose reify failed optional dependency C:\Users\game0\Desktop\Devine Project\dashboard-boilerPlate\node_modules\@tailwindcss\oxide-win32-arm64-msvc
47 silly reify mark deleted [
47 silly reify   'C:\\Users\\game0\\Desktop\\Devine Project\\dashboard-boilerPlate\\node_modules\\@tailwindcss\\oxide-win32-arm64-msvc'
47 silly reify ]
48 verbose reify failed optional dependency C:\Users\game0\Desktop\Devine Project\dashboard-boilerPlate\node_modules\@tailwindcss\oxide-linux-x64-musl
49 silly reify mark deleted [
49 silly reify   'C:\\Users\\game0\\Desktop\\Devine Project\\dashboard-boilerPlate\\node_modules\\@tailwindcss\\oxide-linux-x64-musl'
49 silly reify ]
50 verbose reify failed optional dependency C:\Users\game0\Desktop\Devine Project\dashboard-boilerPlate\node_modules\@tailwindcss\oxide-linux-x64-gnu
51 silly reify mark deleted [
51 silly reify   'C:\\Users\\game0\\Desktop\\Devine Project\\dashboard-boilerPlate\\node_modules\\@tailwindcss\\oxide-linux-x64-gnu'
51 silly reify ]
52 verbose reify failed optional dependency C:\Users\game0\Desktop\Devine Project\dashboard-boilerPlate\node_modules\@tailwindcss\oxide-linux-arm64-musl
53 silly reify mark deleted [
53 silly reify   'C:\\Users\\game0\\Desktop\\Devine Project\\dashboard-boilerPlate\\node_modules\\@tailwindcss\\oxide-linux-arm64-musl'
53 silly reify ]
54 verbose reify failed optional dependency C:\Users\game0\Desktop\Devine Project\dashboard-boilerPlate\node_modules\@tailwindcss\oxide-linux-arm64-gnu
55 silly reify mark deleted [
55 silly reify   'C:\\Users\\game0\\Desktop\\Devine Project\\dashboard-boilerPlate\\node_modules\\@tailwindcss\\oxide-linux-arm64-gnu'
55 silly reify ]
56 verbose reify failed optional dependency C:\Users\game0\Desktop\Devine Project\dashboard-boilerPlate\node_modules\@tailwindcss\oxide-linux-arm-gnueabihf
57 silly reify mark deleted [
57 silly reify   'C:\\Users\\game0\\Desktop\\Devine Project\\dashboard-boilerPlate\\node_modules\\@tailwindcss\\oxide-linux-arm-gnueabihf'
57 silly reify ]
58 verbose reify failed optional dependency C:\Users\game0\Desktop\Devine Project\dashboard-boilerPlate\node_modules\@tailwindcss\oxide-freebsd-x64
59 silly reify mark deleted [
59 silly reify   'C:\\Users\\game0\\Desktop\\Devine Project\\dashboard-boilerPlate\\node_modules\\@tailwindcss\\oxide-freebsd-x64'
59 silly reify ]
60 verbose reify failed optional dependency C:\Users\game0\Desktop\Devine Project\dashboard-boilerPlate\node_modules\@tailwindcss\oxide-darwin-x64
61 silly reify mark deleted [
61 silly reify   'C:\\Users\\game0\\Desktop\\Devine Project\\dashboard-boilerPlate\\node_modules\\@tailwindcss\\oxide-darwin-x64'
61 silly reify ]
62 verbose reify failed optional dependency C:\Users\game0\Desktop\Devine Project\dashboard-boilerPlate\node_modules\@tailwindcss\oxide-darwin-arm64
63 silly reify mark deleted [
63 silly reify   'C:\\Users\\game0\\Desktop\\Devine Project\\dashboard-boilerPlate\\node_modules\\@tailwindcss\\oxide-darwin-arm64'
63 silly reify ]
64 verbose reify failed optional dependency C:\Users\game0\Desktop\Devine Project\dashboard-boilerPlate\node_modules\@tailwindcss\oxide-android-arm64
65 silly reify mark deleted [
65 silly reify   'C:\\Users\\game0\\Desktop\\Devine Project\\dashboard-boilerPlate\\node_modules\\@tailwindcss\\oxide-android-arm64'
65 silly reify ]
66 verbose reify failed optional dependency C:\Users\game0\Desktop\Devine Project\dashboard-boilerPlate\node_modules\@rollup\rollup-win32-ia32-msvc
67 silly reify mark deleted [
67 silly reify   'C:\\Users\\game0\\Desktop\\Devine Project\\dashboard-boilerPlate\\node_modules\\@rollup\\rollup-win32-ia32-msvc'
67 silly reify ]
68 verbose reify failed optional dependency C:\Users\game0\Desktop\Devine Project\dashboard-boilerPlate\node_modules\@rollup\rollup-win32-arm64-msvc
69 silly reify mark deleted [
69 silly reify   'C:\\Users\\game0\\Desktop\\Devine Project\\dashboard-boilerPlate\\node_modules\\@rollup\\rollup-win32-arm64-msvc'
69 silly reify ]
70 verbose reify failed optional dependency C:\Users\game0\Desktop\Devine Project\dashboard-boilerPlate\node_modules\@rollup\rollup-linux-x64-musl
71 silly reify mark deleted [
71 silly reify   'C:\\Users\\game0\\Desktop\\Devine Project\\dashboard-boilerPlate\\node_modules\\@rollup\\rollup-linux-x64-musl'
71 silly reify ]
72 verbose reify failed optional dependency C:\Users\game0\Desktop\Devine Project\dashboard-boilerPlate\node_modules\@rollup\rollup-linux-x64-gnu
73 silly reify mark deleted [
73 silly reify   'C:\\Users\\game0\\Desktop\\Devine Project\\dashboard-boilerPlate\\node_modules\\@rollup\\rollup-linux-x64-gnu'
73 silly reify ]
74 verbose reify failed optional dependency C:\Users\game0\Desktop\Devine Project\dashboard-boilerPlate\node_modules\@rollup\rollup-linux-s390x-gnu
75 silly reify mark deleted [
75 silly reify   'C:\\Users\\game0\\Desktop\\Devine Project\\dashboard-boilerPlate\\node_modules\\@rollup\\rollup-linux-s390x-gnu'
75 silly reify ]
76 verbose reify failed optional dependency C:\Users\game0\Desktop\Devine Project\dashboard-boilerPlate\node_modules\@rollup\rollup-linux-riscv64-gnu
77 silly reify mark deleted [
77 silly reify   'C:\\Users\\game0\\Desktop\\Devine Project\\dashboard-boilerPlate\\node_modules\\@rollup\\rollup-linux-riscv64-gnu'
77 silly reify ]
78 verbose reify failed optional dependency C:\Users\game0\Desktop\Devine Project\dashboard-boilerPlate\node_modules\@rollup\rollup-linux-powerpc64le-gnu
79 silly reify mark deleted [
79 silly reify   'C:\\Users\\game0\\Desktop\\Devine Project\\dashboard-boilerPlate\\node_modules\\@rollup\\rollup-linux-powerpc64le-gnu'
79 silly reify ]
80 verbose reify failed optional dependency C:\Users\game0\Desktop\Devine Project\dashboard-boilerPlate\node_modules\@rollup\rollup-linux-loongarch64-gnu
81 silly reify mark deleted [
81 silly reify   'C:\\Users\\game0\\Desktop\\Devine Project\\dashboard-boilerPlate\\node_modules\\@rollup\\rollup-linux-loongarch64-gnu'
81 silly reify ]
82 verbose reify failed optional dependency C:\Users\game0\Desktop\Devine Project\dashboard-boilerPlate\node_modules\@rollup\rollup-linux-arm64-musl
83 silly reify mark deleted [
83 silly reify   'C:\\Users\\game0\\Desktop\\Devine Project\\dashboard-boilerPlate\\node_modules\\@rollup\\rollup-linux-arm64-musl'
83 silly reify ]
84 verbose reify failed optional dependency C:\Users\game0\Desktop\Devine Project\dashboard-boilerPlate\node_modules\@rollup\rollup-linux-arm64-gnu
85 silly reify mark deleted [
85 silly reify   'C:\\Users\\game0\\Desktop\\Devine Project\\dashboard-boilerPlate\\node_modules\\@rollup\\rollup-linux-arm64-gnu'
85 silly reify ]
86 verbose reify failed optional dependency C:\Users\game0\Desktop\Devine Project\dashboard-boilerPlate\node_modules\@rollup\rollup-linux-arm-musleabihf
87 silly reify mark deleted [
87 silly reify   'C:\\Users\\game0\\Desktop\\Devine Project\\dashboard-boilerPlate\\node_modules\\@rollup\\rollup-linux-arm-musleabihf'
87 silly reify ]
88 verbose reify failed optional dependency C:\Users\game0\Desktop\Devine Project\dashboard-boilerPlate\node_modules\@rollup\rollup-linux-arm-gnueabihf
89 silly reify mark deleted [
89 silly reify   'C:\\Users\\game0\\Desktop\\Devine Project\\dashboard-boilerPlate\\node_modules\\@rollup\\rollup-linux-arm-gnueabihf'
89 silly reify ]
90 verbose reify failed optional dependency C:\Users\game0\Desktop\Devine Project\dashboard-boilerPlate\node_modules\@rollup\rollup-freebsd-x64
91 silly reify mark deleted [
91 silly reify   'C:\\Users\\game0\\Desktop\\Devine Project\\dashboard-boilerPlate\\node_modules\\@rollup\\rollup-freebsd-x64'
91 silly reify ]
92 verbose reify failed optional dependency C:\Users\game0\Desktop\Devine Project\dashboard-boilerPlate\node_modules\@rollup\rollup-freebsd-arm64
93 silly reify mark deleted [
93 silly reify   'C:\\Users\\game0\\Desktop\\Devine Project\\dashboard-boilerPlate\\node_modules\\@rollup\\rollup-freebsd-arm64'
93 silly reify ]
94 verbose reify failed optional dependency C:\Users\game0\Desktop\Devine Project\dashboard-boilerPlate\node_modules\@rollup\rollup-darwin-x64
95 silly reify mark deleted [
95 silly reify   'C:\\Users\\game0\\Desktop\\Devine Project\\dashboard-boilerPlate\\node_modules\\@rollup\\rollup-darwin-x64'
95 silly reify ]
96 verbose reify failed optional dependency C:\Users\game0\Desktop\Devine Project\dashboard-boilerPlate\node_modules\@rollup\rollup-darwin-arm64
97 silly reify mark deleted [
97 silly reify   'C:\\Users\\game0\\Desktop\\Devine Project\\dashboard-boilerPlate\\node_modules\\@rollup\\rollup-darwin-arm64'
97 silly reify ]
98 verbose reify failed optional dependency C:\Users\game0\Desktop\Devine Project\dashboard-boilerPlate\node_modules\@rollup\rollup-android-arm64
99 silly reify mark deleted [
99 silly reify   'C:\\Users\\game0\\Desktop\\Devine Project\\dashboard-boilerPlate\\node_modules\\@rollup\\rollup-android-arm64'
99 silly reify ]
100 verbose reify failed optional dependency C:\Users\game0\Desktop\Devine Project\dashboard-boilerPlate\node_modules\@rollup\rollup-android-arm-eabi
101 silly reify mark deleted [
101 silly reify   'C:\\Users\\game0\\Desktop\\Devine Project\\dashboard-boilerPlate\\node_modules\\@rollup\\rollup-android-arm-eabi'
101 silly reify ]
102 verbose reify failed optional dependency C:\Users\game0\Desktop\Devine Project\dashboard-boilerPlate\node_modules\@next\swc-win32-arm64-msvc
103 silly reify mark deleted [
103 silly reify   'C:\\Users\\game0\\Desktop\\Devine Project\\dashboard-boilerPlate\\node_modules\\@next\\swc-win32-arm64-msvc'
103 silly reify ]
104 verbose reify failed optional dependency C:\Users\game0\Desktop\Devine Project\dashboard-boilerPlate\node_modules\@next\swc-linux-x64-musl
105 silly reify mark deleted [
105 silly reify   'C:\\Users\\game0\\Desktop\\Devine Project\\dashboard-boilerPlate\\node_modules\\@next\\swc-linux-x64-musl'
105 silly reify ]
106 verbose reify failed optional dependency C:\Users\game0\Desktop\Devine Project\dashboard-boilerPlate\node_modules\@next\swc-linux-x64-gnu
107 silly reify mark deleted [
107 silly reify   'C:\\Users\\game0\\Desktop\\Devine Project\\dashboard-boilerPlate\\node_modules\\@next\\swc-linux-x64-gnu'
107 silly reify ]
108 verbose reify failed optional dependency C:\Users\game0\Desktop\Devine Project\dashboard-boilerPlate\node_modules\@next\swc-linux-arm64-musl
109 silly reify mark deleted [
109 silly reify   'C:\\Users\\game0\\Desktop\\Devine Project\\dashboard-boilerPlate\\node_modules\\@next\\swc-linux-arm64-musl'
109 silly reify ]
110 verbose reify failed optional dependency C:\Users\game0\Desktop\Devine Project\dashboard-boilerPlate\node_modules\@next\swc-linux-arm64-gnu
111 silly reify mark deleted [
111 silly reify   'C:\\Users\\game0\\Desktop\\Devine Project\\dashboard-boilerPlate\\node_modules\\@next\\swc-linux-arm64-gnu'
111 silly reify ]
112 verbose reify failed optional dependency C:\Users\game0\Desktop\Devine Project\dashboard-boilerPlate\node_modules\@next\swc-darwin-x64
113 silly reify mark deleted [
113 silly reify   'C:\\Users\\game0\\Desktop\\Devine Project\\dashboard-boilerPlate\\node_modules\\@next\\swc-darwin-x64'
113 silly reify ]
114 verbose reify failed optional dependency C:\Users\game0\Desktop\Devine Project\dashboard-boilerPlate\node_modules\@next\swc-darwin-arm64
115 silly reify mark deleted [
115 silly reify   'C:\\Users\\game0\\Desktop\\Devine Project\\dashboard-boilerPlate\\node_modules\\@next\\swc-darwin-arm64'
115 silly reify ]
116 verbose reify failed optional dependency C:\Users\game0\Desktop\Devine Project\dashboard-boilerPlate\node_modules\@img\sharp-win32-ia32
117 silly reify mark deleted [
117 silly reify   'C:\\Users\\game0\\Desktop\\Devine Project\\dashboard-boilerPlate\\node_modules\\@img\\sharp-win32-ia32'
117 silly reify ]
118 verbose reify failed optional dependency C:\Users\game0\Desktop\Devine Project\dashboard-boilerPlate\node_modules\@img\sharp-win32-arm64
119 silly reify mark deleted [
119 silly reify   'C:\\Users\\game0\\Desktop\\Devine Project\\dashboard-boilerPlate\\node_modules\\@img\\sharp-win32-arm64'
119 silly reify ]
120 verbose reify failed optional dependency C:\Users\game0\Desktop\Devine Project\dashboard-boilerPlate\node_modules\@img\sharp-wasm32
121 silly reify mark deleted [
121 silly reify   'C:\\Users\\game0\\Desktop\\Devine Project\\dashboard-boilerPlate\\node_modules\\@img\\sharp-wasm32'
121 silly reify ]
122 verbose reify failed optional dependency C:\Users\game0\Desktop\Devine Project\dashboard-boilerPlate\node_modules\@emnapi\runtime
123 silly reify mark deleted [
123 silly reify   'C:\\Users\\game0\\Desktop\\Devine Project\\dashboard-boilerPlate\\node_modules\\@emnapi\\runtime'
123 silly reify ]
124 verbose reify failed optional dependency C:\Users\game0\Desktop\Devine Project\dashboard-boilerPlate\node_modules\@img\sharp-linuxmusl-x64
125 silly reify mark deleted [
125 silly reify   'C:\\Users\\game0\\Desktop\\Devine Project\\dashboard-boilerPlate\\node_modules\\@img\\sharp-linuxmusl-x64'
125 silly reify ]
126 verbose reify failed optional dependency C:\Users\game0\Desktop\Devine Project\dashboard-boilerPlate\node_modules\@img\sharp-linuxmusl-arm64
127 silly reify mark deleted [
127 silly reify   'C:\\Users\\game0\\Desktop\\Devine Project\\dashboard-boilerPlate\\node_modules\\@img\\sharp-linuxmusl-arm64'
127 silly reify ]
128 verbose reify failed optional dependency C:\Users\game0\Desktop\Devine Project\dashboard-boilerPlate\node_modules\@img\sharp-linux-x64
129 silly reify mark deleted [
129 silly reify   'C:\\Users\\game0\\Desktop\\Devine Project\\dashboard-boilerPlate\\node_modules\\@img\\sharp-linux-x64'
129 silly reify ]
130 verbose reify failed optional dependency C:\Users\game0\Desktop\Devine Project\dashboard-boilerPlate\node_modules\@img\sharp-linux-s390x
131 silly reify mark deleted [
131 silly reify   'C:\\Users\\game0\\Desktop\\Devine Project\\dashboard-boilerPlate\\node_modules\\@img\\sharp-linux-s390x'
131 silly reify ]
132 verbose reify failed optional dependency C:\Users\game0\Desktop\Devine Project\dashboard-boilerPlate\node_modules\@img\sharp-linux-arm64
133 silly reify mark deleted [
133 silly reify   'C:\\Users\\game0\\Desktop\\Devine Project\\dashboard-boilerPlate\\node_modules\\@img\\sharp-linux-arm64'
133 silly reify ]
134 verbose reify failed optional dependency C:\Users\game0\Desktop\Devine Project\dashboard-boilerPlate\node_modules\@img\sharp-linux-arm
135 silly reify mark deleted [
135 silly reify   'C:\\Users\\game0\\Desktop\\Devine Project\\dashboard-boilerPlate\\node_modules\\@img\\sharp-linux-arm'
135 silly reify ]
136 verbose reify failed optional dependency C:\Users\game0\Desktop\Devine Project\dashboard-boilerPlate\node_modules\@img\sharp-libvips-linuxmusl-x64
137 silly reify mark deleted [
137 silly reify   'C:\\Users\\game0\\Desktop\\Devine Project\\dashboard-boilerPlate\\node_modules\\@img\\sharp-libvips-linuxmusl-x64'
137 silly reify ]
138 verbose reify failed optional dependency C:\Users\game0\Desktop\Devine Project\dashboard-boilerPlate\node_modules\@img\sharp-libvips-linuxmusl-arm64
139 silly reify mark deleted [
139 silly reify   'C:\\Users\\game0\\Desktop\\Devine Project\\dashboard-boilerPlate\\node_modules\\@img\\sharp-libvips-linuxmusl-arm64'
139 silly reify ]
140 verbose reify failed optional dependency C:\Users\game0\Desktop\Devine Project\dashboard-boilerPlate\node_modules\@img\sharp-libvips-linux-x64
141 silly reify mark deleted [
141 silly reify   'C:\\Users\\game0\\Desktop\\Devine Project\\dashboard-boilerPlate\\node_modules\\@img\\sharp-libvips-linux-x64'
141 silly reify ]
142 verbose reify failed optional dependency C:\Users\game0\Desktop\Devine Project\dashboard-boilerPlate\node_modules\@img\sharp-libvips-linux-s390x
143 silly reify mark deleted [
143 silly reify   'C:\\Users\\game0\\Desktop\\Devine Project\\dashboard-boilerPlate\\node_modules\\@img\\sharp-libvips-linux-s390x'
143 silly reify ]
144 verbose reify failed optional dependency C:\Users\game0\Desktop\Devine Project\dashboard-boilerPlate\node_modules\@img\sharp-libvips-linux-ppc64
145 silly reify mark deleted [
145 silly reify   'C:\\Users\\game0\\Desktop\\Devine Project\\dashboard-boilerPlate\\node_modules\\@img\\sharp-libvips-linux-ppc64'
145 silly reify ]
146 verbose reify failed optional dependency C:\Users\game0\Desktop\Devine Project\dashboard-boilerPlate\node_modules\@img\sharp-libvips-linux-arm64
147 silly reify mark deleted [
147 silly reify   'C:\\Users\\game0\\Desktop\\Devine Project\\dashboard-boilerPlate\\node_modules\\@img\\sharp-libvips-linux-arm64'
147 silly reify ]
148 verbose reify failed optional dependency C:\Users\game0\Desktop\Devine Project\dashboard-boilerPlate\node_modules\@img\sharp-libvips-linux-arm
149 silly reify mark deleted [
149 silly reify   'C:\\Users\\game0\\Desktop\\Devine Project\\dashboard-boilerPlate\\node_modules\\@img\\sharp-libvips-linux-arm'
149 silly reify ]
150 verbose reify failed optional dependency C:\Users\game0\Desktop\Devine Project\dashboard-boilerPlate\node_modules\@img\sharp-libvips-darwin-x64
151 silly reify mark deleted [
151 silly reify   'C:\\Users\\game0\\Desktop\\Devine Project\\dashboard-boilerPlate\\node_modules\\@img\\sharp-libvips-darwin-x64'
151 silly reify ]
152 verbose reify failed optional dependency C:\Users\game0\Desktop\Devine Project\dashboard-boilerPlate\node_modules\@img\sharp-libvips-darwin-arm64
153 silly reify mark deleted [
153 silly reify   'C:\\Users\\game0\\Desktop\\Devine Project\\dashboard-boilerPlate\\node_modules\\@img\\sharp-libvips-darwin-arm64'
153 silly reify ]
154 verbose reify failed optional dependency C:\Users\game0\Desktop\Devine Project\dashboard-boilerPlate\node_modules\@img\sharp-darwin-x64
155 silly reify mark deleted [
155 silly reify   'C:\\Users\\game0\\Desktop\\Devine Project\\dashboard-boilerPlate\\node_modules\\@img\\sharp-darwin-x64'
155 silly reify ]
156 verbose reify failed optional dependency C:\Users\game0\Desktop\Devine Project\dashboard-boilerPlate\node_modules\@img\sharp-darwin-arm64
157 silly reify mark deleted [
157 silly reify   'C:\\Users\\game0\\Desktop\\Devine Project\\dashboard-boilerPlate\\node_modules\\@img\\sharp-darwin-arm64'
157 silly reify ]
158 verbose reify failed optional dependency C:\Users\game0\Desktop\Devine Project\dashboard-boilerPlate\node_modules\@esbuild\win32-ia32
159 silly reify mark deleted [
159 silly reify   'C:\\Users\\game0\\Desktop\\Devine Project\\dashboard-boilerPlate\\node_modules\\@esbuild\\win32-ia32'
159 silly reify ]
160 verbose reify failed optional dependency C:\Users\game0\Desktop\Devine Project\dashboard-boilerPlate\node_modules\@esbuild\win32-arm64
161 silly reify mark deleted [
161 silly reify   'C:\\Users\\game0\\Desktop\\Devine Project\\dashboard-boilerPlate\\node_modules\\@esbuild\\win32-arm64'
161 silly reify ]
162 verbose reify failed optional dependency C:\Users\game0\Desktop\Devine Project\dashboard-boilerPlate\node_modules\@esbuild\sunos-x64
163 silly reify mark deleted [
163 silly reify   'C:\\Users\\game0\\Desktop\\Devine Project\\dashboard-boilerPlate\\node_modules\\@esbuild\\sunos-x64'
163 silly reify ]
164 verbose reify failed optional dependency C:\Users\game0\Desktop\Devine Project\dashboard-boilerPlate\node_modules\@esbuild\openbsd-x64
165 silly reify mark deleted [
165 silly reify   'C:\\Users\\game0\\Desktop\\Devine Project\\dashboard-boilerPlate\\node_modules\\@esbuild\\openbsd-x64'
165 silly reify ]
166 verbose reify failed optional dependency C:\Users\game0\Desktop\Devine Project\dashboard-boilerPlate\node_modules\@esbuild\openbsd-arm64
167 silly reify mark deleted [
167 silly reify   'C:\\Users\\game0\\Desktop\\Devine Project\\dashboard-boilerPlate\\node_modules\\@esbuild\\openbsd-arm64'
167 silly reify ]
168 verbose reify failed optional dependency C:\Users\game0\Desktop\Devine Project\dashboard-boilerPlate\node_modules\@esbuild\netbsd-x64
169 silly reify mark deleted [
169 silly reify   'C:\\Users\\game0\\Desktop\\Devine Project\\dashboard-boilerPlate\\node_modules\\@esbuild\\netbsd-x64'
169 silly reify ]
170 verbose reify failed optional dependency C:\Users\game0\Desktop\Devine Project\dashboard-boilerPlate\node_modules\@esbuild\netbsd-arm64
171 silly reify mark deleted [
171 silly reify   'C:\\Users\\game0\\Desktop\\Devine Project\\dashboard-boilerPlate\\node_modules\\@esbuild\\netbsd-arm64'
171 silly reify ]
172 verbose reify failed optional dependency C:\Users\game0\Desktop\Devine Project\dashboard-boilerPlate\node_modules\@esbuild\linux-x64
173 silly reify mark deleted [
173 silly reify   'C:\\Users\\game0\\Desktop\\Devine Project\\dashboard-boilerPlate\\node_modules\\@esbuild\\linux-x64'
173 silly reify ]
174 verbose reify failed optional dependency C:\Users\game0\Desktop\Devine Project\dashboard-boilerPlate\node_modules\@esbuild\linux-s390x
175 silly reify mark deleted [
175 silly reify   'C:\\Users\\game0\\Desktop\\Devine Project\\dashboard-boilerPlate\\node_modules\\@esbuild\\linux-s390x'
175 silly reify ]
176 verbose reify failed optional dependency C:\Users\game0\Desktop\Devine Project\dashboard-boilerPlate\node_modules\@esbuild\linux-riscv64
177 silly reify mark deleted [
177 silly reify   'C:\\Users\\game0\\Desktop\\Devine Project\\dashboard-boilerPlate\\node_modules\\@esbuild\\linux-riscv64'
177 silly reify ]
178 verbose reify failed optional dependency C:\Users\game0\Desktop\Devine Project\dashboard-boilerPlate\node_modules\@esbuild\linux-ppc64
179 silly reify mark deleted [
179 silly reify   'C:\\Users\\game0\\Desktop\\Devine Project\\dashboard-boilerPlate\\node_modules\\@esbuild\\linux-ppc64'
179 silly reify ]
180 verbose reify failed optional dependency C:\Users\game0\Desktop\Devine Project\dashboard-boilerPlate\node_modules\@esbuild\linux-mips64el
181 silly reify mark deleted [
181 silly reify   'C:\\Users\\game0\\Desktop\\Devine Project\\dashboard-boilerPlate\\node_modules\\@esbuild\\linux-mips64el'
181 silly reify ]
182 verbose reify failed optional dependency C:\Users\game0\Desktop\Devine Project\dashboard-boilerPlate\node_modules\@esbuild\linux-loong64
183 silly reify mark deleted [
183 silly reify   'C:\\Users\\game0\\Desktop\\Devine Project\\dashboard-boilerPlate\\node_modules\\@esbuild\\linux-loong64'
183 silly reify ]
184 verbose reify failed optional dependency C:\Users\game0\Desktop\Devine Project\dashboard-boilerPlate\node_modules\@esbuild\linux-ia32
185 silly reify mark deleted [
185 silly reify   'C:\\Users\\game0\\Desktop\\Devine Project\\dashboard-boilerPlate\\node_modules\\@esbuild\\linux-ia32'
185 silly reify ]
186 verbose reify failed optional dependency C:\Users\game0\Desktop\Devine Project\dashboard-boilerPlate\node_modules\@esbuild\linux-arm64
187 silly reify mark deleted [
187 silly reify   'C:\\Users\\game0\\Desktop\\Devine Project\\dashboard-boilerPlate\\node_modules\\@esbuild\\linux-arm64'
187 silly reify ]
188 verbose reify failed optional dependency C:\Users\game0\Desktop\Devine Project\dashboard-boilerPlate\node_modules\@esbuild\linux-arm
189 silly reify mark deleted [
189 silly reify   'C:\\Users\\game0\\Desktop\\Devine Project\\dashboard-boilerPlate\\node_modules\\@esbuild\\linux-arm'
189 silly reify ]
190 verbose reify failed optional dependency C:\Users\game0\Desktop\Devine Project\dashboard-boilerPlate\node_modules\@esbuild\freebsd-x64
191 silly reify mark deleted [
191 silly reify   'C:\\Users\\game0\\Desktop\\Devine Project\\dashboard-boilerPlate\\node_modules\\@esbuild\\freebsd-x64'
191 silly reify ]
192 verbose reify failed optional dependency C:\Users\game0\Desktop\Devine Project\dashboard-boilerPlate\node_modules\@esbuild\freebsd-arm64
193 silly reify mark deleted [
193 silly reify   'C:\\Users\\game0\\Desktop\\Devine Project\\dashboard-boilerPlate\\node_modules\\@esbuild\\freebsd-arm64'
193 silly reify ]
194 verbose reify failed optional dependency C:\Users\game0\Desktop\Devine Project\dashboard-boilerPlate\node_modules\@esbuild\darwin-x64
195 silly reify mark deleted [
195 silly reify   'C:\\Users\\game0\\Desktop\\Devine Project\\dashboard-boilerPlate\\node_modules\\@esbuild\\darwin-x64'
195 silly reify ]
196 verbose reify failed optional dependency C:\Users\game0\Desktop\Devine Project\dashboard-boilerPlate\node_modules\@esbuild\darwin-arm64
197 silly reify mark deleted [
197 silly reify   'C:\\Users\\game0\\Desktop\\Devine Project\\dashboard-boilerPlate\\node_modules\\@esbuild\\darwin-arm64'
197 silly reify ]
198 verbose reify failed optional dependency C:\Users\game0\Desktop\Devine Project\dashboard-boilerPlate\node_modules\@esbuild\android-x64
199 silly reify mark deleted [
199 silly reify   'C:\\Users\\game0\\Desktop\\Devine Project\\dashboard-boilerPlate\\node_modules\\@esbuild\\android-x64'
199 silly reify ]
200 verbose reify failed optional dependency C:\Users\game0\Desktop\Devine Project\dashboard-boilerPlate\node_modules\@esbuild\android-arm64
201 silly reify mark deleted [
201 silly reify   'C:\\Users\\game0\\Desktop\\Devine Project\\dashboard-boilerPlate\\node_modules\\@esbuild\\android-arm64'
201 silly reify ]
202 verbose reify failed optional dependency C:\Users\game0\Desktop\Devine Project\dashboard-boilerPlate\node_modules\@esbuild\android-arm
203 silly reify mark deleted [
203 silly reify   'C:\\Users\\game0\\Desktop\\Devine Project\\dashboard-boilerPlate\\node_modules\\@esbuild\\android-arm'
203 silly reify ]
204 verbose reify failed optional dependency C:\Users\game0\Desktop\Devine Project\dashboard-boilerPlate\node_modules\@esbuild\aix-ppc64
205 silly reify mark deleted [
205 silly reify   'C:\\Users\\game0\\Desktop\\Devine Project\\dashboard-boilerPlate\\node_modules\\@esbuild\\aix-ppc64'
205 silly reify ]
206 http cache @emnapi/runtime@https://registry.npmjs.org/@emnapi/runtime/-/runtime-1.4.3.tgz 0ms (cache hit)
207 http cache react-hook-form@https://registry.npmjs.org/react-hook-form/-/react-hook-form-7.59.0.tgz 0ms (cache hit)
208 silly tarball no local data for react-hook-form@https://registry.npmjs.org/react-hook-form/-/react-hook-form-7.59.0.tgz. Extracting by manifest.
209 http fetch GET 200 https://registry.npmjs.org/react-hook-form/-/react-hook-form-7.59.0.tgz 165ms (cache miss)
210 http fetch POST 200 https://registry.npmjs.org/-/npm/v1/security/advisories/bulk 1127ms
211 silly audit report {
211 silly audit report   'brace-expansion': [
211 silly audit report     {
211 silly audit report       id: 1105443,
211 silly audit report       url: 'https://github.com/advisories/GHSA-v6h2-p8h4-qcjw',
211 silly audit report       title: 'brace-expansion Regular Expression Denial of Service vulnerability',
211 silly audit report       severity: 'low',
211 silly audit report       vulnerable_versions: '>=1.0.0 <=1.1.11',
211 silly audit report       cwe: [Array],
211 silly audit report       cvss: [Object]
211 silly audit report     },
211 silly audit report     {
211 silly audit report       id: 1105444,
211 silly audit report       url: 'https://github.com/advisories/GHSA-v6h2-p8h4-qcjw',
211 silly audit report       title: 'brace-expansion Regular Expression Denial of Service vulnerability',
211 silly audit report       severity: 'low',
211 silly audit report       vulnerable_versions: '>=2.0.0 <=2.0.1',
211 silly audit report       cwe: [Array],
211 silly audit report       cvss: [Object]
211 silly audit report     }
211 silly audit report   ],
211 silly audit report   rollup: [
211 silly audit report     {
211 silly audit report       id: 1099757,
211 silly audit report       url: 'https://github.com/advisories/GHSA-gcx4-mw62-g8wm',
211 silly audit report       title: 'DOM Clobbering Gadget found in rollup bundled scripts that leads to XSS',
211 silly audit report       severity: 'high',
211 silly audit report       vulnerable_versions: '<2.79.2',
211 silly audit report       cwe: [Array],
211 silly audit report       cvss: [Object]
211 silly audit report     }
211 silly audit report   ],
211 silly audit report   'react-router': [
211 silly audit report     {
211 silly audit report       id: 1104042,
211 silly audit report       url: 'https://github.com/advisories/GHSA-cpj6-fhp6-mr6j',
211 silly audit report       title: 'React Router allows pre-render data spoofing on React-Router framework mode',
211 silly audit report       severity: 'high',
211 silly audit report       vulnerable_versions: '>=7.0 <=7.5.1',
211 silly audit report       cwe: [Array],
211 silly audit report       cvss: [Object]
211 silly audit report     },
211 silly audit report     {
211 silly audit report       id: 1104043,
211 silly audit report       url: 'https://github.com/advisories/GHSA-f46r-rw29-r322',
211 silly audit report       title: 'React Router allows a DoS via cache poisoning by forcing SPA mode',
211 silly audit report       severity: 'high',
211 silly audit report       vulnerable_versions: '>=7.2.0 <=7.5.1',
211 silly audit report       cwe: [Array],
211 silly audit report       cvss: [Object]
211 silly audit report     }
211 silly audit report   ],
211 silly audit report   vite: [
211 silly audit report     {
211 silly audit report       id: 1103520,
211 silly audit report       url: 'https://github.com/advisories/GHSA-x574-m823-4x7w',
211 silly audit report       title: 'Vite bypasses server.fs.deny when using ?raw??',
211 silly audit report       severity: 'moderate',
211 silly audit report       vulnerable_versions: '>=6.2.0 <6.2.3',
211 silly audit report       cwe: [Array],
211 silly audit report       cvss: [Object]
211 silly audit report     },
211 silly audit report     {
211 silly audit report       id: 1103631,
211 silly audit report       url: 'https://github.com/advisories/GHSA-4r4m-qw57-chr8',
211 silly audit report       title: 'Vite has a `server.fs.deny` bypassed for `inline` and `raw` with `?import` query',
211 silly audit report       severity: 'moderate',
211 silly audit report       vulnerable_versions: '>=6.2.0 <6.2.4',
211 silly audit report       cwe: [Array],
211 silly audit report       cvss: [Object]
211 silly audit report     },
211 silly audit report     {
211 silly audit report       id: 1103887,
211 silly audit report       url: 'https://github.com/advisories/GHSA-356w-63v5-8wf4',
211 silly audit report       title: 'Vite has an `server.fs.deny` bypass with an invalid `request-target`',
211 silly audit report       severity: 'moderate',
211 silly audit report       vulnerable_versions: '>=6.2.0 <6.2.6',
211 silly audit report       cwe: [Array],
211 silly audit report       cvss: [Object]
211 silly audit report     },
211 silly audit report     {
211 silly audit report       id: 1104175,
211 silly audit report       url: 'https://github.com/advisories/GHSA-859w-5945-r5v3',
211 silly audit report       title: "Vite's server.fs.deny bypassed with /. for files under project root",
211 silly audit report       severity: 'moderate',
211 silly audit report       vulnerable_versions: '>=6.2.0 <=6.2.6',
211 silly audit report       cwe: [Array],
211 silly audit report       cvss: [Object]
211 silly audit report     },
211 silly audit report     {
211 silly audit report       id: 1104205,
211 silly audit report       url: 'https://github.com/advisories/GHSA-xcj6-pq6g-qj4x',
211 silly audit report       title: 'Vite allows server.fs.deny to be bypassed with .svg or relative paths',
211 silly audit report       severity: 'moderate',
211 silly audit report       vulnerable_versions: '>=6.2.0 <6.2.5',
211 silly audit report       cwe: [Array],
211 silly audit report       cvss: [Object]
211 silly audit report     }
211 silly audit report   ],
211 silly audit report   zod: [
211 silly audit report     {
211 silly audit report       id: 1099462,
211 silly audit report       url: 'https://github.com/advisories/GHSA-m95q-7qp3-xv42',
211 silly audit report       title: 'Zod denial of service vulnerability',
211 silly audit report       severity: 'moderate',
211 silly audit report       vulnerable_versions: '<=3.22.2',
211 silly audit report       cwe: [Array],
211 silly audit report       cvss: [Object]
211 silly audit report     }
211 silly audit report   ]
211 silly audit report }
212 silly packumentCache corgi:https://registry.npmjs.org/brace-expansion cache-miss
213 silly packumentCache corgi:https://registry.npmjs.org/rollup cache-miss
214 silly packumentCache corgi:https://registry.npmjs.org/react-router cache-miss
215 silly packumentCache corgi:https://registry.npmjs.org/vite cache-miss
216 silly packumentCache corgi:https://registry.npmjs.org/zod cache-miss
217 http fetch GET 200 https://registry.npmjs.org/brace-expansion 93ms (cache revalidated)
218 silly packumentCache corgi:https://registry.npmjs.org/brace-expansion set size:16192 disposed:false
219 http fetch GET 200 https://registry.npmjs.org/rollup 136ms (cache revalidated)
220 silly packumentCache corgi:https://registry.npmjs.org/rollup set size:2354901 disposed:false
221 http fetch GET 200 https://registry.npmjs.org/react-router 179ms (cache updated)
222 silly packumentCache corgi:https://registry.npmjs.org/react-router set size:undefined disposed:false
223 http fetch GET 200 https://registry.npmjs.org/vite 208ms (cache updated)
224 silly packumentCache corgi:https://registry.npmjs.org/vite set size:undefined disposed:false
225 http fetch GET 200 https://registry.npmjs.org/zod 230ms (cache updated)
226 silly packumentCache corgi:https://registry.npmjs.org/zod set size:undefined disposed:false
227 silly packumentCache corgi:https://registry.npmjs.org/minimatch cache-miss
228 http fetch GET 200 https://registry.npmjs.org/minimatch 84ms (cache revalidated)
229 silly packumentCache corgi:https://registry.npmjs.org/minimatch set size:143741 disposed:false
230 silly packumentCache corgi:https://registry.npmjs.org/fmin cache-miss
231 http fetch GET 200 https://registry.npmjs.org/fmin 89ms (cache revalidated)
232 silly packumentCache corgi:https://registry.npmjs.org/fmin set size:2385 disposed:false
233 silly packumentCache corgi:https://registry.npmjs.org/react-router-dom cache-miss
234 http fetch GET 200 https://registry.npmjs.org/react-router-dom 103ms (cache updated)
235 silly packumentCache corgi:https://registry.npmjs.org/react-router-dom set size:undefined disposed:false
236 silly packumentCache corgi:https://registry.npmjs.org/@tailwindcss%2fvite cache-miss
237 silly packumentCache corgi:https://registry.npmjs.org/@vitejs%2fplugin-react cache-miss
238 http fetch GET 200 https://registry.npmjs.org/@vitejs%2fplugin-react 400ms (cache revalidated)
239 silly packumentCache corgi:https://registry.npmjs.org/@vitejs%2fplugin-react set size:92339 disposed:false
240 http fetch GET 200 https://registry.npmjs.org/@tailwindcss%2fvite 417ms (cache updated)
241 silly packumentCache corgi:https://registry.npmjs.org/@tailwindcss%2fvite set size:undefined disposed:false
242 silly packumentCache corgi:https://registry.npmjs.org/@antv%2fg2 cache-miss
243 http fetch GET 200 https://registry.npmjs.org/@antv%2fg2 383ms (cache revalidated)
244 silly packumentCache corgi:https://registry.npmjs.org/@antv%2fg2 set size:950576 disposed:false
245 silly packumentCache corgi:https://registry.npmjs.org/@ant-design%2fplots cache-miss
246 silly packumentCache corgi:https://registry.npmjs.org/@antv%2fg2-extension-plot cache-miss
247 http fetch GET 200 https://registry.npmjs.org/@antv%2fg2-extension-plot 391ms (cache revalidated)
248 silly packumentCache corgi:https://registry.npmjs.org/@antv%2fg2-extension-plot set size:7237 disposed:false
249 http fetch GET 200 https://registry.npmjs.org/@ant-design%2fplots 410ms (cache revalidated)
250 silly packumentCache corgi:https://registry.npmjs.org/@ant-design%2fplots set size:90693 disposed:false
251 silly ADD
252 silly ADD
253 silly ADD
254 silly ADD
255 silly ADD
256 silly ADD
257 silly ADD
258 silly ADD
259 silly ADD
260 silly ADD
261 silly ADD
262 silly ADD
263 silly ADD
264 silly ADD
265 silly ADD
266 silly ADD
267 silly ADD
268 silly ADD
269 silly ADD
270 silly ADD
271 silly ADD
272 silly ADD
273 silly ADD
274 silly ADD
275 silly ADD
276 silly ADD
277 silly ADD
278 silly ADD
279 silly ADD
280 silly ADD
281 silly ADD
282 silly ADD
283 silly ADD
284 silly ADD
285 silly ADD
286 silly ADD
287 silly ADD
288 silly ADD
289 silly ADD
290 silly ADD
291 silly ADD
292 silly ADD
293 silly ADD
294 silly ADD
295 silly ADD
296 silly ADD
297 silly ADD
298 silly ADD
299 silly ADD
300 silly ADD
301 silly ADD
302 silly ADD
303 silly ADD
304 silly ADD
305 silly ADD
306 silly ADD
307 silly ADD
308 silly ADD
309 silly ADD
310 silly ADD
311 silly ADD
312 silly ADD
313 silly ADD
314 silly ADD
315 silly ADD
316 silly ADD
317 silly ADD
318 silly ADD
319 silly ADD
320 silly ADD
321 silly ADD
322 silly ADD
323 silly ADD
324 silly ADD
325 silly ADD
326 silly ADD
327 silly ADD
328 silly ADD
329 silly ADD
330 silly ADD
331 silly ADD
332 silly ADD
333 silly ADD
334 silly ADD
335 silly ADD
336 silly ADD
337 silly ADD
338 silly ADD
339 silly ADD
340 silly ADD
341 silly CHANGE node_modules/react-hook-form
342 verbose cwd C:\Users\game0\Desktop\Devine Project\dashboard-boilerPlate
343 verbose os Windows_NT 10.0.26100
344 verbose node v22.16.0
345 verbose npm  v10.9.2
346 verbose exit 0
347 info ok
