0 verbose cli C:\Program Files\nodejs\node.exe C:\Program Files\nodejs\node_modules\npm\bin\npm-cli.js
1 info using npm@10.9.2
2 info using node@v22.16.0
3 silly config load:file:C:\Program Files\nodejs\node_modules\npm\npmrc
4 silly config load:file:C:\Users\game0\Desktop\Devine Project\dashboard-boilerPlate\.npmrc
5 silly config load:file:C:\Users\game0\.npmrc
6 silly config load:file:C:\Users\game0\AppData\Roaming\npm\etc\npmrc
7 verbose title npm install recharts
8 verbose argv "install" "recharts"
9 verbose logfile logs-max:10 dir:C:\Users\game0\Desktop\Devine Project\dashboard-boilerPlate\npm-cache\_logs\2025-07-03T12_54_37_689Z-
10 verbose logfile C:\Users\game0\Desktop\Devine Project\dashboard-boilerPlate\npm-cache\_logs\2025-07-03T12_54_37_689Z-debug-0.log
11 silly logfile done cleaning log files
12 silly packumentCache heap:4345298944 maxSize:1086324736 maxEntrySize:543162368
13 silly idealTree buildDeps
14 silly fetch manifest recharts@*
15 silly packumentCache full:https://registry.npmjs.org/recharts cache-miss
16 http fetch GET 200 https://registry.npmjs.org/recharts 243ms (cache miss)
17 silly packumentCache full:https://registry.npmjs.org/recharts set size:undefined disposed:false
18 silly fetch manifest react@^19.0.0
19 silly packumentCache full:https://registry.npmjs.org/react cache-miss
20 http fetch GET 200 https://registry.npmjs.org/react 45ms (cache revalidated)
21 silly packumentCache full:https://registry.npmjs.org/react set size:5820909 disposed:false
22 silly fetch manifest react-dom@^19.0.0
23 silly packumentCache full:https://registry.npmjs.org/react-dom cache-miss
24 http fetch GET 200 https://registry.npmjs.org/react-dom 45ms (cache revalidated)
25 silly packumentCache full:https://registry.npmjs.org/react-dom set size:7447334 disposed:false
26 silly fetch manifest react-is@^16.8.0 || ^17.0.0 || ^18.0.0 || ^19.0.0
27 silly packumentCache full:https://registry.npmjs.org/react-is cache-miss
28 http fetch GET 200 https://registry.npmjs.org/react-is 120ms (cache miss)
29 silly packumentCache full:https://registry.npmjs.org/react-is set size:undefined disposed:false
30 silly placeDep ROOT recharts@3.0.2 OK for: zina-dashboard@0.0.0 want: *
31 silly fetch manifest @reduxjs/toolkit@1.x.x || 2.x.x
32 silly packumentCache full:https://registry.npmjs.org/@reduxjs%2ftoolkit cache-miss
33 silly fetch manifest clsx@^2.1.1
34 silly packumentCache full:https://registry.npmjs.org/clsx cache-miss
35 silly fetch manifest decimal.js-light@^2.5.1
36 silly packumentCache full:https://registry.npmjs.org/decimal.js-light cache-miss
37 silly fetch manifest es-toolkit@^1.39.3
38 silly packumentCache full:https://registry.npmjs.org/es-toolkit cache-miss
39 silly fetch manifest immer@^10.1.1
40 silly packumentCache full:https://registry.npmjs.org/immer cache-miss
41 silly fetch manifest react-redux@8.x.x || 9.x.x
42 silly packumentCache full:https://registry.npmjs.org/react-redux cache-miss
43 silly fetch manifest reselect@5.1.1
44 silly packumentCache full:https://registry.npmjs.org/reselect cache-miss
45 silly fetch manifest tiny-invariant@^1.3.3
46 silly packumentCache full:https://registry.npmjs.org/tiny-invariant cache-miss
47 silly fetch manifest use-sync-external-store@^1.2.2
48 silly packumentCache full:https://registry.npmjs.org/use-sync-external-store cache-miss
49 silly fetch manifest victory-vendor@^37.0.2
50 silly packumentCache full:https://registry.npmjs.org/victory-vendor cache-miss
51 http fetch GET 200 https://registry.npmjs.org/decimal.js-light 125ms (cache miss)
52 silly packumentCache full:https://registry.npmjs.org/decimal.js-light set size:undefined disposed:false
53 http fetch GET 200 https://registry.npmjs.org/clsx 132ms (cache miss)
54 silly packumentCache full:https://registry.npmjs.org/clsx set size:undefined disposed:false
55 http fetch GET 200 https://registry.npmjs.org/tiny-invariant 132ms (cache miss)
56 silly packumentCache full:https://registry.npmjs.org/tiny-invariant set size:undefined disposed:false
57 http fetch GET 200 https://registry.npmjs.org/victory-vendor 134ms (cache miss)
58 silly packumentCache full:https://registry.npmjs.org/victory-vendor set size:undefined disposed:false
59 http fetch GET 200 https://registry.npmjs.org/react-redux 151ms (cache miss)
60 silly packumentCache full:https://registry.npmjs.org/react-redux set size:undefined disposed:false
61 http fetch GET 200 https://registry.npmjs.org/immer 167ms (cache miss)
62 silly packumentCache full:https://registry.npmjs.org/immer set size:undefined disposed:false
63 http fetch GET 200 https://registry.npmjs.org/reselect 174ms (cache miss)
64 silly packumentCache full:https://registry.npmjs.org/reselect set size:undefined disposed:false
65 http fetch GET 200 https://registry.npmjs.org/use-sync-external-store 216ms (cache miss)
66 silly packumentCache full:https://registry.npmjs.org/use-sync-external-store set size:undefined disposed:false
67 http fetch GET 200 https://registry.npmjs.org/es-toolkit 280ms (cache miss)
68 silly packumentCache full:https://registry.npmjs.org/es-toolkit set size:undefined disposed:false
69 http fetch GET 200 https://registry.npmjs.org/@reduxjs%2ftoolkit 425ms (cache miss)
70 silly packumentCache full:https://registry.npmjs.org/@reduxjs%2ftoolkit set size:undefined disposed:false
71 silly fetch manifest react@^16.8.0 || ^17.0.0 || ^18.0.0 || ^19.0.0
72 silly packumentCache full:https://registry.npmjs.org/react cache-miss
73 http cache https://registry.npmjs.org/react 15ms (cache hit)
74 silly packumentCache full:https://registry.npmjs.org/react set size:5820909 disposed:false
75 silly fetch manifest @types/react@^18.2.25 || ^19
76 silly packumentCache full:https://registry.npmjs.org/@types%2freact cache-miss
77 http fetch GET 200 https://registry.npmjs.org/@types%2freact 180ms (cache miss)
78 silly packumentCache full:https://registry.npmjs.org/@types%2freact set size:undefined disposed:false
79 silly fetch manifest redux@^5.0.0
80 silly packumentCache full:https://registry.npmjs.org/redux cache-miss
81 http fetch GET 200 https://registry.npmjs.org/redux 87ms (cache miss)
82 silly packumentCache full:https://registry.npmjs.org/redux set size:undefined disposed:false
83 silly placeDep ROOT @reduxjs/toolkit@2.8.2 OK for: recharts@3.0.2 want: 1.x.x || 2.x.x
84 silly placeDep ROOT clsx@2.1.1 OK for: recharts@3.0.2 want: ^2.1.1
85 silly placeDep ROOT decimal.js-light@2.5.1 OK for: recharts@3.0.2 want: ^2.5.1
86 silly placeDep ROOT es-toolkit@1.39.6 OK for: recharts@3.0.2 want: ^1.39.3
87 silly placeDep ROOT immer@10.1.1 OK for: recharts@3.0.2 want: ^10.1.1
88 silly placeDep ROOT react-redux@9.2.0 OK for: recharts@3.0.2 want: 8.x.x || 9.x.x
89 silly placeDep ROOT reselect@5.1.1 OK for: recharts@3.0.2 want: 5.1.1
90 silly placeDep ROOT tiny-invariant@1.3.3 OK for: recharts@3.0.2 want: ^1.3.3
91 silly placeDep ROOT use-sync-external-store@1.5.0 OK for: recharts@3.0.2 want: ^1.2.2
92 silly placeDep ROOT victory-vendor@37.3.6 OK for: recharts@3.0.2 want: ^37.0.2
93 silly fetch manifest @standard-schema/spec@^1.0.0
94 silly packumentCache full:https://registry.npmjs.org/@standard-schema%2fspec cache-miss
95 silly fetch manifest immer@^10.0.3
96 silly packumentCache full:https://registry.npmjs.org/immer cache-miss
97 silly fetch manifest redux@^5.0.1
98 silly packumentCache full:https://registry.npmjs.org/redux cache-miss
99 silly fetch manifest redux-thunk@^3.1.0
100 silly packumentCache full:https://registry.npmjs.org/redux-thunk cache-miss
101 silly fetch manifest reselect@^5.1.0
102 silly packumentCache full:https://registry.npmjs.org/reselect cache-miss
103 silly fetch manifest @types/use-sync-external-store@^0.0.6
104 silly packumentCache full:https://registry.npmjs.org/@types%2fuse-sync-external-store cache-miss
105 silly fetch manifest use-sync-external-store@^1.4.0
106 silly packumentCache full:https://registry.npmjs.org/use-sync-external-store cache-miss
107 http cache https://registry.npmjs.org/reselect 8ms (cache hit)
108 silly packumentCache full:https://registry.npmjs.org/reselect set size:910470 disposed:false
109 http cache https://registry.npmjs.org/redux 15ms (cache hit)
110 silly packumentCache full:https://registry.npmjs.org/redux set size:553833 disposed:false
111 http cache https://registry.npmjs.org/immer 18ms (cache hit)
112 silly packumentCache full:https://registry.npmjs.org/immer set size:812636 disposed:false
113 http cache https://registry.npmjs.org/use-sync-external-store 26ms (cache hit)
114 silly packumentCache full:https://registry.npmjs.org/use-sync-external-store set size:3779771 disposed:false
115 http fetch GET 200 https://registry.npmjs.org/redux-thunk 95ms (cache miss)
116 silly packumentCache full:https://registry.npmjs.org/redux-thunk set size:undefined disposed:false
117 http fetch GET 200 https://registry.npmjs.org/@types%2fuse-sync-external-store 136ms (cache miss)
118 silly packumentCache full:https://registry.npmjs.org/@types%2fuse-sync-external-store set size:undefined disposed:false
119 http fetch GET 200 https://registry.npmjs.org/@standard-schema%2fspec 379ms (cache miss)
120 silly packumentCache full:https://registry.npmjs.org/@standard-schema%2fspec set size:undefined disposed:false
121 silly placeDep ROOT @standard-schema/spec@1.0.0 OK for: @reduxjs/toolkit@2.8.2 want: ^1.0.0
122 silly placeDep ROOT redux@5.0.1 OK for: @reduxjs/toolkit@2.8.2 want: ^5.0.1
123 silly placeDep ROOT redux-thunk@3.1.0 OK for: @reduxjs/toolkit@2.8.2 want: ^3.1.0
124 silly placeDep ROOT @types/use-sync-external-store@0.0.6 OK for: react-redux@9.2.0 want: ^0.0.6
125 silly reify moves {}
126 silly audit bulk request {
126 silly audit   '@ampproject/remapping': [ '2.3.0' ],
126 silly audit   '@ant-design/charts': [ '2.2.7' ],
126 silly audit   '@ant-design/charts-util': [ '0.0.1-alpha.7' ],
126 silly audit   react: [ '18.3.1', '19.0.0' ],
126 silly audit   'react-dom': [ '18.3.1', '19.0.0' ],
126 silly audit   scheduler: [ '0.23.2', '0.25.0' ],
126 silly audit   '@ant-design/colors': [ '7.2.0' ],
126 silly audit   '@ant-design/cssinjs': [ '1.23.0' ],
126 silly audit   '@ant-design/cssinjs-utils': [ '1.1.3' ],
126 silly audit   '@ant-design/fast-color': [ '2.0.6' ],
126 silly audit   '@ant-design/graphs': [ '2.0.5' ],
126 silly audit   '@antv/graphin': [ '3.0.5' ],
126 silly audit   '@ant-design/icons': [ '5.6.1' ],
126 silly audit   '@ant-design/icons-svg': [ '4.4.2' ],
126 silly audit   '@ant-design/plots': [ '2.3.3' ],
126 silly audit   '@ant-design/react-slick': [ '1.1.2' ],
126 silly audit   '@ant-design/v5-patch-for-react-19': [ '1.0.3' ],
126 silly audit   '@antv/algorithm': [ '0.1.26' ],
126 silly audit   '@antv/util': [ '2.0.17', '3.3.10' ],
126 silly audit   '@antv/component': [ '2.1.2' ],
126 silly audit   '@antv/coord': [ '0.4.7' ],
126 silly audit   '@antv/event-emitter': [ '0.1.3' ],
126 silly audit   '@antv/expr': [ '1.0.2' ],
126 silly audit   '@antv/g': [ '6.1.23' ],
126 silly audit   '@antv/g-camera-api': [ '2.0.37' ],
126 silly audit   '@antv/g-canvas': [ '2.0.42' ],
126 silly audit   '@antv/g-dom-mutation-observer-api': [ '2.0.34' ],
126 silly audit   '@antv/g-lite': [ '2.2.18' ],
126 silly audit   '@antv/g-math': [ '3.0.0' ],
126 silly audit   '@antv/g-plugin-canvas-path-generator': [ '2.1.18' ],
126 silly audit   '@antv/g-plugin-canvas-picker': [ '2.1.21' ],
126 silly audit   '@antv/g-plugin-canvas-renderer': [ '2.2.21' ],
126 silly audit   '@antv/g-plugin-dom-interaction': [ '2.1.23' ],
126 silly audit   '@antv/g-plugin-dragndrop': [ '2.0.34' ],
126 silly audit   '@antv/g-plugin-html-renderer': [ '2.1.23' ],
126 silly audit   '@antv/g-plugin-image-loader': [ '2.1.21' ],
126 silly audit   '@antv/g-plugin-svg-picker': [ '2.0.37' ],
126 silly audit   '@antv/g-plugin-svg-renderer': [ '2.2.19' ],
126 silly audit   '@antv/g-svg': [ '2.0.37' ],
126 silly audit   '@antv/g-web-animations-api': [ '2.1.23' ],
126 silly audit   '@antv/g2': [ '5.3.2' ],
126 silly audit   '@antv/g2-extension-plot': [ '0.2.2' ],
126 silly audit   '@antv/g6': [ '5.0.45' ],
126 silly audit   '@antv/g6-extension-react': [ '0.2.1' ],
126 silly audit   '@antv/graphlib': [ '2.0.4' ],
126 silly audit   '@antv/hierarchy': [ '0.6.14' ],
126 silly audit   '@antv/layout': [ '1.2.14-beta.9' ],
126 silly audit   '@antv/scale': [ '0.4.16' ],
126 silly audit   '@antv/vendor': [ '1.0.11' ],
126 silly audit   '@babel/code-frame': [ '7.26.2' ],
126 silly audit   '@babel/compat-data': [ '7.26.8' ],
126 silly audit   '@babel/core': [ '7.26.10' ],
126 silly audit   '@babel/generator': [ '7.26.10' ],
126 silly audit   '@babel/helper-compilation-targets': [ '7.26.5' ],
126 silly audit   '@babel/helper-module-imports': [ '7.25.9' ],
126 silly audit   '@babel/helper-module-transforms': [ '7.26.0' ],
126 silly audit   '@babel/helper-plugin-utils': [ '7.26.5' ],
126 silly audit   '@babel/helper-string-parser': [ '7.25.9' ],
126 silly audit   '@babel/helper-validator-identifier': [ '7.25.9' ],
126 silly audit   '@babel/helper-validator-option': [ '7.25.9' ],
126 silly audit   '@babel/helpers': [ '7.26.10' ],
126 silly audit   '@babel/parser': [ '7.26.10' ],
126 silly audit   '@babel/plugin-transform-react-jsx-self': [ '7.25.9' ],
126 silly audit   '@babel/plugin-transform-react-jsx-source': [ '7.25.9' ],
126 silly audit   '@babel/runtime': [ '7.26.10' ],
126 silly audit   '@babel/template': [ '7.26.9' ],
126 silly audit   '@babel/traverse': [ '7.26.10' ],
126 silly audit   globals: [ '11.12.0', '14.0.0', '15.15.0' ],
126 silly audit   '@babel/types': [ '7.26.10' ],
126 silly audit   '@emnapi/runtime': [ '1.4.3' ],
126 silly audit   '@emotion/hash': [ '0.8.0' ],
126 silly audit   '@emotion/is-prop-valid': [ '1.2.2' ],
126 silly audit   '@emotion/memoize': [ '0.8.1' ],
126 silly audit   '@emotion/unitless': [ '0.7.5', '0.8.1' ],
126 silly audit   '@esbuild/aix-ppc64': [ '0.25.1' ],
126 silly audit   '@esbuild/android-arm': [ '0.25.1' ],
126 silly audit   '@esbuild/android-arm64': [ '0.25.1' ],
126 silly audit   '@esbuild/android-x64': [ '0.25.1' ],
126 silly audit   '@esbuild/darwin-arm64': [ '0.25.1' ],
126 silly audit   '@esbuild/darwin-x64': [ '0.25.1' ],
126 silly audit   '@esbuild/freebsd-arm64': [ '0.25.1' ],
126 silly audit   '@esbuild/freebsd-x64': [ '0.25.1' ],
126 silly audit   '@esbuild/linux-arm': [ '0.25.1' ],
126 silly audit   '@esbuild/linux-arm64': [ '0.25.1' ],
126 silly audit   '@esbuild/linux-ia32': [ '0.25.1' ],
126 silly audit   '@esbuild/linux-loong64': [ '0.25.1' ],
126 silly audit   '@esbuild/linux-mips64el': [ '0.25.1' ],
126 silly audit   '@esbuild/linux-ppc64': [ '0.25.1' ],
126 silly audit   '@esbuild/linux-riscv64': [ '0.25.1' ],
126 silly audit   '@esbuild/linux-s390x': [ '0.25.1' ],
126 silly audit   '@esbuild/linux-x64': [ '0.25.1' ],
126 silly audit   '@esbuild/netbsd-arm64': [ '0.25.1' ],
126 silly audit   '@esbuild/netbsd-x64': [ '0.25.1' ],
126 silly audit   '@esbuild/openbsd-arm64': [ '0.25.1' ],
126 silly audit   '@esbuild/openbsd-x64': [ '0.25.1' ],
126 silly audit   '@esbuild/sunos-x64': [ '0.25.1' ],
126 silly audit   '@esbuild/win32-arm64': [ '0.25.1' ],
126 silly audit   '@esbuild/win32-ia32': [ '0.25.1' ],
126 silly audit   '@esbuild/win32-x64': [ '0.25.1' ],
126 silly audit   '@eslint-community/eslint-utils': [ '4.5.1' ],
126 silly audit   'eslint-visitor-keys': [ '3.4.3', '4.2.0' ],
126 silly audit   '@eslint-community/regexpp': [ '4.12.1' ],
126 silly audit   '@eslint/config-array': [ '0.19.2' ],
126 silly audit   '@eslint/config-helpers': [ '0.2.0' ],
126 silly audit   '@eslint/core': [ '0.12.0' ],
126 silly audit   '@eslint/eslintrc': [ '3.3.1' ],
126 silly audit   '@eslint/js': [ '9.23.0' ],
126 silly audit   '@eslint/object-schema': [ '2.1.6' ],
126 silly audit   '@eslint/plugin-kit': [ '0.2.7' ],
126 silly audit   '@hookform/resolvers': [ '4.1.3' ],
126 silly audit   '@humanfs/core': [ '0.19.1' ],
126 silly audit   '@humanfs/node': [ '0.16.6' ],
126 silly audit   '@humanwhocodes/retry': [ '0.3.1', '0.4.2' ],
126 silly audit   '@humanwhocodes/module-importer': [ '1.0.1' ],
126 silly audit   '@img/sharp-darwin-arm64': [ '0.34.2' ],
126 silly audit   '@img/sharp-darwin-x64': [ '0.34.2' ],
126 silly audit   '@img/sharp-libvips-darwin-arm64': [ '1.1.0' ],
126 silly audit   '@img/sharp-libvips-darwin-x64': [ '1.1.0' ],
126 silly audit   '@img/sharp-libvips-linux-arm': [ '1.1.0' ],
126 silly audit   '@img/sharp-libvips-linux-arm64': [ '1.1.0' ],
126 silly audit   '@img/sharp-libvips-linux-ppc64': [ '1.1.0' ],
126 silly audit   '@img/sharp-libvips-linux-s390x': [ '1.1.0' ],
126 silly audit   '@img/sharp-libvips-linux-x64': [ '1.1.0' ],
126 silly audit   '@img/sharp-libvips-linuxmusl-arm64': [ '1.1.0' ],
126 silly audit   '@img/sharp-libvips-linuxmusl-x64': [ '1.1.0' ],
126 silly audit   '@img/sharp-linux-arm': [ '0.34.2' ],
126 silly audit   '@img/sharp-linux-arm64': [ '0.34.2' ],
126 silly audit   '@img/sharp-linux-s390x': [ '0.34.2' ],
126 silly audit   '@img/sharp-linux-x64': [ '0.34.2' ],
126 silly audit   '@img/sharp-linuxmusl-arm64': [ '0.34.2' ],
126 silly audit   '@img/sharp-linuxmusl-x64': [ '0.34.2' ],
126 silly audit   '@img/sharp-wasm32': [ '0.34.2' ],
126 silly audit   '@img/sharp-win32-arm64': [ '0.34.2' ],
126 silly audit   '@img/sharp-win32-ia32': [ '0.34.2' ],
126 silly audit   '@img/sharp-win32-x64': [ '0.34.2' ],
126 silly audit   '@jridgewell/gen-mapping': [ '0.3.8' ],
126 silly audit   '@jridgewell/resolve-uri': [ '3.1.2' ],
126 silly audit   '@jridgewell/set-array': [ '1.2.1' ],
126 silly audit   '@jridgewell/source-map': [ '0.3.6' ],
126 silly audit   '@jridgewell/sourcemap-codec': [ '1.5.0' ],
126 silly audit   '@jridgewell/trace-mapping': [ '0.3.25' ],
126 silly audit   '@ljharb/resumer': [ '0.0.1' ],
126 silly audit   '@ljharb/through': [ '2.3.14' ],
126 silly audit   '@naoak/workerize-transferable': [ '0.1.0' ],
126 silly audit   '@next/env': [ '15.3.4' ],
126 silly audit   '@next/swc-darwin-arm64': [ '15.3.4' ],
126 silly audit   '@next/swc-darwin-x64': [ '15.3.4' ],
126 silly audit   '@next/swc-linux-arm64-gnu': [ '15.3.4' ],
126 silly audit   '@next/swc-linux-arm64-musl': [ '15.3.4' ],
126 silly audit   '@next/swc-linux-x64-gnu': [ '15.3.4' ],
126 silly audit   '@next/swc-linux-x64-musl': [ '15.3.4' ],
126 silly audit   '@next/swc-win32-arm64-msvc': [ '15.3.4' ],
126 silly audit   '@next/swc-win32-x64-msvc': [ '15.3.4' ],
126 silly audit   '@nodelib/fs.scandir': [ '2.1.5' ],
126 silly audit   '@nodelib/fs.stat': [ '2.0.5' ],
126 silly audit   '@nodelib/fs.walk': [ '1.2.8' ],
126 silly audit   '@rc-component/async-validator': [ '5.0.4' ],
126 silly audit   '@rc-component/color-picker': [ '2.0.1' ],
126 silly audit   '@rc-component/context': [ '1.4.0' ],
126 silly audit   '@rc-component/mini-decimal': [ '1.1.0' ],
126 silly audit   '@rc-component/mutate-observer': [ '1.1.0' ],
126 silly audit   '@rc-component/portal': [ '1.1.2' ],
126 silly audit   '@rc-component/qrcode': [ '1.0.0' ],
126 silly audit   '@rc-component/tour': [ '1.15.1' ],
126 silly audit   '@rc-component/trigger': [ '2.2.6' ],
126 silly audit   '@rollup/rollup-android-arm-eabi': [ '4.36.0' ],
126 silly audit   '@rollup/rollup-android-arm64': [ '4.36.0' ],
126 silly audit   '@rollup/rollup-darwin-arm64': [ '4.36.0' ],
126 silly audit   '@rollup/rollup-darwin-x64': [ '4.36.0' ],
126 silly audit   '@rollup/rollup-freebsd-arm64': [ '4.36.0' ],
126 silly audit   '@rollup/rollup-freebsd-x64': [ '4.36.0' ],
126 silly audit   '@rollup/rollup-linux-arm-gnueabihf': [ '4.36.0' ],
126 silly audit   '@rollup/rollup-linux-arm-musleabihf': [ '4.36.0' ],
126 silly audit   '@rollup/rollup-linux-arm64-gnu': [ '4.36.0' ],
126 silly audit   '@rollup/rollup-linux-arm64-musl': [ '4.36.0' ],
126 silly audit   '@rollup/rollup-linux-loongarch64-gnu': [ '4.36.0' ],
126 silly audit   '@rollup/rollup-linux-powerpc64le-gnu': [ '4.36.0' ],
126 silly audit   '@rollup/rollup-linux-riscv64-gnu': [ '4.36.0' ],
126 silly audit   '@rollup/rollup-linux-s390x-gnu': [ '4.36.0' ],
126 silly audit   '@rollup/rollup-linux-x64-gnu': [ '4.36.0' ],
126 silly audit   '@rollup/rollup-linux-x64-musl': [ '4.36.0' ],
126 silly audit   '@rollup/rollup-win32-arm64-msvc': [ '4.36.0' ],
126 silly audit   '@rollup/rollup-win32-ia32-msvc': [ '4.36.0' ],
126 silly audit   '@rollup/rollup-win32-x64-msvc': [ '4.36.0' ],
126 silly audit   '@standard-schema/utils': [ '0.3.0' ],
126 silly audit   '@swc/counter': [ '0.1.3' ],
126 silly audit   '@swc/helpers': [ '0.5.15' ],
126 silly audit   '@tailwindcss/node': [ '4.0.15' ],
126 silly audit   '@tailwindcss/oxide': [ '4.0.15' ],
126 silly audit   '@tailwindcss/oxide-android-arm64': [ '4.0.15' ],
126 silly audit   '@tailwindcss/oxide-darwin-arm64': [ '4.0.15' ],
126 silly audit   '@tailwindcss/oxide-darwin-x64': [ '4.0.15' ],
126 silly audit   '@tailwindcss/oxide-freebsd-x64': [ '4.0.15' ],
126 silly audit   '@tailwindcss/oxide-linux-arm-gnueabihf': [ '4.0.15' ],
126 silly audit   '@tailwindcss/oxide-linux-arm64-gnu': [ '4.0.15' ],
126 silly audit   '@tailwindcss/oxide-linux-arm64-musl': [ '4.0.15' ],
126 silly audit   '@tailwindcss/oxide-linux-x64-gnu': [ '4.0.15' ],
126 silly audit   '@tailwindcss/oxide-linux-x64-musl': [ '4.0.15' ],
126 silly audit   '@tailwindcss/oxide-win32-arm64-msvc': [ '4.0.15' ],
126 silly audit   '@tailwindcss/oxide-win32-x64-msvc': [ '4.0.15' ],
126 silly audit   '@tailwindcss/vite': [ '4.0.15' ],
126 silly audit   '@types/babel__core': [ '7.20.5' ],
126 silly audit   '@types/babel__generator': [ '7.6.8' ],
126 silly audit   '@types/babel__template': [ '7.4.4' ],
126 silly audit   '@types/babel__traverse': [ '7.20.6' ],
126 silly audit   '@types/cookie': [ '0.6.0' ],
126 silly audit   '@types/d3-array': [ '3.2.1' ],
126 silly audit   '@types/d3-color': [ '3.1.3' ],
126 silly audit   '@types/d3-dispatch': [ '3.0.6' ],
126 silly audit   '@types/d3-dsv': [ '3.0.7' ],
126 silly audit   '@types/d3-ease': [ '3.0.2' ],
126 silly audit   '@types/d3-fetch': [ '3.0.7' ],
126 silly audit   '@types/d3-force': [ '3.0.10' ],
126 silly audit   '@types/d3-format': [ '3.0.4' ],
126 silly audit   '@types/d3-geo': [ '3.1.0' ],
126 silly audit   '@types/d3-hierarchy': [ '3.1.7' ],
126 silly audit   '@types/d3-interpolate': [ '3.0.4' ],
126 silly audit   '@types/d3-path': [ '3.1.1' ],
126 silly audit   '@types/d3-quadtree': [ '3.0.6' ],
126 silly audit   '@types/d3-random': [ '3.0.3' ],
126 silly audit   '@types/d3-scale': [ '4.0.9' ],
126 silly audit   '@types/d3-scale-chromatic': [ '3.1.0' ],
126 silly audit   '@types/d3-shape': [ '3.1.7' ],
126 silly audit   '@types/d3-time': [ '3.0.4' ],
126 silly audit   '@types/d3-timer': [ '3.0.2' ],
126 silly audit   '@types/eslint': [ '9.6.1' ],
126 silly audit   '@types/eslint-scope': [ '3.7.7' ],
126 silly audit   '@types/estree': [ '1.0.6' ],
126 silly audit   '@types/geojson': [ '7946.0.16' ],
126 silly audit   '@types/json-schema': [ '7.0.15' ],
126 silly audit   '@types/node': [ '22.15.3' ],
126 silly audit   '@types/react': [ '19.0.12' ],
126 silly audit   '@types/react-dom': [ '19.0.4' ],
126 silly audit   '@types/stylis': [ '4.2.5' ],
126 silly audit   '@typescript-eslint/eslint-plugin': [ '8.27.0' ],
126 silly audit   '@typescript-eslint/parser': [ '8.27.0' ],
126 silly audit   '@typescript-eslint/scope-manager': [ '8.27.0' ],
126 silly audit   '@typescript-eslint/type-utils': [ '8.27.0' ],
126 silly audit   '@typescript-eslint/types': [ '8.27.0' ],
126 silly audit   '@typescript-eslint/typescript-estree': [ '8.27.0' ],
126 silly audit   'brace-expansion': [ '2.0.1', '1.1.11' ],
126 silly audit   minimatch: [ '9.0.5', '3.1.2' ],
126 silly audit   semver: [ '7.7.1', '6.3.1', '7.7.2' ],
126 silly audit   '@typescript-eslint/utils': [ '8.27.0' ],
126 silly audit   '@typescript-eslint/visitor-keys': [ '8.27.0' ],
126 silly audit   '@vitejs/plugin-react': [ '4.3.4' ],
126 silly audit   '@webassemblyjs/ast': [ '1.14.1' ],
126 silly audit   '@webassemblyjs/floating-point-hex-parser': [ '1.13.2' ],
126 silly audit   '@webassemblyjs/helper-api-error': [ '1.13.2' ],
126 silly audit   '@webassemblyjs/helper-buffer': [ '1.14.1' ],
126 silly audit   '@webassemblyjs/helper-numbers': [ '1.13.2' ],
126 silly audit   '@webassemblyjs/helper-wasm-bytecode': [ '1.13.2' ],
126 silly audit   '@webassemblyjs/helper-wasm-section': [ '1.14.1' ],
126 silly audit   '@webassemblyjs/ieee754': [ '1.13.2' ],
126 silly audit   '@webassemblyjs/leb128': [ '1.13.2' ],
126 silly audit   '@webassemblyjs/utf8': [ '1.13.2' ],
126 silly audit   '@webassemblyjs/wasm-edit': [ '1.14.1' ],
126 silly audit   '@webassemblyjs/wasm-gen': [ '1.14.1' ],
126 silly audit   '@webassemblyjs/wasm-opt': [ '1.14.1' ],
126 silly audit   '@webassemblyjs/wasm-parser': [ '1.14.1' ],
126 silly audit   '@webassemblyjs/wast-printer': [ '1.14.1' ],
126 silly audit   '@xtuc/ieee754': [ '1.2.0' ],
126 silly audit   '@xtuc/long': [ '4.2.2' ],
126 silly audit   acorn: [ '8.14.1' ],
126 silly audit   'acorn-jsx': [ '5.3.2' ],
126 silly audit   ajv: [ '6.12.6', '8.17.1' ],
126 silly audit   'ajv-formats': [ '2.1.1' ],
126 silly audit   'json-schema-traverse': [ '1.0.0', '0.4.1' ],
126 silly audit   'align-text': [ '0.1.4' ],
126 silly audit   amdefine: [ '1.0.1' ],
126 silly audit   'ansi-regex': [ '2.1.1' ],
126 silly audit   'ansi-styles': [ '4.3.0', '2.2.1' ],
126 silly audit   antd: [ '5.24.4' ],
126 silly audit   argparse: [ '2.0.1' ],
126 silly audit   'array-buffer-byte-length': [ '1.0.2' ],
126 silly audit   'arraybuffer.prototype.slice': [ '1.0.4' ],
126 silly audit   'async-function': [ '1.0.0' ],
126 silly audit   'available-typed-arrays': [ '1.0.7' ],
126 silly audit   'balanced-match': [ '1.0.2' ],
126 silly audit   'big.js': [ '5.2.2' ],
126 silly audit   braces: [ '3.0.3' ],
126 silly audit   browserslist: [ '4.24.4' ],
126 silly audit   'bubblesets-js': [ '2.3.4' ],
126 silly audit   'buffer-from': [ '1.1.2' ],
126 silly audit   busboy: [ '1.6.0' ],
126 silly audit   'call-bind': [ '1.0.8' ],
126 silly audit   'call-bind-apply-helpers': [ '1.0.2' ],
126 silly audit   'call-bound': [ '1.0.4' ],
126 silly audit   callsites: [ '3.1.0' ],
126 silly audit   camelcase: [ '1.2.1' ],
126 silly audit   camelize: [ '1.0.1' ],
126 silly audit   'caniuse-lite': [ '1.0.30001707' ],
126 silly audit   'center-align': [ '0.1.3' ],
126 silly audit   chalk: [ '4.1.2', '1.1.3' ],
126 silly audit   'chrome-trace-event': [ '1.0.4' ],
126 silly audit   classnames: [ '2.5.1' ],
126 silly audit   'client-only': [ '0.0.1' ],
126 silly audit   cliui: [ '2.1.0' ],
126 silly audit   color: [ '4.2.3' ],
126 silly audit   'color-convert': [ '2.0.1' ],
126 silly audit   'color-name': [ '1.1.4' ],
126 silly audit   'color-string': [ '1.9.1' ],
126 silly audit   comlink: [ '4.4.2' ],
126 silly audit   commander: [ '7.2.0', '2.20.3' ],
126 silly audit   'compute-scroll-into-view': [ '3.1.1' ],
126 silly audit   'concat-map': [ '0.0.1' ],
126 silly audit   contour_plot: [ '0.0.1' ],
126 silly audit   'convert-source-map': [ '2.0.0' ],
126 silly audit   cookie: [ '1.0.2' ],
126 silly audit   'copy-to-clipboard': [ '3.3.3' ],
126 silly audit   'cross-spawn': [ '7.0.6' ],
126 silly audit   'css-color-keywords': [ '1.0.0' ],
126 silly audit   'css-to-react-native': [ '3.2.0' ],
126 silly audit   csstype: [ '3.1.3' ],
126 silly audit   'd3-array': [ '3.2.4' ],
126 silly audit   'd3-binarytree': [ '1.0.2' ],
126 silly audit   'd3-color': [ '3.1.0' ],
126 silly audit   'd3-dispatch': [ '3.0.1' ],
126 silly audit   'd3-dsv': [ '3.0.1' ],
126 silly audit   'd3-ease': [ '3.0.1' ],
126 silly audit   'd3-fetch': [ '3.0.1' ],
126 silly audit   'd3-force': [ '3.0.0' ],
126 silly audit   'd3-force-3d': [ '3.0.6' ],
126 silly audit   'd3-format': [ '3.1.0' ],
126 silly audit   'd3-geo': [ '3.1.1' ],
126 silly audit   'd3-geo-projection': [ '4.0.0' ],
126 silly audit   'd3-hierarchy': [ '3.1.2' ],
126 silly audit   'd3-interpolate': [ '3.0.1' ],
126 silly audit   'd3-octree': [ '1.1.0' ],
126 silly audit   'd3-path': [ '3.1.0' ],
126 silly audit   'd3-quadtree': [ '3.0.1' ],
126 silly audit   'd3-random': [ '3.0.1' ],
126 silly audit   'd3-regression': [ '1.3.10' ],
126 silly audit   'd3-scale': [ '4.0.2' ],
126 silly audit   'd3-scale-chromatic': [ '3.1.0' ],
126 silly audit   'd3-shape': [ '3.2.0' ],
126 silly audit   'd3-time': [ '3.1.0' ],
126 silly audit   'd3-time-format': [ '4.1.0' ],
126 silly audit   'd3-timer': [ '3.0.1' ],
126 silly audit   dagre: [ '0.8.5' ],
126 silly audit   'data-view-buffer': [ '1.0.2' ],
126 silly audit   'data-view-byte-length': [ '1.0.2' ],
126 silly audit   'data-view-byte-offset': [ '1.0.1' ],
126 silly audit   dayjs: [ '1.11.13' ],
126 silly audit   debug: [ '4.4.0' ],
126 silly audit   decamelize: [ '1.2.0' ],
126 silly audit   'deep-equal': [ '1.1.2' ],
126 silly audit   'deep-is': [ '0.1.4' ],
126 silly audit   'define-data-property': [ '1.1.4' ],
126 silly audit   'define-properties': [ '1.2.1' ],
126 silly audit   defined: [ '1.0.1' ],
126 silly audit   'detect-libc': [ '2.0.4' ],
126 silly audit   dotignore: [ '0.1.2' ],
126 silly audit   'dunder-proto': [ '1.0.1' ],
126 silly audit   'electron-to-chromium': [ '1.5.123' ],
126 silly audit   'emojis-list': [ '3.0.0' ],
126 silly audit   'enhanced-resolve': [ '5.18.1' ],
126 silly audit   'es-abstract': [ '1.23.9' ],
126 silly audit   'is-regex': [ '1.2.1', '1.1.4' ],
126 silly audit   'object-inspect': [ '1.13.4', '1.12.3' ],
126 silly audit   'es-define-property': [ '1.0.1' ],
126 silly audit   'es-errors': [ '1.3.0' ],
126 silly audit   'es-module-lexer': [ '1.7.0' ],
126 silly audit   'es-object-atoms': [ '1.1.1' ],
126 silly audit   'es-set-tostringtag': [ '2.1.0' ],
126 silly audit   'es-to-primitive': [ '1.3.0' ],
126 silly audit   esbuild: [ '0.25.1' ],
126 silly audit   escalade: [ '3.2.0' ],
126 silly audit   'escape-string-regexp': [ '4.0.0', '1.0.5' ],
126 silly audit   eslint: [ '9.23.0' ],
126 silly audit   'eslint-plugin-react-hooks': [ '5.2.0' ],
126 silly audit   'eslint-plugin-react-refresh': [ '0.4.19' ],
126 silly audit   'eslint-scope': [ '8.3.0', '5.1.1' ],
126 silly audit   espree: [ '10.3.0' ],
126 silly audit   esquery: [ '1.6.0' ],
126 silly audit   esrecurse: [ '4.3.0' ],
126 silly audit   estraverse: [ '5.3.0', '4.3.0' ],
126 silly audit   esutils: [ '2.0.3' ],
126 silly audit   eventemitter3: [ '5.0.1' ],
126 silly audit   events: [ '3.3.0' ],
126 silly audit   'fast-deep-equal': [ '3.1.3' ],
126 silly audit   'fast-glob': [ '3.3.3' ],
126 silly audit   'glob-parent': [ '5.1.2', '6.0.2' ],
126 silly audit   'fast-json-stable-stringify': [ '2.1.0' ],
126 silly audit   'fast-levenshtein': [ '2.0.6' ],
126 silly audit   'fast-uri': [ '3.0.6' ],
126 silly audit   fastq: [ '1.19.1' ],
126 silly audit   fecha: [ '4.2.3' ],
126 silly audit   'file-entry-cache': [ '8.0.0' ],
126 silly audit   'fill-range': [ '7.1.1' ],
126 silly audit   'find-up': [ '5.0.0' ],
126 silly audit   'flat-cache': [ '4.0.1' ],
126 silly audit   flatted: [ '3.3.3' ],
126 silly audit   flru: [ '1.0.2' ],
126 silly audit   fmin: [ '0.0.2' ],
126 silly audit   rollup: [ '0.25.8', '4.36.0' ],
126 silly audit   'source-map': [ '0.1.32', '0.5.7', '0.6.1' ],
126 silly audit   'source-map-support': [ '0.3.3', '0.5.21' ],
126 silly audit   'supports-color': [ '2.0.0', '8.1.1', '7.2.0' ],
126 silly audit   'for-each': [ '0.3.5' ],
126 silly audit   'fs.realpath': [ '1.0.0' ],
126 silly audit   fsevents: [ '2.3.3' ],
126 silly audit   'function-bind': [ '1.1.2' ],
126 silly audit   'function.prototype.name': [ '1.1.8' ],
126 silly audit   'functions-have-names': [ '1.2.3' ],
126 silly audit   gensync: [ '1.0.0-beta.2' ],
126 silly audit   'get-intrinsic': [ '1.3.0' ],
126 silly audit   'get-proto': [ '1.0.1' ],
126 silly audit   'get-symbol-description': [ '1.1.0' ],
126 silly audit   'gl-matrix': [ '3.4.3' ],
126 silly audit   glob: [ '7.2.3' ],
126 silly audit   'glob-to-regexp': [ '0.4.1' ],
126 silly audit   globalthis: [ '1.0.4' ],
126 silly audit   gopd: [ '1.2.0' ],
126 silly audit   'graceful-fs': [ '4.2.11' ],
126 silly audit   graphemer: [ '1.4.0' ],
126 silly audit   graphlib: [ '2.1.8' ],
126 silly audit   has: [ '1.0.4' ],
126 silly audit   'has-ansi': [ '2.0.0' ],
126 silly audit   'has-bigints': [ '1.1.0' ],
126 silly audit   'has-flag': [ '4.0.0' ],
126 silly audit   'has-property-descriptors': [ '1.0.2' ],
126 silly audit   'has-proto': [ '1.2.0' ],
126 silly audit   'has-symbols': [ '1.1.0' ],
126 silly audit   'has-tostringtag': [ '1.0.2' ],
126 silly audit   hasown: [ '2.0.2' ],
126 silly audit   'iconv-lite': [ '0.6.3' ],
126 silly audit   ignore: [ '5.3.2' ],
126 silly audit   'import-fresh': [ '3.3.1' ],
126 silly audit   imurmurhash: [ '0.1.4' ],
126 silly audit   inflight: [ '1.0.6' ],
126 silly audit   inherits: [ '2.0.4' ],
126 silly audit   'internal-slot': [ '1.1.0' ],
126 silly audit   internmap: [ '2.0.3' ],
126 silly audit   'is-any-array': [ '2.0.1' ],
126 silly audit   'is-arguments': [ '1.2.0' ],
126 silly audit   'is-array-buffer': [ '3.0.5' ],
126 silly audit   'is-arrayish': [ '0.3.2' ],
126 silly audit   'is-async-function': [ '2.1.1' ],
126 silly audit   'is-bigint': [ '1.1.0' ],
126 silly audit   'is-boolean-object': [ '1.2.2' ],
126 silly audit   'is-buffer': [ '1.1.6' ],
126 silly audit   'is-callable': [ '1.2.7' ],
126 silly audit   'is-core-module': [ '2.16.1' ],
126 silly audit   'is-data-view': [ '1.0.2' ],
126 silly audit   'is-date-object': [ '1.1.0' ],
126 silly audit   'is-extglob': [ '2.1.1' ],
126 silly audit   'is-finalizationregistry': [ '1.1.1' ],
126 silly audit   'is-generator-function': [ '1.1.0' ],
126 silly audit   'is-glob': [ '4.0.3' ],
126 silly audit   'is-map': [ '2.0.3' ],
126 silly audit   'is-number': [ '7.0.0' ],
126 silly audit   'is-number-object': [ '1.1.1' ],
126 silly audit   'is-set': [ '2.0.3' ],
126 silly audit   'is-shared-array-buffer': [ '1.0.4' ],
126 silly audit   'is-string': [ '1.1.1' ],
126 silly audit   'is-symbol': [ '1.1.1' ],
126 silly audit   'is-typed-array': [ '1.1.15' ],
126 silly audit   'is-weakmap': [ '2.0.2' ],
126 silly audit   'is-weakref': [ '1.1.1' ],
126 silly audit   'is-weakset': [ '2.0.4' ],
126 silly audit   isarray: [ '2.0.5' ],
126 silly audit   isexe: [ '2.0.0' ],
126 silly audit   'jest-worker': [ '27.5.1' ],
126 silly audit   jiti: [ '2.4.2' ],
126 silly audit   'js-tokens': [ '4.0.0' ],
126 silly audit   'js-yaml': [ '4.1.0' ],
126 silly audit   jsesc: [ '3.1.0' ],
126 silly audit   'json-buffer': [ '3.0.1' ],
126 silly audit   'json-parse-even-better-errors': [ '2.3.1' ],
126 silly audit   'json-stable-stringify-without-jsonify': [ '1.0.1' ],
126 silly audit   json2module: [ '0.0.3' ],
126 silly audit   json2mq: [ '0.2.0' ],
126 silly audit   json5: [ '2.2.3' ],
126 silly audit   keyv: [ '4.5.4' ],
126 silly audit   'kind-of': [ '3.2.2' ],
126 silly audit   'lazy-cache': [ '1.0.4' ],
126 silly audit   levn: [ '0.4.1' ],
126 silly audit   lightningcss: [ '1.29.2' ],
126 silly audit   'lightningcss-darwin-arm64': [ '1.29.2' ],
126 silly audit   'lightningcss-darwin-x64': [ '1.29.2' ],
126 silly audit   'lightningcss-freebsd-x64': [ '1.29.2' ],
126 silly audit   'lightningcss-linux-arm-gnueabihf': [ '1.29.2' ],
126 silly audit   'lightningcss-linux-arm64-gnu': [ '1.29.2' ],
126 silly audit   'lightningcss-linux-arm64-musl': [ '1.29.2' ],
126 silly audit   'lightningcss-linux-x64-gnu': [ '1.29.2' ],
126 silly audit   'lightningcss-linux-x64-musl': [ '1.29.2' ],
126 silly audit   'lightningcss-win32-arm64-msvc': [ '1.29.2' ],
126 silly audit   'lightningcss-win32-x64-msvc': [ '1.29.2' ],
126 silly audit   'loader-runner': [ '4.3.0' ],
126 silly audit   'loader-utils': [ '2.0.4' ],
126 silly audit   'locate-path': [ '6.0.0' ],
126 silly audit   lodash: [ '4.17.21' ],
126 silly audit   'lodash.merge': [ '4.6.2' ],
126 silly audit   longest: [ '1.0.1' ],
126 silly audit   'loose-envify': [ '1.4.0' ],
126 silly audit   'lru-cache': [ '5.1.1' ],
126 silly audit   'math-intrinsics': [ '1.1.0' ],
126 silly audit   'merge-stream': [ '2.0.0' ],
126 silly audit   merge2: [ '1.4.1' ],
126 silly audit   micromatch: [ '4.0.8' ],
126 silly audit   'mime-db': [ '1.52.0' ],
126 silly audit   'mime-types': [ '2.1.35' ],
126 silly audit   minimist: [ '1.2.8' ],
126 silly audit   'ml-array-max': [ '1.2.4' ],
126 silly audit   'ml-array-min': [ '1.2.3' ],
126 silly audit   'ml-array-rescale': [ '1.3.7' ],
126 silly audit   'ml-matrix': [ '6.12.1' ],
126 silly audit   'mock-property': [ '1.0.3' ],
126 silly audit   ms: [ '2.1.3' ],
126 silly audit   nanoid: [ '3.3.11' ],
126 silly audit   'natural-compare': [ '1.4.0' ],
126 silly audit   'neo-async': [ '2.6.2' ],
126 silly audit   next: [ '15.3.4' ],
126 silly audit   postcss: [ '8.4.31', '8.5.3', '8.4.49' ],
126 silly audit   'node-releases': [ '2.0.19' ],
126 silly audit   'object-is': [ '1.1.6' ],
126 silly audit   'object-keys': [ '1.1.1' ],
126 silly audit   'object.assign': [ '4.1.7' ],
126 silly audit   once: [ '1.4.0' ],
126 silly audit   optionator: [ '0.9.4' ],
126 silly audit   'own-keys': [ '1.0.1' ],
126 silly audit   'p-limit': [ '3.1.0' ],
126 silly audit   'p-locate': [ '5.0.0' ],
126 silly audit   'parent-module': [ '1.0.1' ],
126 silly audit   'path-exists': [ '4.0.0' ],
126 silly audit   'path-is-absolute': [ '1.0.1' ],
126 silly audit   'path-key': [ '3.1.1' ],
126 silly audit   'path-parse': [ '1.0.7' ],
126 silly audit   pdfast: [ '0.2.0' ],
126 silly audit   picocolors: [ '1.1.1' ],
126 silly audit   picomatch: [ '2.3.1' ],
126 silly audit   'possible-typed-array-names': [ '1.1.0' ],
126 silly audit   'postcss-value-parser': [ '4.2.0' ],
126 silly audit   'prelude-ls': [ '1.2.1' ],
126 silly audit   process: [ '0.11.10' ],
126 silly audit   punycode: [ '2.3.1' ],
126 silly audit   'queue-microtask': [ '1.2.3' ],
126 silly audit   quickselect: [ '2.0.0' ],
126 silly audit   randombytes: [ '2.1.0' ],
126 silly audit   rbush: [ '3.0.1' ],
126 silly audit   'rc-cascader': [ '3.33.1' ],
126 silly audit   'rc-checkbox': [ '3.5.0' ],
126 silly audit   'rc-collapse': [ '3.9.0' ],
126 silly audit   'rc-dialog': [ '9.6.0' ],
126 silly audit   'rc-drawer': [ '7.2.0' ],
126 silly audit   'rc-dropdown': [ '4.2.1' ],
126 silly audit   'rc-field-form': [ '2.7.0' ],
126 silly audit   'rc-image': [ '7.11.1' ],
126 silly audit   'rc-input': [ '1.7.3' ],
126 silly audit   'rc-input-number': [ '9.4.0' ],
126 silly audit   'rc-mentions': [ '2.19.1' ],
126 silly audit   'rc-menu': [ '9.16.1' ],
126 silly audit   'rc-motion': [ '2.9.5' ],
126 silly audit   'rc-notification': [ '5.6.3' ],
126 silly audit   'rc-overflow': [ '1.4.1' ],
126 silly audit   'rc-pagination': [ '5.1.0' ],
126 silly audit   'rc-picker': [ '4.11.3' ],
126 silly audit   'rc-progress': [ '4.0.0' ],
126 silly audit   'rc-rate': [ '2.13.1' ],
126 silly audit   'rc-resize-observer': [ '1.4.3' ],
126 silly audit   'rc-segmented': [ '2.7.0' ],
126 silly audit   'rc-select': [ '14.16.6' ],
126 silly audit   'rc-slider': [ '11.1.8' ],
126 silly audit   'rc-steps': [ '6.0.1' ],
126 silly audit   'rc-switch': [ '4.1.0' ],
126 silly audit   'rc-table': [ '7.50.4' ],
126 silly audit   'rc-tabs': [ '15.5.1' ],
126 silly audit   'rc-textarea': [ '1.9.0' ],
126 silly audit   'rc-tooltip': [ '6.4.0' ],
126 silly audit   'rc-tree': [ '5.13.1' ],
126 silly audit   'rc-tree-select': [ '5.27.0' ],
126 silly audit   'rc-upload': [ '4.8.1' ],
126 silly audit   'rc-util': [ '5.44.4' ],
126 silly audit   'rc-virtual-list': [ '3.18.5' ],
126 silly audit   'react-hook-form': [ '7.54.2' ],
126 silly audit   'react-icons': [ '5.5.0' ],
126 silly audit   'react-is': [ '18.3.1' ],
126 silly audit   'react-refresh': [ '0.14.2' ],
126 silly audit   'react-router': [ '7.4.0' ],
126 silly audit   'react-router-dom': [ '7.4.0' ],
126 silly audit   'reflect.getprototypeof': [ '1.0.10' ],
126 silly audit   'regenerator-runtime': [ '0.14.1' ],
126 silly audit   'regexp.prototype.flags': [ '1.5.4' ],
126 silly audit   'repeat-string': [ '1.6.1' ],
126 silly audit   'require-from-string': [ '2.0.2' ],
126 silly audit   'resize-observer-polyfill': [ '1.5.1' ],
126 silly audit   resolve: [ '1.22.10' ],
126 silly audit   'resolve-from': [ '4.0.0' ],
126 silly audit   reusify: [ '1.1.0' ],
126 silly audit   'right-align': [ '0.1.3' ],
126 silly audit   'run-parallel': [ '1.2.0' ],
126 silly audit   rw: [ '1.3.3' ],
126 silly audit   'safe-array-concat': [ '1.1.3' ],
126 silly audit   'safe-buffer': [ '5.2.1' ],
126 silly audit   'safe-push-apply': [ '1.0.0' ],
126 silly audit   'safe-regex-test': [ '1.1.0' ],
126 silly audit   'safer-buffer': [ '2.1.2' ],
126 silly audit   'schema-utils': [ '4.3.2' ],
126 silly audit   'ajv-keywords': [ '5.1.0' ],
126 silly audit   'scroll-into-view-if-needed': [ '3.1.0' ],
126 silly audit   'serialize-javascript': [ '6.0.2' ],
126 silly audit   'set-cookie-parser': [ '2.7.1' ],
126 silly audit   'set-function-length': [ '1.2.2' ],
126 silly audit   'set-function-name': [ '2.0.2' ],
126 silly audit   'set-proto': [ '1.0.0' ],
126 silly audit   shallowequal: [ '1.1.0' ],
126 silly audit   sharp: [ '0.34.2' ],
126 silly audit   'shebang-command': [ '2.0.0' ],
126 silly audit   'shebang-regex': [ '3.0.0' ],
126 silly audit   'side-channel': [ '1.1.0' ],
126 silly audit   'side-channel-list': [ '1.0.0' ],
126 silly audit   'side-channel-map': [ '1.0.1' ],
126 silly audit   'side-channel-weakmap': [ '1.0.2' ],
126 silly audit   'simple-swizzle': [ '0.2.2' ],
126 silly audit   sonner: [ '2.0.1' ],
126 silly audit   'source-map-js': [ '1.2.1' ],
126 silly audit   streamsearch: [ '1.1.0' ],
126 silly audit   'string-convert': [ '0.2.1' ],
126 silly audit   'string.prototype.trim': [ '1.2.10' ],
126 silly audit   'string.prototype.trimend': [ '1.0.9' ],
126 silly audit   'string.prototype.trimstart': [ '1.0.8' ],
126 silly audit   'strip-ansi': [ '3.0.1' ],
126 silly audit   'strip-json-comments': [ '3.1.1' ],
126 silly audit   'styled-components': [ '6.1.17' ],
126 silly audit   stylis: [ '4.3.2', '4.3.6' ],
126 silly audit   tslib: [ '2.6.2', '2.8.1' ],
126 silly audit   'styled-jsx': [ '5.1.6' ],
126 silly audit   'supports-preserve-symlinks-flag': [ '1.0.0' ],
126 silly audit   'svg-path-parser': [ '1.1.0' ],
126 silly audit   tailwindcss: [ '4.0.15' ],
126 silly audit   tapable: [ '2.2.1' ],
126 silly audit   tape: [ '4.17.0' ],
126 silly audit   terser: [ '5.39.0' ],
126 silly audit   'terser-webpack-plugin': [ '5.3.14' ],
126 silly audit   'throttle-debounce': [ '5.0.2' ],
126 silly audit   'to-regex-range': [ '5.0.1' ],
126 silly audit   'toggle-selection': [ '1.0.6' ],
126 silly audit   'ts-api-utils': [ '2.1.0' ],
126 silly audit   'turbo-stream': [ '2.4.0' ],
126 silly audit   'type-check': [ '0.4.0' ],
126 silly audit   'typed-array-buffer': [ '1.0.3' ],
126 silly audit   'typed-array-byte-length': [ '1.0.3' ],
126 silly audit   'typed-array-byte-offset': [ '1.0.4' ],
126 silly audit   'typed-array-length': [ '1.0.7' ],
126 silly audit   typescript: [ '5.7.3' ],
126 silly audit   'typescript-eslint': [ '8.27.0' ],
126 silly audit   'uglify-js': [ '2.8.29' ],
126 silly audit   'uglify-to-browserify': [ '1.0.2' ],
126 silly audit   'unbox-primitive': [ '1.1.0' ],
126 silly audit   'undici-types': [ '6.21.0' ],
126 silly audit   'update-browserslist-db': [ '1.1.3' ],
126 silly audit   'uri-js': [ '4.4.1' ],
126 silly audit   vite: [ '6.2.2' ],
126 silly audit   watchpack: [ '2.4.2' ],
126 silly audit   webpack: [ '5.99.7' ],
126 silly audit   'webpack-sources': [ '3.2.3' ],
126 silly audit   which: [ '2.0.2' ],
126 silly audit   'which-boxed-primitive': [ '1.1.1' ],
126 silly audit   'which-builtin-type': [ '1.2.1' ],
126 silly audit   'which-collection': [ '1.0.2' ],
126 silly audit   'which-typed-array': [ '1.1.19' ],
126 silly audit   'window-size': [ '0.1.0' ],
126 silly audit   'word-wrap': [ '1.2.5' ],
126 silly audit   wordwrap: [ '0.0.2' ],
126 silly audit   'workerize-loader': [ '2.0.2' ],
126 silly audit   wrappy: [ '1.0.2' ],
126 silly audit   yallist: [ '3.1.1' ],
126 silly audit   yargs: [ '3.10.0' ],
126 silly audit   'yocto-queue': [ '0.1.0' ],
126 silly audit   zod: [ '1.11.17' ],
126 silly audit   recharts: [ '3.0.2' ],
126 silly audit   '@reduxjs/toolkit': [ '2.8.2' ],
126 silly audit   clsx: [ '2.1.1' ],
126 silly audit   'decimal.js-light': [ '2.5.1' ],
126 silly audit   'es-toolkit': [ '1.39.6' ],
126 silly audit   immer: [ '10.1.1' ],
126 silly audit   'react-redux': [ '9.2.0' ],
126 silly audit   reselect: [ '5.1.1' ],
126 silly audit   'tiny-invariant': [ '1.3.3' ],
126 silly audit   'use-sync-external-store': [ '1.5.0' ],
126 silly audit   'victory-vendor': [ '37.3.6' ],
126 silly audit   '@standard-schema/spec': [ '1.0.0' ],
126 silly audit   redux: [ '5.0.1' ],
126 silly audit   'redux-thunk': [ '3.1.0' ],
126 silly audit   '@types/use-sync-external-store': [ '0.0.6' ]
126 silly audit }
127 verbose reify failed optional dependency C:\Users\game0\Desktop\Devine Project\dashboard-boilerPlate\node_modules\lightningcss-win32-arm64-msvc
128 silly reify mark deleted [
128 silly reify   'C:\\Users\\game0\\Desktop\\Devine Project\\dashboard-boilerPlate\\node_modules\\lightningcss-win32-arm64-msvc'
128 silly reify ]
129 verbose reify failed optional dependency C:\Users\game0\Desktop\Devine Project\dashboard-boilerPlate\node_modules\lightningcss-linux-x64-musl
130 silly reify mark deleted [
130 silly reify   'C:\\Users\\game0\\Desktop\\Devine Project\\dashboard-boilerPlate\\node_modules\\lightningcss-linux-x64-musl'
130 silly reify ]
131 verbose reify failed optional dependency C:\Users\game0\Desktop\Devine Project\dashboard-boilerPlate\node_modules\lightningcss-linux-x64-gnu
132 silly reify mark deleted [
132 silly reify   'C:\\Users\\game0\\Desktop\\Devine Project\\dashboard-boilerPlate\\node_modules\\lightningcss-linux-x64-gnu'
132 silly reify ]
133 verbose reify failed optional dependency C:\Users\game0\Desktop\Devine Project\dashboard-boilerPlate\node_modules\lightningcss-linux-arm64-musl
134 silly reify mark deleted [
134 silly reify   'C:\\Users\\game0\\Desktop\\Devine Project\\dashboard-boilerPlate\\node_modules\\lightningcss-linux-arm64-musl'
134 silly reify ]
135 verbose reify failed optional dependency C:\Users\game0\Desktop\Devine Project\dashboard-boilerPlate\node_modules\lightningcss-linux-arm64-gnu
136 silly reify mark deleted [
136 silly reify   'C:\\Users\\game0\\Desktop\\Devine Project\\dashboard-boilerPlate\\node_modules\\lightningcss-linux-arm64-gnu'
136 silly reify ]
137 verbose reify failed optional dependency C:\Users\game0\Desktop\Devine Project\dashboard-boilerPlate\node_modules\lightningcss-linux-arm-gnueabihf
138 silly reify mark deleted [
138 silly reify   'C:\\Users\\game0\\Desktop\\Devine Project\\dashboard-boilerPlate\\node_modules\\lightningcss-linux-arm-gnueabihf'
138 silly reify ]
139 verbose reify failed optional dependency C:\Users\game0\Desktop\Devine Project\dashboard-boilerPlate\node_modules\lightningcss-freebsd-x64
140 silly reify mark deleted [
140 silly reify   'C:\\Users\\game0\\Desktop\\Devine Project\\dashboard-boilerPlate\\node_modules\\lightningcss-freebsd-x64'
140 silly reify ]
141 verbose reify failed optional dependency C:\Users\game0\Desktop\Devine Project\dashboard-boilerPlate\node_modules\lightningcss-darwin-x64
142 silly reify mark deleted [
142 silly reify   'C:\\Users\\game0\\Desktop\\Devine Project\\dashboard-boilerPlate\\node_modules\\lightningcss-darwin-x64'
142 silly reify ]
143 verbose reify failed optional dependency C:\Users\game0\Desktop\Devine Project\dashboard-boilerPlate\node_modules\lightningcss-darwin-arm64
144 silly reify mark deleted [
144 silly reify   'C:\\Users\\game0\\Desktop\\Devine Project\\dashboard-boilerPlate\\node_modules\\lightningcss-darwin-arm64'
144 silly reify ]
145 verbose reify failed optional dependency C:\Users\game0\Desktop\Devine Project\dashboard-boilerPlate\node_modules\fsevents
146 silly reify mark deleted [
146 silly reify   'C:\\Users\\game0\\Desktop\\Devine Project\\dashboard-boilerPlate\\node_modules\\fsevents'
146 silly reify ]
147 verbose reify failed optional dependency C:\Users\game0\Desktop\Devine Project\dashboard-boilerPlate\node_modules\@tailwindcss\oxide-win32-arm64-msvc
148 silly reify mark deleted [
148 silly reify   'C:\\Users\\game0\\Desktop\\Devine Project\\dashboard-boilerPlate\\node_modules\\@tailwindcss\\oxide-win32-arm64-msvc'
148 silly reify ]
149 verbose reify failed optional dependency C:\Users\game0\Desktop\Devine Project\dashboard-boilerPlate\node_modules\@tailwindcss\oxide-linux-x64-musl
150 silly reify mark deleted [
150 silly reify   'C:\\Users\\game0\\Desktop\\Devine Project\\dashboard-boilerPlate\\node_modules\\@tailwindcss\\oxide-linux-x64-musl'
150 silly reify ]
151 verbose reify failed optional dependency C:\Users\game0\Desktop\Devine Project\dashboard-boilerPlate\node_modules\@tailwindcss\oxide-linux-x64-gnu
152 silly reify mark deleted [
152 silly reify   'C:\\Users\\game0\\Desktop\\Devine Project\\dashboard-boilerPlate\\node_modules\\@tailwindcss\\oxide-linux-x64-gnu'
152 silly reify ]
153 verbose reify failed optional dependency C:\Users\game0\Desktop\Devine Project\dashboard-boilerPlate\node_modules\@tailwindcss\oxide-linux-arm64-musl
154 silly reify mark deleted [
154 silly reify   'C:\\Users\\game0\\Desktop\\Devine Project\\dashboard-boilerPlate\\node_modules\\@tailwindcss\\oxide-linux-arm64-musl'
154 silly reify ]
155 verbose reify failed optional dependency C:\Users\game0\Desktop\Devine Project\dashboard-boilerPlate\node_modules\@tailwindcss\oxide-linux-arm64-gnu
156 silly reify mark deleted [
156 silly reify   'C:\\Users\\game0\\Desktop\\Devine Project\\dashboard-boilerPlate\\node_modules\\@tailwindcss\\oxide-linux-arm64-gnu'
156 silly reify ]
157 verbose reify failed optional dependency C:\Users\game0\Desktop\Devine Project\dashboard-boilerPlate\node_modules\@tailwindcss\oxide-linux-arm-gnueabihf
158 silly reify mark deleted [
158 silly reify   'C:\\Users\\game0\\Desktop\\Devine Project\\dashboard-boilerPlate\\node_modules\\@tailwindcss\\oxide-linux-arm-gnueabihf'
158 silly reify ]
159 verbose reify failed optional dependency C:\Users\game0\Desktop\Devine Project\dashboard-boilerPlate\node_modules\@tailwindcss\oxide-freebsd-x64
160 silly reify mark deleted [
160 silly reify   'C:\\Users\\game0\\Desktop\\Devine Project\\dashboard-boilerPlate\\node_modules\\@tailwindcss\\oxide-freebsd-x64'
160 silly reify ]
161 verbose reify failed optional dependency C:\Users\game0\Desktop\Devine Project\dashboard-boilerPlate\node_modules\@tailwindcss\oxide-darwin-x64
162 silly reify mark deleted [
162 silly reify   'C:\\Users\\game0\\Desktop\\Devine Project\\dashboard-boilerPlate\\node_modules\\@tailwindcss\\oxide-darwin-x64'
162 silly reify ]
163 verbose reify failed optional dependency C:\Users\game0\Desktop\Devine Project\dashboard-boilerPlate\node_modules\@tailwindcss\oxide-darwin-arm64
164 silly reify mark deleted [
164 silly reify   'C:\\Users\\game0\\Desktop\\Devine Project\\dashboard-boilerPlate\\node_modules\\@tailwindcss\\oxide-darwin-arm64'
164 silly reify ]
165 verbose reify failed optional dependency C:\Users\game0\Desktop\Devine Project\dashboard-boilerPlate\node_modules\@tailwindcss\oxide-android-arm64
166 silly reify mark deleted [
166 silly reify   'C:\\Users\\game0\\Desktop\\Devine Project\\dashboard-boilerPlate\\node_modules\\@tailwindcss\\oxide-android-arm64'
166 silly reify ]
167 verbose reify failed optional dependency C:\Users\game0\Desktop\Devine Project\dashboard-boilerPlate\node_modules\@rollup\rollup-win32-ia32-msvc
168 silly reify mark deleted [
168 silly reify   'C:\\Users\\game0\\Desktop\\Devine Project\\dashboard-boilerPlate\\node_modules\\@rollup\\rollup-win32-ia32-msvc'
168 silly reify ]
169 verbose reify failed optional dependency C:\Users\game0\Desktop\Devine Project\dashboard-boilerPlate\node_modules\@rollup\rollup-win32-arm64-msvc
170 silly reify mark deleted [
170 silly reify   'C:\\Users\\game0\\Desktop\\Devine Project\\dashboard-boilerPlate\\node_modules\\@rollup\\rollup-win32-arm64-msvc'
170 silly reify ]
171 verbose reify failed optional dependency C:\Users\game0\Desktop\Devine Project\dashboard-boilerPlate\node_modules\@rollup\rollup-linux-x64-musl
172 silly reify mark deleted [
172 silly reify   'C:\\Users\\game0\\Desktop\\Devine Project\\dashboard-boilerPlate\\node_modules\\@rollup\\rollup-linux-x64-musl'
172 silly reify ]
173 verbose reify failed optional dependency C:\Users\game0\Desktop\Devine Project\dashboard-boilerPlate\node_modules\@rollup\rollup-linux-x64-gnu
174 silly reify mark deleted [
174 silly reify   'C:\\Users\\game0\\Desktop\\Devine Project\\dashboard-boilerPlate\\node_modules\\@rollup\\rollup-linux-x64-gnu'
174 silly reify ]
175 verbose reify failed optional dependency C:\Users\game0\Desktop\Devine Project\dashboard-boilerPlate\node_modules\@rollup\rollup-linux-s390x-gnu
176 silly reify mark deleted [
176 silly reify   'C:\\Users\\game0\\Desktop\\Devine Project\\dashboard-boilerPlate\\node_modules\\@rollup\\rollup-linux-s390x-gnu'
176 silly reify ]
177 verbose reify failed optional dependency C:\Users\game0\Desktop\Devine Project\dashboard-boilerPlate\node_modules\@rollup\rollup-linux-riscv64-gnu
178 silly reify mark deleted [
178 silly reify   'C:\\Users\\game0\\Desktop\\Devine Project\\dashboard-boilerPlate\\node_modules\\@rollup\\rollup-linux-riscv64-gnu'
178 silly reify ]
179 verbose reify failed optional dependency C:\Users\game0\Desktop\Devine Project\dashboard-boilerPlate\node_modules\@rollup\rollup-linux-powerpc64le-gnu
180 silly reify mark deleted [
180 silly reify   'C:\\Users\\game0\\Desktop\\Devine Project\\dashboard-boilerPlate\\node_modules\\@rollup\\rollup-linux-powerpc64le-gnu'
180 silly reify ]
181 verbose reify failed optional dependency C:\Users\game0\Desktop\Devine Project\dashboard-boilerPlate\node_modules\@rollup\rollup-linux-loongarch64-gnu
182 silly reify mark deleted [
182 silly reify   'C:\\Users\\game0\\Desktop\\Devine Project\\dashboard-boilerPlate\\node_modules\\@rollup\\rollup-linux-loongarch64-gnu'
182 silly reify ]
183 verbose reify failed optional dependency C:\Users\game0\Desktop\Devine Project\dashboard-boilerPlate\node_modules\@rollup\rollup-linux-arm64-musl
184 silly reify mark deleted [
184 silly reify   'C:\\Users\\game0\\Desktop\\Devine Project\\dashboard-boilerPlate\\node_modules\\@rollup\\rollup-linux-arm64-musl'
184 silly reify ]
185 verbose reify failed optional dependency C:\Users\game0\Desktop\Devine Project\dashboard-boilerPlate\node_modules\@rollup\rollup-linux-arm64-gnu
186 silly reify mark deleted [
186 silly reify   'C:\\Users\\game0\\Desktop\\Devine Project\\dashboard-boilerPlate\\node_modules\\@rollup\\rollup-linux-arm64-gnu'
186 silly reify ]
187 verbose reify failed optional dependency C:\Users\game0\Desktop\Devine Project\dashboard-boilerPlate\node_modules\@rollup\rollup-linux-arm-musleabihf
188 silly reify mark deleted [
188 silly reify   'C:\\Users\\game0\\Desktop\\Devine Project\\dashboard-boilerPlate\\node_modules\\@rollup\\rollup-linux-arm-musleabihf'
188 silly reify ]
189 verbose reify failed optional dependency C:\Users\game0\Desktop\Devine Project\dashboard-boilerPlate\node_modules\@rollup\rollup-linux-arm-gnueabihf
190 silly reify mark deleted [
190 silly reify   'C:\\Users\\game0\\Desktop\\Devine Project\\dashboard-boilerPlate\\node_modules\\@rollup\\rollup-linux-arm-gnueabihf'
190 silly reify ]
191 verbose reify failed optional dependency C:\Users\game0\Desktop\Devine Project\dashboard-boilerPlate\node_modules\@rollup\rollup-freebsd-x64
192 silly reify mark deleted [
192 silly reify   'C:\\Users\\game0\\Desktop\\Devine Project\\dashboard-boilerPlate\\node_modules\\@rollup\\rollup-freebsd-x64'
192 silly reify ]
193 verbose reify failed optional dependency C:\Users\game0\Desktop\Devine Project\dashboard-boilerPlate\node_modules\@rollup\rollup-freebsd-arm64
194 silly reify mark deleted [
194 silly reify   'C:\\Users\\game0\\Desktop\\Devine Project\\dashboard-boilerPlate\\node_modules\\@rollup\\rollup-freebsd-arm64'
194 silly reify ]
195 verbose reify failed optional dependency C:\Users\game0\Desktop\Devine Project\dashboard-boilerPlate\node_modules\@rollup\rollup-darwin-x64
196 silly reify mark deleted [
196 silly reify   'C:\\Users\\game0\\Desktop\\Devine Project\\dashboard-boilerPlate\\node_modules\\@rollup\\rollup-darwin-x64'
196 silly reify ]
197 verbose reify failed optional dependency C:\Users\game0\Desktop\Devine Project\dashboard-boilerPlate\node_modules\@rollup\rollup-darwin-arm64
198 silly reify mark deleted [
198 silly reify   'C:\\Users\\game0\\Desktop\\Devine Project\\dashboard-boilerPlate\\node_modules\\@rollup\\rollup-darwin-arm64'
198 silly reify ]
199 verbose reify failed optional dependency C:\Users\game0\Desktop\Devine Project\dashboard-boilerPlate\node_modules\@rollup\rollup-android-arm64
200 silly reify mark deleted [
200 silly reify   'C:\\Users\\game0\\Desktop\\Devine Project\\dashboard-boilerPlate\\node_modules\\@rollup\\rollup-android-arm64'
200 silly reify ]
201 verbose reify failed optional dependency C:\Users\game0\Desktop\Devine Project\dashboard-boilerPlate\node_modules\@rollup\rollup-android-arm-eabi
202 silly reify mark deleted [
202 silly reify   'C:\\Users\\game0\\Desktop\\Devine Project\\dashboard-boilerPlate\\node_modules\\@rollup\\rollup-android-arm-eabi'
202 silly reify ]
203 verbose reify failed optional dependency C:\Users\game0\Desktop\Devine Project\dashboard-boilerPlate\node_modules\@next\swc-win32-arm64-msvc
204 silly reify mark deleted [
204 silly reify   'C:\\Users\\game0\\Desktop\\Devine Project\\dashboard-boilerPlate\\node_modules\\@next\\swc-win32-arm64-msvc'
204 silly reify ]
205 verbose reify failed optional dependency C:\Users\game0\Desktop\Devine Project\dashboard-boilerPlate\node_modules\@next\swc-linux-x64-musl
206 silly reify mark deleted [
206 silly reify   'C:\\Users\\game0\\Desktop\\Devine Project\\dashboard-boilerPlate\\node_modules\\@next\\swc-linux-x64-musl'
206 silly reify ]
207 verbose reify failed optional dependency C:\Users\game0\Desktop\Devine Project\dashboard-boilerPlate\node_modules\@next\swc-linux-x64-gnu
208 silly reify mark deleted [
208 silly reify   'C:\\Users\\game0\\Desktop\\Devine Project\\dashboard-boilerPlate\\node_modules\\@next\\swc-linux-x64-gnu'
208 silly reify ]
209 verbose reify failed optional dependency C:\Users\game0\Desktop\Devine Project\dashboard-boilerPlate\node_modules\@next\swc-linux-arm64-musl
210 silly reify mark deleted [
210 silly reify   'C:\\Users\\game0\\Desktop\\Devine Project\\dashboard-boilerPlate\\node_modules\\@next\\swc-linux-arm64-musl'
210 silly reify ]
211 verbose reify failed optional dependency C:\Users\game0\Desktop\Devine Project\dashboard-boilerPlate\node_modules\@next\swc-linux-arm64-gnu
212 silly reify mark deleted [
212 silly reify   'C:\\Users\\game0\\Desktop\\Devine Project\\dashboard-boilerPlate\\node_modules\\@next\\swc-linux-arm64-gnu'
212 silly reify ]
213 verbose reify failed optional dependency C:\Users\game0\Desktop\Devine Project\dashboard-boilerPlate\node_modules\@next\swc-darwin-x64
214 silly reify mark deleted [
214 silly reify   'C:\\Users\\game0\\Desktop\\Devine Project\\dashboard-boilerPlate\\node_modules\\@next\\swc-darwin-x64'
214 silly reify ]
215 verbose reify failed optional dependency C:\Users\game0\Desktop\Devine Project\dashboard-boilerPlate\node_modules\@next\swc-darwin-arm64
216 silly reify mark deleted [
216 silly reify   'C:\\Users\\game0\\Desktop\\Devine Project\\dashboard-boilerPlate\\node_modules\\@next\\swc-darwin-arm64'
216 silly reify ]
217 verbose reify failed optional dependency C:\Users\game0\Desktop\Devine Project\dashboard-boilerPlate\node_modules\@img\sharp-win32-ia32
218 silly reify mark deleted [
218 silly reify   'C:\\Users\\game0\\Desktop\\Devine Project\\dashboard-boilerPlate\\node_modules\\@img\\sharp-win32-ia32'
218 silly reify ]
219 verbose reify failed optional dependency C:\Users\game0\Desktop\Devine Project\dashboard-boilerPlate\node_modules\@img\sharp-win32-arm64
220 silly reify mark deleted [
220 silly reify   'C:\\Users\\game0\\Desktop\\Devine Project\\dashboard-boilerPlate\\node_modules\\@img\\sharp-win32-arm64'
220 silly reify ]
221 verbose reify failed optional dependency C:\Users\game0\Desktop\Devine Project\dashboard-boilerPlate\node_modules\@img\sharp-wasm32
222 silly reify mark deleted [
222 silly reify   'C:\\Users\\game0\\Desktop\\Devine Project\\dashboard-boilerPlate\\node_modules\\@img\\sharp-wasm32'
222 silly reify ]
223 verbose reify failed optional dependency C:\Users\game0\Desktop\Devine Project\dashboard-boilerPlate\node_modules\@emnapi\runtime
224 silly reify mark deleted [
224 silly reify   'C:\\Users\\game0\\Desktop\\Devine Project\\dashboard-boilerPlate\\node_modules\\@emnapi\\runtime'
224 silly reify ]
225 verbose reify failed optional dependency C:\Users\game0\Desktop\Devine Project\dashboard-boilerPlate\node_modules\@img\sharp-linuxmusl-x64
226 silly reify mark deleted [
226 silly reify   'C:\\Users\\game0\\Desktop\\Devine Project\\dashboard-boilerPlate\\node_modules\\@img\\sharp-linuxmusl-x64'
226 silly reify ]
227 verbose reify failed optional dependency C:\Users\game0\Desktop\Devine Project\dashboard-boilerPlate\node_modules\@img\sharp-linuxmusl-arm64
228 silly reify mark deleted [
228 silly reify   'C:\\Users\\game0\\Desktop\\Devine Project\\dashboard-boilerPlate\\node_modules\\@img\\sharp-linuxmusl-arm64'
228 silly reify ]
229 verbose reify failed optional dependency C:\Users\game0\Desktop\Devine Project\dashboard-boilerPlate\node_modules\@img\sharp-linux-x64
230 silly reify mark deleted [
230 silly reify   'C:\\Users\\game0\\Desktop\\Devine Project\\dashboard-boilerPlate\\node_modules\\@img\\sharp-linux-x64'
230 silly reify ]
231 verbose reify failed optional dependency C:\Users\game0\Desktop\Devine Project\dashboard-boilerPlate\node_modules\@img\sharp-linux-s390x
232 silly reify mark deleted [
232 silly reify   'C:\\Users\\game0\\Desktop\\Devine Project\\dashboard-boilerPlate\\node_modules\\@img\\sharp-linux-s390x'
232 silly reify ]
233 verbose reify failed optional dependency C:\Users\game0\Desktop\Devine Project\dashboard-boilerPlate\node_modules\@img\sharp-linux-arm64
234 silly reify mark deleted [
234 silly reify   'C:\\Users\\game0\\Desktop\\Devine Project\\dashboard-boilerPlate\\node_modules\\@img\\sharp-linux-arm64'
234 silly reify ]
235 verbose reify failed optional dependency C:\Users\game0\Desktop\Devine Project\dashboard-boilerPlate\node_modules\@img\sharp-linux-arm
236 silly reify mark deleted [
236 silly reify   'C:\\Users\\game0\\Desktop\\Devine Project\\dashboard-boilerPlate\\node_modules\\@img\\sharp-linux-arm'
236 silly reify ]
237 verbose reify failed optional dependency C:\Users\game0\Desktop\Devine Project\dashboard-boilerPlate\node_modules\@img\sharp-libvips-linuxmusl-x64
238 silly reify mark deleted [
238 silly reify   'C:\\Users\\game0\\Desktop\\Devine Project\\dashboard-boilerPlate\\node_modules\\@img\\sharp-libvips-linuxmusl-x64'
238 silly reify ]
239 verbose reify failed optional dependency C:\Users\game0\Desktop\Devine Project\dashboard-boilerPlate\node_modules\@img\sharp-libvips-linuxmusl-arm64
240 silly reify mark deleted [
240 silly reify   'C:\\Users\\game0\\Desktop\\Devine Project\\dashboard-boilerPlate\\node_modules\\@img\\sharp-libvips-linuxmusl-arm64'
240 silly reify ]
241 verbose reify failed optional dependency C:\Users\game0\Desktop\Devine Project\dashboard-boilerPlate\node_modules\@img\sharp-libvips-linux-x64
242 silly reify mark deleted [
242 silly reify   'C:\\Users\\game0\\Desktop\\Devine Project\\dashboard-boilerPlate\\node_modules\\@img\\sharp-libvips-linux-x64'
242 silly reify ]
243 verbose reify failed optional dependency C:\Users\game0\Desktop\Devine Project\dashboard-boilerPlate\node_modules\@img\sharp-libvips-linux-s390x
244 silly reify mark deleted [
244 silly reify   'C:\\Users\\game0\\Desktop\\Devine Project\\dashboard-boilerPlate\\node_modules\\@img\\sharp-libvips-linux-s390x'
244 silly reify ]
245 verbose reify failed optional dependency C:\Users\game0\Desktop\Devine Project\dashboard-boilerPlate\node_modules\@img\sharp-libvips-linux-ppc64
246 silly reify mark deleted [
246 silly reify   'C:\\Users\\game0\\Desktop\\Devine Project\\dashboard-boilerPlate\\node_modules\\@img\\sharp-libvips-linux-ppc64'
246 silly reify ]
247 verbose reify failed optional dependency C:\Users\game0\Desktop\Devine Project\dashboard-boilerPlate\node_modules\@img\sharp-libvips-linux-arm64
248 silly reify mark deleted [
248 silly reify   'C:\\Users\\game0\\Desktop\\Devine Project\\dashboard-boilerPlate\\node_modules\\@img\\sharp-libvips-linux-arm64'
248 silly reify ]
249 verbose reify failed optional dependency C:\Users\game0\Desktop\Devine Project\dashboard-boilerPlate\node_modules\@img\sharp-libvips-linux-arm
250 silly reify mark deleted [
250 silly reify   'C:\\Users\\game0\\Desktop\\Devine Project\\dashboard-boilerPlate\\node_modules\\@img\\sharp-libvips-linux-arm'
250 silly reify ]
251 verbose reify failed optional dependency C:\Users\game0\Desktop\Devine Project\dashboard-boilerPlate\node_modules\@img\sharp-libvips-darwin-x64
252 silly reify mark deleted [
252 silly reify   'C:\\Users\\game0\\Desktop\\Devine Project\\dashboard-boilerPlate\\node_modules\\@img\\sharp-libvips-darwin-x64'
252 silly reify ]
253 verbose reify failed optional dependency C:\Users\game0\Desktop\Devine Project\dashboard-boilerPlate\node_modules\@img\sharp-libvips-darwin-arm64
254 silly reify mark deleted [
254 silly reify   'C:\\Users\\game0\\Desktop\\Devine Project\\dashboard-boilerPlate\\node_modules\\@img\\sharp-libvips-darwin-arm64'
254 silly reify ]
255 verbose reify failed optional dependency C:\Users\game0\Desktop\Devine Project\dashboard-boilerPlate\node_modules\@img\sharp-darwin-x64
256 silly reify mark deleted [
256 silly reify   'C:\\Users\\game0\\Desktop\\Devine Project\\dashboard-boilerPlate\\node_modules\\@img\\sharp-darwin-x64'
256 silly reify ]
257 verbose reify failed optional dependency C:\Users\game0\Desktop\Devine Project\dashboard-boilerPlate\node_modules\@img\sharp-darwin-arm64
258 silly reify mark deleted [
258 silly reify   'C:\\Users\\game0\\Desktop\\Devine Project\\dashboard-boilerPlate\\node_modules\\@img\\sharp-darwin-arm64'
258 silly reify ]
259 verbose reify failed optional dependency C:\Users\game0\Desktop\Devine Project\dashboard-boilerPlate\node_modules\@esbuild\win32-ia32
260 silly reify mark deleted [
260 silly reify   'C:\\Users\\game0\\Desktop\\Devine Project\\dashboard-boilerPlate\\node_modules\\@esbuild\\win32-ia32'
260 silly reify ]
261 verbose reify failed optional dependency C:\Users\game0\Desktop\Devine Project\dashboard-boilerPlate\node_modules\@esbuild\win32-arm64
262 silly reify mark deleted [
262 silly reify   'C:\\Users\\game0\\Desktop\\Devine Project\\dashboard-boilerPlate\\node_modules\\@esbuild\\win32-arm64'
262 silly reify ]
263 verbose reify failed optional dependency C:\Users\game0\Desktop\Devine Project\dashboard-boilerPlate\node_modules\@esbuild\sunos-x64
264 silly reify mark deleted [
264 silly reify   'C:\\Users\\game0\\Desktop\\Devine Project\\dashboard-boilerPlate\\node_modules\\@esbuild\\sunos-x64'
264 silly reify ]
265 verbose reify failed optional dependency C:\Users\game0\Desktop\Devine Project\dashboard-boilerPlate\node_modules\@esbuild\openbsd-x64
266 silly reify mark deleted [
266 silly reify   'C:\\Users\\game0\\Desktop\\Devine Project\\dashboard-boilerPlate\\node_modules\\@esbuild\\openbsd-x64'
266 silly reify ]
267 verbose reify failed optional dependency C:\Users\game0\Desktop\Devine Project\dashboard-boilerPlate\node_modules\@esbuild\openbsd-arm64
268 silly reify mark deleted [
268 silly reify   'C:\\Users\\game0\\Desktop\\Devine Project\\dashboard-boilerPlate\\node_modules\\@esbuild\\openbsd-arm64'
268 silly reify ]
269 verbose reify failed optional dependency C:\Users\game0\Desktop\Devine Project\dashboard-boilerPlate\node_modules\@esbuild\netbsd-x64
270 silly reify mark deleted [
270 silly reify   'C:\\Users\\game0\\Desktop\\Devine Project\\dashboard-boilerPlate\\node_modules\\@esbuild\\netbsd-x64'
270 silly reify ]
271 verbose reify failed optional dependency C:\Users\game0\Desktop\Devine Project\dashboard-boilerPlate\node_modules\@esbuild\netbsd-arm64
272 silly reify mark deleted [
272 silly reify   'C:\\Users\\game0\\Desktop\\Devine Project\\dashboard-boilerPlate\\node_modules\\@esbuild\\netbsd-arm64'
272 silly reify ]
273 verbose reify failed optional dependency C:\Users\game0\Desktop\Devine Project\dashboard-boilerPlate\node_modules\@esbuild\linux-x64
274 silly reify mark deleted [
274 silly reify   'C:\\Users\\game0\\Desktop\\Devine Project\\dashboard-boilerPlate\\node_modules\\@esbuild\\linux-x64'
274 silly reify ]
275 verbose reify failed optional dependency C:\Users\game0\Desktop\Devine Project\dashboard-boilerPlate\node_modules\@esbuild\linux-s390x
276 silly reify mark deleted [
276 silly reify   'C:\\Users\\game0\\Desktop\\Devine Project\\dashboard-boilerPlate\\node_modules\\@esbuild\\linux-s390x'
276 silly reify ]
277 verbose reify failed optional dependency C:\Users\game0\Desktop\Devine Project\dashboard-boilerPlate\node_modules\@esbuild\linux-riscv64
278 silly reify mark deleted [
278 silly reify   'C:\\Users\\game0\\Desktop\\Devine Project\\dashboard-boilerPlate\\node_modules\\@esbuild\\linux-riscv64'
278 silly reify ]
279 verbose reify failed optional dependency C:\Users\game0\Desktop\Devine Project\dashboard-boilerPlate\node_modules\@esbuild\linux-ppc64
280 silly reify mark deleted [
280 silly reify   'C:\\Users\\game0\\Desktop\\Devine Project\\dashboard-boilerPlate\\node_modules\\@esbuild\\linux-ppc64'
280 silly reify ]
281 verbose reify failed optional dependency C:\Users\game0\Desktop\Devine Project\dashboard-boilerPlate\node_modules\@esbuild\linux-mips64el
282 silly reify mark deleted [
282 silly reify   'C:\\Users\\game0\\Desktop\\Devine Project\\dashboard-boilerPlate\\node_modules\\@esbuild\\linux-mips64el'
282 silly reify ]
283 verbose reify failed optional dependency C:\Users\game0\Desktop\Devine Project\dashboard-boilerPlate\node_modules\@esbuild\linux-loong64
284 silly reify mark deleted [
284 silly reify   'C:\\Users\\game0\\Desktop\\Devine Project\\dashboard-boilerPlate\\node_modules\\@esbuild\\linux-loong64'
284 silly reify ]
285 verbose reify failed optional dependency C:\Users\game0\Desktop\Devine Project\dashboard-boilerPlate\node_modules\@esbuild\linux-ia32
286 silly reify mark deleted [
286 silly reify   'C:\\Users\\game0\\Desktop\\Devine Project\\dashboard-boilerPlate\\node_modules\\@esbuild\\linux-ia32'
286 silly reify ]
287 verbose reify failed optional dependency C:\Users\game0\Desktop\Devine Project\dashboard-boilerPlate\node_modules\@esbuild\linux-arm64
288 silly reify mark deleted [
288 silly reify   'C:\\Users\\game0\\Desktop\\Devine Project\\dashboard-boilerPlate\\node_modules\\@esbuild\\linux-arm64'
288 silly reify ]
289 verbose reify failed optional dependency C:\Users\game0\Desktop\Devine Project\dashboard-boilerPlate\node_modules\@esbuild\linux-arm
290 silly reify mark deleted [
290 silly reify   'C:\\Users\\game0\\Desktop\\Devine Project\\dashboard-boilerPlate\\node_modules\\@esbuild\\linux-arm'
290 silly reify ]
291 verbose reify failed optional dependency C:\Users\game0\Desktop\Devine Project\dashboard-boilerPlate\node_modules\@esbuild\freebsd-x64
292 silly reify mark deleted [
292 silly reify   'C:\\Users\\game0\\Desktop\\Devine Project\\dashboard-boilerPlate\\node_modules\\@esbuild\\freebsd-x64'
292 silly reify ]
293 verbose reify failed optional dependency C:\Users\game0\Desktop\Devine Project\dashboard-boilerPlate\node_modules\@esbuild\freebsd-arm64
294 silly reify mark deleted [
294 silly reify   'C:\\Users\\game0\\Desktop\\Devine Project\\dashboard-boilerPlate\\node_modules\\@esbuild\\freebsd-arm64'
294 silly reify ]
295 verbose reify failed optional dependency C:\Users\game0\Desktop\Devine Project\dashboard-boilerPlate\node_modules\@esbuild\darwin-x64
296 silly reify mark deleted [
296 silly reify   'C:\\Users\\game0\\Desktop\\Devine Project\\dashboard-boilerPlate\\node_modules\\@esbuild\\darwin-x64'
296 silly reify ]
297 verbose reify failed optional dependency C:\Users\game0\Desktop\Devine Project\dashboard-boilerPlate\node_modules\@esbuild\darwin-arm64
298 silly reify mark deleted [
298 silly reify   'C:\\Users\\game0\\Desktop\\Devine Project\\dashboard-boilerPlate\\node_modules\\@esbuild\\darwin-arm64'
298 silly reify ]
299 verbose reify failed optional dependency C:\Users\game0\Desktop\Devine Project\dashboard-boilerPlate\node_modules\@esbuild\android-x64
300 silly reify mark deleted [
300 silly reify   'C:\\Users\\game0\\Desktop\\Devine Project\\dashboard-boilerPlate\\node_modules\\@esbuild\\android-x64'
300 silly reify ]
301 verbose reify failed optional dependency C:\Users\game0\Desktop\Devine Project\dashboard-boilerPlate\node_modules\@esbuild\android-arm64
302 silly reify mark deleted [
302 silly reify   'C:\\Users\\game0\\Desktop\\Devine Project\\dashboard-boilerPlate\\node_modules\\@esbuild\\android-arm64'
302 silly reify ]
303 verbose reify failed optional dependency C:\Users\game0\Desktop\Devine Project\dashboard-boilerPlate\node_modules\@esbuild\android-arm
304 silly reify mark deleted [
304 silly reify   'C:\\Users\\game0\\Desktop\\Devine Project\\dashboard-boilerPlate\\node_modules\\@esbuild\\android-arm'
304 silly reify ]
305 verbose reify failed optional dependency C:\Users\game0\Desktop\Devine Project\dashboard-boilerPlate\node_modules\@esbuild\aix-ppc64
306 silly reify mark deleted [
306 silly reify   'C:\\Users\\game0\\Desktop\\Devine Project\\dashboard-boilerPlate\\node_modules\\@esbuild\\aix-ppc64'
306 silly reify ]
307 http cache @types/use-sync-external-store@https://registry.npmjs.org/@types/use-sync-external-store/-/use-sync-external-store-0.0.6.tgz 0ms (cache hit)
308 http cache redux-thunk@https://registry.npmjs.org/redux-thunk/-/redux-thunk-3.1.0.tgz 0ms (cache hit)
309 http cache @standard-schema/spec@https://registry.npmjs.org/@standard-schema/spec/-/spec-1.0.0.tgz 0ms (cache hit)
310 http cache tiny-invariant@https://registry.npmjs.org/tiny-invariant/-/tiny-invariant-1.3.3.tgz 0ms (cache hit)
311 http cache use-sync-external-store@https://registry.npmjs.org/use-sync-external-store/-/use-sync-external-store-1.5.0.tgz 0ms (cache hit)
312 http cache redux@https://registry.npmjs.org/redux/-/redux-5.0.1.tgz 0ms (cache hit)
313 http cache reselect@https://registry.npmjs.org/reselect/-/reselect-5.1.1.tgz 0ms (cache hit)
314 http cache victory-vendor@https://registry.npmjs.org/victory-vendor/-/victory-vendor-37.3.6.tgz 0ms (cache hit)
315 http cache react-redux@https://registry.npmjs.org/react-redux/-/react-redux-9.2.0.tgz 0ms (cache hit)
316 http cache immer@https://registry.npmjs.org/immer/-/immer-10.1.1.tgz 0ms (cache hit)
317 http cache @reduxjs/toolkit@https://registry.npmjs.org/@reduxjs/toolkit/-/toolkit-2.8.2.tgz 0ms (cache hit)
318 http cache es-toolkit@https://registry.npmjs.org/es-toolkit/-/es-toolkit-1.39.6.tgz 0ms (cache hit)
319 http cache clsx@https://registry.npmjs.org/clsx/-/clsx-2.1.1.tgz 0ms (cache hit)
320 http cache decimal.js-light@https://registry.npmjs.org/decimal.js-light/-/decimal.js-light-2.5.1.tgz 0ms (cache hit)
321 silly tarball no local data for @types/use-sync-external-store@https://registry.npmjs.org/@types/use-sync-external-store/-/use-sync-external-store-0.0.6.tgz. Extracting by manifest.
322 silly tarball no local data for redux-thunk@https://registry.npmjs.org/redux-thunk/-/redux-thunk-3.1.0.tgz. Extracting by manifest.
323 silly tarball no local data for @standard-schema/spec@https://registry.npmjs.org/@standard-schema/spec/-/spec-1.0.0.tgz. Extracting by manifest.
324 silly tarball no local data for tiny-invariant@https://registry.npmjs.org/tiny-invariant/-/tiny-invariant-1.3.3.tgz. Extracting by manifest.
325 silly tarball no local data for use-sync-external-store@https://registry.npmjs.org/use-sync-external-store/-/use-sync-external-store-1.5.0.tgz. Extracting by manifest.
326 silly tarball no local data for redux@https://registry.npmjs.org/redux/-/redux-5.0.1.tgz. Extracting by manifest.
327 silly tarball no local data for reselect@https://registry.npmjs.org/reselect/-/reselect-5.1.1.tgz. Extracting by manifest.
328 silly tarball no local data for victory-vendor@https://registry.npmjs.org/victory-vendor/-/victory-vendor-37.3.6.tgz. Extracting by manifest.
329 silly tarball no local data for react-redux@https://registry.npmjs.org/react-redux/-/react-redux-9.2.0.tgz. Extracting by manifest.
330 silly tarball no local data for immer@https://registry.npmjs.org/immer/-/immer-10.1.1.tgz. Extracting by manifest.
331 http cache recharts@https://registry.npmjs.org/recharts/-/recharts-3.0.2.tgz 0ms (cache hit)
332 http cache @emnapi/runtime@https://registry.npmjs.org/@emnapi/runtime/-/runtime-1.4.3.tgz 0ms (cache hit)
333 silly tarball no local data for @reduxjs/toolkit@https://registry.npmjs.org/@reduxjs/toolkit/-/toolkit-2.8.2.tgz. Extracting by manifest.
334 silly tarball no local data for es-toolkit@https://registry.npmjs.org/es-toolkit/-/es-toolkit-1.39.6.tgz. Extracting by manifest.
335 silly tarball no local data for clsx@https://registry.npmjs.org/clsx/-/clsx-2.1.1.tgz. Extracting by manifest.
336 silly tarball no local data for decimal.js-light@https://registry.npmjs.org/decimal.js-light/-/decimal.js-light-2.5.1.tgz. Extracting by manifest.
337 silly tarball no local data for recharts@https://registry.npmjs.org/recharts/-/recharts-3.0.2.tgz. Extracting by manifest.
338 http fetch GET 200 https://registry.npmjs.org/use-sync-external-store/-/use-sync-external-store-1.5.0.tgz 49ms (cache miss)
339 http fetch GET 200 https://registry.npmjs.org/tiny-invariant/-/tiny-invariant-1.3.3.tgz 51ms (cache miss)
340 http fetch GET 200 https://registry.npmjs.org/redux-thunk/-/redux-thunk-3.1.0.tgz 74ms (cache miss)
341 http fetch GET 200 https://registry.npmjs.org/clsx/-/clsx-2.1.1.tgz 104ms (cache miss)
342 http fetch GET 200 https://registry.npmjs.org/@types/use-sync-external-store/-/use-sync-external-store-0.0.6.tgz 112ms (cache miss)
343 http fetch GET 200 https://registry.npmjs.org/@standard-schema/spec/-/spec-1.0.0.tgz 117ms (cache miss)
344 http fetch GET 200 https://registry.npmjs.org/decimal.js-light/-/decimal.js-light-2.5.1.tgz 132ms (cache miss)
345 http fetch GET 200 https://registry.npmjs.org/redux/-/redux-5.0.1.tgz 155ms (cache miss)
346 http fetch GET 200 https://registry.npmjs.org/reselect/-/reselect-5.1.1.tgz 173ms (cache miss)
347 http fetch GET 200 https://registry.npmjs.org/immer/-/immer-10.1.1.tgz 196ms (cache miss)
348 http fetch GET 200 https://registry.npmjs.org/react-redux/-/react-redux-9.2.0.tgz 263ms (cache miss)
349 http fetch GET 200 https://registry.npmjs.org/victory-vendor/-/victory-vendor-37.3.6.tgz 443ms (cache miss)
350 http fetch POST 200 https://registry.npmjs.org/-/npm/v1/security/advisories/bulk 524ms
351 silly audit report {
351 silly audit report   'brace-expansion': [
351 silly audit report     {
351 silly audit report       id: 1105443,
351 silly audit report       url: 'https://github.com/advisories/GHSA-v6h2-p8h4-qcjw',
351 silly audit report       title: 'brace-expansion Regular Expression Denial of Service vulnerability',
351 silly audit report       severity: 'low',
351 silly audit report       vulnerable_versions: '>=1.0.0 <=1.1.11',
351 silly audit report       cwe: [Array],
351 silly audit report       cvss: [Object]
351 silly audit report     },
351 silly audit report     {
351 silly audit report       id: 1105444,
351 silly audit report       url: 'https://github.com/advisories/GHSA-v6h2-p8h4-qcjw',
351 silly audit report       title: 'brace-expansion Regular Expression Denial of Service vulnerability',
351 silly audit report       severity: 'low',
351 silly audit report       vulnerable_versions: '>=2.0.0 <=2.0.1',
351 silly audit report       cwe: [Array],
351 silly audit report       cvss: [Object]
351 silly audit report     }
351 silly audit report   ],
351 silly audit report   rollup: [
351 silly audit report     {
351 silly audit report       id: 1099757,
351 silly audit report       url: 'https://github.com/advisories/GHSA-gcx4-mw62-g8wm',
351 silly audit report       title: 'DOM Clobbering Gadget found in rollup bundled scripts that leads to XSS',
351 silly audit report       severity: 'high',
351 silly audit report       vulnerable_versions: '<2.79.2',
351 silly audit report       cwe: [Array],
351 silly audit report       cvss: [Object]
351 silly audit report     }
351 silly audit report   ],
351 silly audit report   'react-router': [
351 silly audit report     {
351 silly audit report       id: 1104042,
351 silly audit report       url: 'https://github.com/advisories/GHSA-cpj6-fhp6-mr6j',
351 silly audit report       title: 'React Router allows pre-render data spoofing on React-Router framework mode',
351 silly audit report       severity: 'high',
351 silly audit report       vulnerable_versions: '>=7.0 <=7.5.1',
351 silly audit report       cwe: [Array],
351 silly audit report       cvss: [Object]
351 silly audit report     },
351 silly audit report     {
351 silly audit report       id: 1104043,
351 silly audit report       url: 'https://github.com/advisories/GHSA-f46r-rw29-r322',
351 silly audit report       title: 'React Router allows a DoS via cache poisoning by forcing SPA mode',
351 silly audit report       severity: 'high',
351 silly audit report       vulnerable_versions: '>=7.2.0 <=7.5.1',
351 silly audit report       cwe: [Array],
351 silly audit report       cvss: [Object]
351 silly audit report     }
351 silly audit report   ],
351 silly audit report   vite: [
351 silly audit report     {
351 silly audit report       id: 1103520,
351 silly audit report       url: 'https://github.com/advisories/GHSA-x574-m823-4x7w',
351 silly audit report       title: 'Vite bypasses server.fs.deny when using ?raw??',
351 silly audit report       severity: 'moderate',
351 silly audit report       vulnerable_versions: '>=6.2.0 <6.2.3',
351 silly audit report       cwe: [Array],
351 silly audit report       cvss: [Object]
351 silly audit report     },
351 silly audit report     {
351 silly audit report       id: 1103631,
351 silly audit report       url: 'https://github.com/advisories/GHSA-4r4m-qw57-chr8',
351 silly audit report       title: 'Vite has a `server.fs.deny` bypassed for `inline` and `raw` with `?import` query',
351 silly audit report       severity: 'moderate',
351 silly audit report       vulnerable_versions: '>=6.2.0 <6.2.4',
351 silly audit report       cwe: [Array],
351 silly audit report       cvss: [Object]
351 silly audit report     },
351 silly audit report     {
351 silly audit report       id: 1103887,
351 silly audit report       url: 'https://github.com/advisories/GHSA-356w-63v5-8wf4',
351 silly audit report       title: 'Vite has an `server.fs.deny` bypass with an invalid `request-target`',
351 silly audit report       severity: 'moderate',
351 silly audit report       vulnerable_versions: '>=6.2.0 <6.2.6',
351 silly audit report       cwe: [Array],
351 silly audit report       cvss: [Object]
351 silly audit report     },
351 silly audit report     {
351 silly audit report       id: 1104175,
351 silly audit report       url: 'https://github.com/advisories/GHSA-859w-5945-r5v3',
351 silly audit report       title: "Vite's server.fs.deny bypassed with /. for files under project root",
351 silly audit report       severity: 'moderate',
351 silly audit report       vulnerable_versions: '>=6.2.0 <=6.2.6',
351 silly audit report       cwe: [Array],
351 silly audit report       cvss: [Object]
351 silly audit report     },
351 silly audit report     {
351 silly audit report       id: 1104205,
351 silly audit report       url: 'https://github.com/advisories/GHSA-xcj6-pq6g-qj4x',
351 silly audit report       title: 'Vite allows server.fs.deny to be bypassed with .svg or relative paths',
351 silly audit report       severity: 'moderate',
351 silly audit report       vulnerable_versions: '>=6.2.0 <6.2.5',
351 silly audit report       cwe: [Array],
351 silly audit report       cvss: [Object]
351 silly audit report     }
351 silly audit report   ],
351 silly audit report   zod: [
351 silly audit report     {
351 silly audit report       id: 1099462,
351 silly audit report       url: 'https://github.com/advisories/GHSA-m95q-7qp3-xv42',
351 silly audit report       title: 'Zod denial of service vulnerability',
351 silly audit report       severity: 'moderate',
351 silly audit report       vulnerable_versions: '<=3.22.2',
351 silly audit report       cwe: [Array],
351 silly audit report       cvss: [Object]
351 silly audit report     }
351 silly audit report   ]
351 silly audit report }
352 silly packumentCache corgi:https://registry.npmjs.org/brace-expansion cache-miss
353 silly packumentCache corgi:https://registry.npmjs.org/rollup cache-miss
354 silly packumentCache corgi:https://registry.npmjs.org/react-router cache-miss
355 silly packumentCache corgi:https://registry.npmjs.org/vite cache-miss
356 silly packumentCache corgi:https://registry.npmjs.org/zod cache-miss
357 http fetch GET 200 https://registry.npmjs.org/brace-expansion 43ms (cache revalidated)
358 silly packumentCache corgi:https://registry.npmjs.org/brace-expansion set size:16192 disposed:false
359 http fetch GET 200 https://registry.npmjs.org/@reduxjs/toolkit/-/toolkit-2.8.2.tgz 564ms (cache miss)
360 http fetch GET 200 https://registry.npmjs.org/react-router 96ms (cache revalidated)
361 silly packumentCache corgi:https://registry.npmjs.org/react-router set size:990004 disposed:false
362 http fetch GET 200 https://registry.npmjs.org/zod 116ms (cache revalidated)
363 silly packumentCache corgi:https://registry.npmjs.org/zod set size:881558 disposed:false
364 http fetch GET 200 https://registry.npmjs.org/vite 140ms (cache updated)
365 silly packumentCache corgi:https://registry.npmjs.org/vite set size:undefined disposed:false
366 http fetch GET 200 https://registry.npmjs.org/rollup 167ms (cache revalidated)
367 silly packumentCache corgi:https://registry.npmjs.org/rollup set size:2354901 disposed:false
368 silly packumentCache corgi:https://registry.npmjs.org/minimatch cache-miss
369 http fetch GET 200 https://registry.npmjs.org/minimatch 40ms (cache revalidated)
370 silly packumentCache corgi:https://registry.npmjs.org/minimatch set size:143741 disposed:false
371 silly packumentCache corgi:https://registry.npmjs.org/fmin cache-miss
372 http fetch GET 200 https://registry.npmjs.org/fmin 95ms (cache revalidated)
373 silly packumentCache corgi:https://registry.npmjs.org/fmin set size:2385 disposed:false
374 silly packumentCache corgi:https://registry.npmjs.org/react-router-dom cache-miss
375 http fetch GET 200 https://registry.npmjs.org/recharts/-/recharts-3.0.2.tgz 847ms (cache miss)
376 http fetch GET 200 https://registry.npmjs.org/react-router-dom 80ms (cache revalidated)
377 silly packumentCache corgi:https://registry.npmjs.org/react-router-dom set size:800815 disposed:false
378 silly packumentCache corgi:https://registry.npmjs.org/@tailwindcss%2fvite cache-miss
379 silly packumentCache corgi:https://registry.npmjs.org/@vitejs%2fplugin-react cache-miss
380 http fetch GET 200 https://registry.npmjs.org/@tailwindcss%2fvite 372ms (cache revalidated)
381 silly packumentCache corgi:https://registry.npmjs.org/@tailwindcss%2fvite set size:460358 disposed:false
382 http fetch GET 200 https://registry.npmjs.org/@vitejs%2fplugin-react 388ms (cache revalidated)
383 silly packumentCache corgi:https://registry.npmjs.org/@vitejs%2fplugin-react set size:92339 disposed:false
384 silly packumentCache corgi:https://registry.npmjs.org/@antv%2fg2 cache-miss
385 http fetch GET 200 https://registry.npmjs.org/@antv%2fg2 387ms (cache revalidated)
386 silly packumentCache corgi:https://registry.npmjs.org/@antv%2fg2 set size:950576 disposed:false
387 silly packumentCache corgi:https://registry.npmjs.org/@ant-design%2fplots cache-miss
388 silly packumentCache corgi:https://registry.npmjs.org/@antv%2fg2-extension-plot cache-miss
389 http fetch GET 200 https://registry.npmjs.org/es-toolkit/-/es-toolkit-1.39.6.tgz 1946ms (cache miss)
390 http fetch GET 200 https://registry.npmjs.org/@ant-design%2fplots 452ms (cache revalidated)
391 silly packumentCache corgi:https://registry.npmjs.org/@ant-design%2fplots set size:90693 disposed:false
392 http fetch GET 200 https://registry.npmjs.org/@antv%2fg2-extension-plot 2001ms (cache revalidated)
393 silly packumentCache corgi:https://registry.npmjs.org/@antv%2fg2-extension-plot set size:7237 disposed:false
394 silly ADD node_modules/@types/use-sync-external-store
395 silly ADD node_modules/redux-thunk
396 silly ADD node_modules/redux
397 silly ADD node_modules/@standard-schema/spec
398 silly ADD node_modules/victory-vendor
399 silly ADD node_modules/use-sync-external-store
400 silly ADD node_modules/tiny-invariant
401 silly ADD node_modules/reselect
402 silly ADD node_modules/react-redux
403 silly ADD node_modules/immer
404 silly ADD node_modules/es-toolkit
405 silly ADD node_modules/decimal.js-light
406 silly ADD node_modules/clsx
407 silly ADD node_modules/@reduxjs/toolkit
408 silly ADD node_modules/recharts
409 silly ADD
410 silly ADD
411 silly ADD
412 silly ADD
413 silly ADD
414 silly ADD
415 silly ADD
416 silly ADD
417 silly ADD
418 silly ADD
419 silly ADD
420 silly ADD
421 silly ADD
422 silly ADD
423 silly ADD
424 silly ADD
425 silly ADD
426 silly ADD
427 silly ADD
428 silly ADD
429 silly ADD
430 silly ADD
431 silly ADD
432 silly ADD
433 silly ADD
434 silly ADD
435 silly ADD
436 silly ADD
437 silly ADD
438 silly ADD
439 silly ADD
440 silly ADD
441 silly ADD
442 silly ADD
443 silly ADD
444 silly ADD
445 silly ADD
446 silly ADD
447 silly ADD
448 silly ADD
449 silly ADD
450 silly ADD
451 silly ADD
452 silly ADD
453 silly ADD
454 silly ADD
455 silly ADD
456 silly ADD
457 silly ADD
458 silly ADD
459 silly ADD
460 silly ADD
461 silly ADD
462 silly ADD
463 silly ADD
464 silly ADD
465 silly ADD
466 silly ADD
467 silly ADD
468 silly ADD
469 silly ADD
470 silly ADD
471 silly ADD
472 silly ADD
473 silly ADD
474 silly ADD
475 silly ADD
476 silly ADD
477 silly ADD
478 silly ADD
479 silly ADD
480 silly ADD
481 silly ADD
482 silly ADD
483 silly ADD
484 silly ADD
485 silly ADD
486 silly ADD
487 silly ADD
488 silly ADD
489 silly ADD
490 silly ADD
491 silly ADD
492 silly ADD
493 silly ADD
494 silly ADD
495 silly ADD
496 silly ADD
497 silly ADD
498 silly ADD
499 verbose cwd C:\Users\game0\Desktop\Devine Project\dashboard-boilerPlate
500 verbose os Windows_NT 10.0.26100
501 verbose node v22.16.0
502 verbose npm  v10.9.2
503 verbose exit 0
504 info ok
