0 verbose cli C:\Program Files\nodejs\node.exe C:\Program Files\nodejs\node_modules\npm\bin\npm-cli.js
1 info using npm@10.9.2
2 info using node@v22.16.0
3 silly config load:file:C:\Program Files\nodejs\node_modules\npm\npmrc
4 silly config load:file:C:\Users\game0\Desktop\Devine Project\dashboard-boilerPlate\.npmrc
5 silly config load:file:C:\Users\game0\.npmrc
6 silly config load:file:C:\Users\game0\AppData\Roaming\npm\etc\npmrc
7 verbose title npm install @types/recharts
8 verbose argv "install" "--save-dev" "@types/recharts"
9 verbose logfile logs-max:10 dir:C:\Users\game0\Desktop\Devine Project\dashboard-boilerPlate\npm-cache\_logs\2025-07-03T12_54_49_374Z-
10 verbose logfile C:\Users\game0\Desktop\Devine Project\dashboard-boilerPlate\npm-cache\_logs\2025-07-03T12_54_49_374Z-debug-0.log
11 silly logfile done cleaning log files
12 silly packumentCache heap:4345298944 maxSize:1086324736 maxEntrySize:543162368
13 silly idealTree buildDeps
14 silly fetch manifest @types/recharts@*
15 silly packumentCache full:https://registry.npmjs.org/@types%2frecharts cache-miss
16 http fetch GET 200 https://registry.npmjs.org/@types%2frecharts 375ms (cache miss)
17 silly packumentCache full:https://registry.npmjs.org/@types%2frecharts set size:undefined disposed:false
18 silly placeDep ROOT @types/recharts@1.8.29 OK for: zina-dashboard@0.0.0 want: *
19 silly fetch manifest @types/d3-shape@^1
20 silly packumentCache full:https://registry.npmjs.org/@types%2fd3-shape cache-miss
21 http fetch GET 200 https://registry.npmjs.org/@types%2fd3-shape 156ms (cache miss)
22 silly packumentCache full:https://registry.npmjs.org/@types%2fd3-shape set size:undefined disposed:false
23 silly placeDep node_modules/@types/recharts @types/d3-shape@1.3.12 OK for: @types/recharts@1.8.29 want: ^1
24 silly fetch manifest @types/d3-path@^1
25 silly packumentCache full:https://registry.npmjs.org/@types%2fd3-path cache-miss
26 http fetch GET 200 https://registry.npmjs.org/@types%2fd3-path 167ms (cache miss)
27 silly packumentCache full:https://registry.npmjs.org/@types%2fd3-path set size:undefined disposed:false
28 silly placeDep node_modules/@types/recharts @types/d3-path@1.0.11 OK for: @types/d3-shape@1.3.12 want: ^1
29 silly reify moves {}
30 silly audit bulk request {
30 silly audit   '@ampproject/remapping': [ '2.3.0' ],
30 silly audit   '@ant-design/charts': [ '2.2.7' ],
30 silly audit   '@ant-design/charts-util': [ '0.0.1-alpha.7' ],
30 silly audit   react: [ '18.3.1', '19.0.0' ],
30 silly audit   'react-dom': [ '18.3.1', '19.0.0' ],
30 silly audit   scheduler: [ '0.23.2', '0.25.0' ],
30 silly audit   '@ant-design/colors': [ '7.2.0' ],
30 silly audit   '@ant-design/cssinjs': [ '1.23.0' ],
30 silly audit   '@ant-design/cssinjs-utils': [ '1.1.3' ],
30 silly audit   '@ant-design/fast-color': [ '2.0.6' ],
30 silly audit   '@ant-design/graphs': [ '2.0.5' ],
30 silly audit   '@antv/graphin': [ '3.0.5' ],
30 silly audit   '@ant-design/icons': [ '5.6.1' ],
30 silly audit   '@ant-design/icons-svg': [ '4.4.2' ],
30 silly audit   '@ant-design/plots': [ '2.3.3' ],
30 silly audit   '@ant-design/react-slick': [ '1.1.2' ],
30 silly audit   '@ant-design/v5-patch-for-react-19': [ '1.0.3' ],
30 silly audit   '@antv/algorithm': [ '0.1.26' ],
30 silly audit   '@antv/util': [ '2.0.17', '3.3.10' ],
30 silly audit   '@antv/component': [ '2.1.2' ],
30 silly audit   '@antv/coord': [ '0.4.7' ],
30 silly audit   '@antv/event-emitter': [ '0.1.3' ],
30 silly audit   '@antv/expr': [ '1.0.2' ],
30 silly audit   '@antv/g': [ '6.1.23' ],
30 silly audit   '@antv/g-camera-api': [ '2.0.37' ],
30 silly audit   '@antv/g-canvas': [ '2.0.42' ],
30 silly audit   '@antv/g-dom-mutation-observer-api': [ '2.0.34' ],
30 silly audit   '@antv/g-lite': [ '2.2.18' ],
30 silly audit   '@antv/g-math': [ '3.0.0' ],
30 silly audit   '@antv/g-plugin-canvas-path-generator': [ '2.1.18' ],
30 silly audit   '@antv/g-plugin-canvas-picker': [ '2.1.21' ],
30 silly audit   '@antv/g-plugin-canvas-renderer': [ '2.2.21' ],
30 silly audit   '@antv/g-plugin-dom-interaction': [ '2.1.23' ],
30 silly audit   '@antv/g-plugin-dragndrop': [ '2.0.34' ],
30 silly audit   '@antv/g-plugin-html-renderer': [ '2.1.23' ],
30 silly audit   '@antv/g-plugin-image-loader': [ '2.1.21' ],
30 silly audit   '@antv/g-plugin-svg-picker': [ '2.0.37' ],
30 silly audit   '@antv/g-plugin-svg-renderer': [ '2.2.19' ],
30 silly audit   '@antv/g-svg': [ '2.0.37' ],
30 silly audit   '@antv/g-web-animations-api': [ '2.1.23' ],
30 silly audit   '@antv/g2': [ '5.3.2' ],
30 silly audit   '@antv/g2-extension-plot': [ '0.2.2' ],
30 silly audit   '@antv/g6': [ '5.0.45' ],
30 silly audit   '@antv/g6-extension-react': [ '0.2.1' ],
30 silly audit   '@antv/graphlib': [ '2.0.4' ],
30 silly audit   '@antv/hierarchy': [ '0.6.14' ],
30 silly audit   '@antv/layout': [ '1.2.14-beta.9' ],
30 silly audit   '@antv/scale': [ '0.4.16' ],
30 silly audit   '@antv/vendor': [ '1.0.11' ],
30 silly audit   '@babel/code-frame': [ '7.26.2' ],
30 silly audit   '@babel/compat-data': [ '7.26.8' ],
30 silly audit   '@babel/core': [ '7.26.10' ],
30 silly audit   '@babel/generator': [ '7.26.10' ],
30 silly audit   '@babel/helper-compilation-targets': [ '7.26.5' ],
30 silly audit   '@babel/helper-module-imports': [ '7.25.9' ],
30 silly audit   '@babel/helper-module-transforms': [ '7.26.0' ],
30 silly audit   '@babel/helper-plugin-utils': [ '7.26.5' ],
30 silly audit   '@babel/helper-string-parser': [ '7.25.9' ],
30 silly audit   '@babel/helper-validator-identifier': [ '7.25.9' ],
30 silly audit   '@babel/helper-validator-option': [ '7.25.9' ],
30 silly audit   '@babel/helpers': [ '7.26.10' ],
30 silly audit   '@babel/parser': [ '7.26.10' ],
30 silly audit   '@babel/plugin-transform-react-jsx-self': [ '7.25.9' ],
30 silly audit   '@babel/plugin-transform-react-jsx-source': [ '7.25.9' ],
30 silly audit   '@babel/runtime': [ '7.26.10' ],
30 silly audit   '@babel/template': [ '7.26.9' ],
30 silly audit   '@babel/traverse': [ '7.26.10' ],
30 silly audit   globals: [ '11.12.0', '14.0.0', '15.15.0' ],
30 silly audit   '@babel/types': [ '7.26.10' ],
30 silly audit   '@emnapi/runtime': [ '1.4.3' ],
30 silly audit   '@emotion/hash': [ '0.8.0' ],
30 silly audit   '@emotion/is-prop-valid': [ '1.2.2' ],
30 silly audit   '@emotion/memoize': [ '0.8.1' ],
30 silly audit   '@emotion/unitless': [ '0.7.5', '0.8.1' ],
30 silly audit   '@esbuild/aix-ppc64': [ '0.25.1' ],
30 silly audit   '@esbuild/android-arm': [ '0.25.1' ],
30 silly audit   '@esbuild/android-arm64': [ '0.25.1' ],
30 silly audit   '@esbuild/android-x64': [ '0.25.1' ],
30 silly audit   '@esbuild/darwin-arm64': [ '0.25.1' ],
30 silly audit   '@esbuild/darwin-x64': [ '0.25.1' ],
30 silly audit   '@esbuild/freebsd-arm64': [ '0.25.1' ],
30 silly audit   '@esbuild/freebsd-x64': [ '0.25.1' ],
30 silly audit   '@esbuild/linux-arm': [ '0.25.1' ],
30 silly audit   '@esbuild/linux-arm64': [ '0.25.1' ],
30 silly audit   '@esbuild/linux-ia32': [ '0.25.1' ],
30 silly audit   '@esbuild/linux-loong64': [ '0.25.1' ],
30 silly audit   '@esbuild/linux-mips64el': [ '0.25.1' ],
30 silly audit   '@esbuild/linux-ppc64': [ '0.25.1' ],
30 silly audit   '@esbuild/linux-riscv64': [ '0.25.1' ],
30 silly audit   '@esbuild/linux-s390x': [ '0.25.1' ],
30 silly audit   '@esbuild/linux-x64': [ '0.25.1' ],
30 silly audit   '@esbuild/netbsd-arm64': [ '0.25.1' ],
30 silly audit   '@esbuild/netbsd-x64': [ '0.25.1' ],
30 silly audit   '@esbuild/openbsd-arm64': [ '0.25.1' ],
30 silly audit   '@esbuild/openbsd-x64': [ '0.25.1' ],
30 silly audit   '@esbuild/sunos-x64': [ '0.25.1' ],
30 silly audit   '@esbuild/win32-arm64': [ '0.25.1' ],
30 silly audit   '@esbuild/win32-ia32': [ '0.25.1' ],
30 silly audit   '@esbuild/win32-x64': [ '0.25.1' ],
30 silly audit   '@eslint-community/eslint-utils': [ '4.5.1' ],
30 silly audit   'eslint-visitor-keys': [ '3.4.3', '4.2.0' ],
30 silly audit   '@eslint-community/regexpp': [ '4.12.1' ],
30 silly audit   '@eslint/config-array': [ '0.19.2' ],
30 silly audit   '@eslint/config-helpers': [ '0.2.0' ],
30 silly audit   '@eslint/core': [ '0.12.0' ],
30 silly audit   '@eslint/eslintrc': [ '3.3.1' ],
30 silly audit   '@eslint/js': [ '9.23.0' ],
30 silly audit   '@eslint/object-schema': [ '2.1.6' ],
30 silly audit   '@eslint/plugin-kit': [ '0.2.7' ],
30 silly audit   '@hookform/resolvers': [ '4.1.3' ],
30 silly audit   '@humanfs/core': [ '0.19.1' ],
30 silly audit   '@humanfs/node': [ '0.16.6' ],
30 silly audit   '@humanwhocodes/retry': [ '0.3.1', '0.4.2' ],
30 silly audit   '@humanwhocodes/module-importer': [ '1.0.1' ],
30 silly audit   '@img/sharp-darwin-arm64': [ '0.34.2' ],
30 silly audit   '@img/sharp-darwin-x64': [ '0.34.2' ],
30 silly audit   '@img/sharp-libvips-darwin-arm64': [ '1.1.0' ],
30 silly audit   '@img/sharp-libvips-darwin-x64': [ '1.1.0' ],
30 silly audit   '@img/sharp-libvips-linux-arm': [ '1.1.0' ],
30 silly audit   '@img/sharp-libvips-linux-arm64': [ '1.1.0' ],
30 silly audit   '@img/sharp-libvips-linux-ppc64': [ '1.1.0' ],
30 silly audit   '@img/sharp-libvips-linux-s390x': [ '1.1.0' ],
30 silly audit   '@img/sharp-libvips-linux-x64': [ '1.1.0' ],
30 silly audit   '@img/sharp-libvips-linuxmusl-arm64': [ '1.1.0' ],
30 silly audit   '@img/sharp-libvips-linuxmusl-x64': [ '1.1.0' ],
30 silly audit   '@img/sharp-linux-arm': [ '0.34.2' ],
30 silly audit   '@img/sharp-linux-arm64': [ '0.34.2' ],
30 silly audit   '@img/sharp-linux-s390x': [ '0.34.2' ],
30 silly audit   '@img/sharp-linux-x64': [ '0.34.2' ],
30 silly audit   '@img/sharp-linuxmusl-arm64': [ '0.34.2' ],
30 silly audit   '@img/sharp-linuxmusl-x64': [ '0.34.2' ],
30 silly audit   '@img/sharp-wasm32': [ '0.34.2' ],
30 silly audit   '@img/sharp-win32-arm64': [ '0.34.2' ],
30 silly audit   '@img/sharp-win32-ia32': [ '0.34.2' ],
30 silly audit   '@img/sharp-win32-x64': [ '0.34.2' ],
30 silly audit   '@jridgewell/gen-mapping': [ '0.3.8' ],
30 silly audit   '@jridgewell/resolve-uri': [ '3.1.2' ],
30 silly audit   '@jridgewell/set-array': [ '1.2.1' ],
30 silly audit   '@jridgewell/source-map': [ '0.3.6' ],
30 silly audit   '@jridgewell/sourcemap-codec': [ '1.5.0' ],
30 silly audit   '@jridgewell/trace-mapping': [ '0.3.25' ],
30 silly audit   '@ljharb/resumer': [ '0.0.1' ],
30 silly audit   '@ljharb/through': [ '2.3.14' ],
30 silly audit   '@naoak/workerize-transferable': [ '0.1.0' ],
30 silly audit   '@next/env': [ '15.3.4' ],
30 silly audit   '@next/swc-darwin-arm64': [ '15.3.4' ],
30 silly audit   '@next/swc-darwin-x64': [ '15.3.4' ],
30 silly audit   '@next/swc-linux-arm64-gnu': [ '15.3.4' ],
30 silly audit   '@next/swc-linux-arm64-musl': [ '15.3.4' ],
30 silly audit   '@next/swc-linux-x64-gnu': [ '15.3.4' ],
30 silly audit   '@next/swc-linux-x64-musl': [ '15.3.4' ],
30 silly audit   '@next/swc-win32-arm64-msvc': [ '15.3.4' ],
30 silly audit   '@next/swc-win32-x64-msvc': [ '15.3.4' ],
30 silly audit   '@nodelib/fs.scandir': [ '2.1.5' ],
30 silly audit   '@nodelib/fs.stat': [ '2.0.5' ],
30 silly audit   '@nodelib/fs.walk': [ '1.2.8' ],
30 silly audit   '@rc-component/async-validator': [ '5.0.4' ],
30 silly audit   '@rc-component/color-picker': [ '2.0.1' ],
30 silly audit   '@rc-component/context': [ '1.4.0' ],
30 silly audit   '@rc-component/mini-decimal': [ '1.1.0' ],
30 silly audit   '@rc-component/mutate-observer': [ '1.1.0' ],
30 silly audit   '@rc-component/portal': [ '1.1.2' ],
30 silly audit   '@rc-component/qrcode': [ '1.0.0' ],
30 silly audit   '@rc-component/tour': [ '1.15.1' ],
30 silly audit   '@rc-component/trigger': [ '2.2.6' ],
30 silly audit   '@reduxjs/toolkit': [ '2.8.2' ],
30 silly audit   '@rollup/rollup-android-arm-eabi': [ '4.36.0' ],
30 silly audit   '@rollup/rollup-android-arm64': [ '4.36.0' ],
30 silly audit   '@rollup/rollup-darwin-arm64': [ '4.36.0' ],
30 silly audit   '@rollup/rollup-darwin-x64': [ '4.36.0' ],
30 silly audit   '@rollup/rollup-freebsd-arm64': [ '4.36.0' ],
30 silly audit   '@rollup/rollup-freebsd-x64': [ '4.36.0' ],
30 silly audit   '@rollup/rollup-linux-arm-gnueabihf': [ '4.36.0' ],
30 silly audit   '@rollup/rollup-linux-arm-musleabihf': [ '4.36.0' ],
30 silly audit   '@rollup/rollup-linux-arm64-gnu': [ '4.36.0' ],
30 silly audit   '@rollup/rollup-linux-arm64-musl': [ '4.36.0' ],
30 silly audit   '@rollup/rollup-linux-loongarch64-gnu': [ '4.36.0' ],
30 silly audit   '@rollup/rollup-linux-powerpc64le-gnu': [ '4.36.0' ],
30 silly audit   '@rollup/rollup-linux-riscv64-gnu': [ '4.36.0' ],
30 silly audit   '@rollup/rollup-linux-s390x-gnu': [ '4.36.0' ],
30 silly audit   '@rollup/rollup-linux-x64-gnu': [ '4.36.0' ],
30 silly audit   '@rollup/rollup-linux-x64-musl': [ '4.36.0' ],
30 silly audit   '@rollup/rollup-win32-arm64-msvc': [ '4.36.0' ],
30 silly audit   '@rollup/rollup-win32-ia32-msvc': [ '4.36.0' ],
30 silly audit   '@rollup/rollup-win32-x64-msvc': [ '4.36.0' ],
30 silly audit   '@standard-schema/spec': [ '1.0.0' ],
30 silly audit   '@standard-schema/utils': [ '0.3.0' ],
30 silly audit   '@swc/counter': [ '0.1.3' ],
30 silly audit   '@swc/helpers': [ '0.5.15' ],
30 silly audit   '@tailwindcss/node': [ '4.0.15' ],
30 silly audit   '@tailwindcss/oxide': [ '4.0.15' ],
30 silly audit   '@tailwindcss/oxide-android-arm64': [ '4.0.15' ],
30 silly audit   '@tailwindcss/oxide-darwin-arm64': [ '4.0.15' ],
30 silly audit   '@tailwindcss/oxide-darwin-x64': [ '4.0.15' ],
30 silly audit   '@tailwindcss/oxide-freebsd-x64': [ '4.0.15' ],
30 silly audit   '@tailwindcss/oxide-linux-arm-gnueabihf': [ '4.0.15' ],
30 silly audit   '@tailwindcss/oxide-linux-arm64-gnu': [ '4.0.15' ],
30 silly audit   '@tailwindcss/oxide-linux-arm64-musl': [ '4.0.15' ],
30 silly audit   '@tailwindcss/oxide-linux-x64-gnu': [ '4.0.15' ],
30 silly audit   '@tailwindcss/oxide-linux-x64-musl': [ '4.0.15' ],
30 silly audit   '@tailwindcss/oxide-win32-arm64-msvc': [ '4.0.15' ],
30 silly audit   '@tailwindcss/oxide-win32-x64-msvc': [ '4.0.15' ],
30 silly audit   '@tailwindcss/vite': [ '4.0.15' ],
30 silly audit   '@types/babel__core': [ '7.20.5' ],
30 silly audit   '@types/babel__generator': [ '7.6.8' ],
30 silly audit   '@types/babel__template': [ '7.4.4' ],
30 silly audit   '@types/babel__traverse': [ '7.20.6' ],
30 silly audit   '@types/cookie': [ '0.6.0' ],
30 silly audit   '@types/d3-array': [ '3.2.1' ],
30 silly audit   '@types/d3-color': [ '3.1.3' ],
30 silly audit   '@types/d3-dispatch': [ '3.0.6' ],
30 silly audit   '@types/d3-dsv': [ '3.0.7' ],
30 silly audit   '@types/d3-ease': [ '3.0.2' ],
30 silly audit   '@types/d3-fetch': [ '3.0.7' ],
30 silly audit   '@types/d3-force': [ '3.0.10' ],
30 silly audit   '@types/d3-format': [ '3.0.4' ],
30 silly audit   '@types/d3-geo': [ '3.1.0' ],
30 silly audit   '@types/d3-hierarchy': [ '3.1.7' ],
30 silly audit   '@types/d3-interpolate': [ '3.0.4' ],
30 silly audit   '@types/d3-path': [ '3.1.1', '1.0.11' ],
30 silly audit   '@types/d3-quadtree': [ '3.0.6' ],
30 silly audit   '@types/d3-random': [ '3.0.3' ],
30 silly audit   '@types/d3-scale': [ '4.0.9' ],
30 silly audit   '@types/d3-scale-chromatic': [ '3.1.0' ],
30 silly audit   '@types/d3-shape': [ '3.1.7', '1.3.12' ],
30 silly audit   '@types/d3-time': [ '3.0.4' ],
30 silly audit   '@types/d3-timer': [ '3.0.2' ],
30 silly audit   '@types/eslint': [ '9.6.1' ],
30 silly audit   '@types/eslint-scope': [ '3.7.7' ],
30 silly audit   '@types/estree': [ '1.0.6' ],
30 silly audit   '@types/geojson': [ '7946.0.16' ],
30 silly audit   '@types/json-schema': [ '7.0.15' ],
30 silly audit   '@types/node': [ '22.15.3' ],
30 silly audit   '@types/react': [ '19.0.12' ],
30 silly audit   '@types/react-dom': [ '19.0.4' ],
30 silly audit   '@types/stylis': [ '4.2.5' ],
30 silly audit   '@types/use-sync-external-store': [ '0.0.6' ],
30 silly audit   '@typescript-eslint/eslint-plugin': [ '8.27.0' ],
30 silly audit   '@typescript-eslint/parser': [ '8.27.0' ],
30 silly audit   '@typescript-eslint/scope-manager': [ '8.27.0' ],
30 silly audit   '@typescript-eslint/type-utils': [ '8.27.0' ],
30 silly audit   '@typescript-eslint/types': [ '8.27.0' ],
30 silly audit   '@typescript-eslint/typescript-estree': [ '8.27.0' ],
30 silly audit   'brace-expansion': [ '2.0.1', '1.1.11' ],
30 silly audit   minimatch: [ '9.0.5', '3.1.2' ],
30 silly audit   semver: [ '7.7.1', '6.3.1', '7.7.2' ],
30 silly audit   '@typescript-eslint/utils': [ '8.27.0' ],
30 silly audit   '@typescript-eslint/visitor-keys': [ '8.27.0' ],
30 silly audit   '@vitejs/plugin-react': [ '4.3.4' ],
30 silly audit   '@webassemblyjs/ast': [ '1.14.1' ],
30 silly audit   '@webassemblyjs/floating-point-hex-parser': [ '1.13.2' ],
30 silly audit   '@webassemblyjs/helper-api-error': [ '1.13.2' ],
30 silly audit   '@webassemblyjs/helper-buffer': [ '1.14.1' ],
30 silly audit   '@webassemblyjs/helper-numbers': [ '1.13.2' ],
30 silly audit   '@webassemblyjs/helper-wasm-bytecode': [ '1.13.2' ],
30 silly audit   '@webassemblyjs/helper-wasm-section': [ '1.14.1' ],
30 silly audit   '@webassemblyjs/ieee754': [ '1.13.2' ],
30 silly audit   '@webassemblyjs/leb128': [ '1.13.2' ],
30 silly audit   '@webassemblyjs/utf8': [ '1.13.2' ],
30 silly audit   '@webassemblyjs/wasm-edit': [ '1.14.1' ],
30 silly audit   '@webassemblyjs/wasm-gen': [ '1.14.1' ],
30 silly audit   '@webassemblyjs/wasm-opt': [ '1.14.1' ],
30 silly audit   '@webassemblyjs/wasm-parser': [ '1.14.1' ],
30 silly audit   '@webassemblyjs/wast-printer': [ '1.14.1' ],
30 silly audit   '@xtuc/ieee754': [ '1.2.0' ],
30 silly audit   '@xtuc/long': [ '4.2.2' ],
30 silly audit   acorn: [ '8.14.1' ],
30 silly audit   'acorn-jsx': [ '5.3.2' ],
30 silly audit   ajv: [ '6.12.6', '8.17.1' ],
30 silly audit   'ajv-formats': [ '2.1.1' ],
30 silly audit   'json-schema-traverse': [ '1.0.0', '0.4.1' ],
30 silly audit   'align-text': [ '0.1.4' ],
30 silly audit   amdefine: [ '1.0.1' ],
30 silly audit   'ansi-regex': [ '2.1.1' ],
30 silly audit   'ansi-styles': [ '4.3.0', '2.2.1' ],
30 silly audit   antd: [ '5.24.4' ],
30 silly audit   argparse: [ '2.0.1' ],
30 silly audit   'array-buffer-byte-length': [ '1.0.2' ],
30 silly audit   'arraybuffer.prototype.slice': [ '1.0.4' ],
30 silly audit   'async-function': [ '1.0.0' ],
30 silly audit   'available-typed-arrays': [ '1.0.7' ],
30 silly audit   'balanced-match': [ '1.0.2' ],
30 silly audit   'big.js': [ '5.2.2' ],
30 silly audit   braces: [ '3.0.3' ],
30 silly audit   browserslist: [ '4.24.4' ],
30 silly audit   'bubblesets-js': [ '2.3.4' ],
30 silly audit   'buffer-from': [ '1.1.2' ],
30 silly audit   busboy: [ '1.6.0' ],
30 silly audit   'call-bind': [ '1.0.8' ],
30 silly audit   'call-bind-apply-helpers': [ '1.0.2' ],
30 silly audit   'call-bound': [ '1.0.4' ],
30 silly audit   callsites: [ '3.1.0' ],
30 silly audit   camelcase: [ '1.2.1' ],
30 silly audit   camelize: [ '1.0.1' ],
30 silly audit   'caniuse-lite': [ '1.0.30001707' ],
30 silly audit   'center-align': [ '0.1.3' ],
30 silly audit   chalk: [ '4.1.2', '1.1.3' ],
30 silly audit   'chrome-trace-event': [ '1.0.4' ],
30 silly audit   classnames: [ '2.5.1' ],
30 silly audit   'client-only': [ '0.0.1' ],
30 silly audit   cliui: [ '2.1.0' ],
30 silly audit   clsx: [ '2.1.1' ],
30 silly audit   color: [ '4.2.3' ],
30 silly audit   'color-convert': [ '2.0.1' ],
30 silly audit   'color-name': [ '1.1.4' ],
30 silly audit   'color-string': [ '1.9.1' ],
30 silly audit   comlink: [ '4.4.2' ],
30 silly audit   commander: [ '7.2.0', '2.20.3' ],
30 silly audit   'compute-scroll-into-view': [ '3.1.1' ],
30 silly audit   'concat-map': [ '0.0.1' ],
30 silly audit   contour_plot: [ '0.0.1' ],
30 silly audit   'convert-source-map': [ '2.0.0' ],
30 silly audit   cookie: [ '1.0.2' ],
30 silly audit   'copy-to-clipboard': [ '3.3.3' ],
30 silly audit   'cross-spawn': [ '7.0.6' ],
30 silly audit   'css-color-keywords': [ '1.0.0' ],
30 silly audit   'css-to-react-native': [ '3.2.0' ],
30 silly audit   csstype: [ '3.1.3' ],
30 silly audit   'd3-array': [ '3.2.4' ],
30 silly audit   'd3-binarytree': [ '1.0.2' ],
30 silly audit   'd3-color': [ '3.1.0' ],
30 silly audit   'd3-dispatch': [ '3.0.1' ],
30 silly audit   'd3-dsv': [ '3.0.1' ],
30 silly audit   'd3-ease': [ '3.0.1' ],
30 silly audit   'd3-fetch': [ '3.0.1' ],
30 silly audit   'd3-force': [ '3.0.0' ],
30 silly audit   'd3-force-3d': [ '3.0.6' ],
30 silly audit   'd3-format': [ '3.1.0' ],
30 silly audit   'd3-geo': [ '3.1.1' ],
30 silly audit   'd3-geo-projection': [ '4.0.0' ],
30 silly audit   'd3-hierarchy': [ '3.1.2' ],
30 silly audit   'd3-interpolate': [ '3.0.1' ],
30 silly audit   'd3-octree': [ '1.1.0' ],
30 silly audit   'd3-path': [ '3.1.0' ],
30 silly audit   'd3-quadtree': [ '3.0.1' ],
30 silly audit   'd3-random': [ '3.0.1' ],
30 silly audit   'd3-regression': [ '1.3.10' ],
30 silly audit   'd3-scale': [ '4.0.2' ],
30 silly audit   'd3-scale-chromatic': [ '3.1.0' ],
30 silly audit   'd3-shape': [ '3.2.0' ],
30 silly audit   'd3-time': [ '3.1.0' ],
30 silly audit   'd3-time-format': [ '4.1.0' ],
30 silly audit   'd3-timer': [ '3.0.1' ],
30 silly audit   dagre: [ '0.8.5' ],
30 silly audit   'data-view-buffer': [ '1.0.2' ],
30 silly audit   'data-view-byte-length': [ '1.0.2' ],
30 silly audit   'data-view-byte-offset': [ '1.0.1' ],
30 silly audit   dayjs: [ '1.11.13' ],
30 silly audit   debug: [ '4.4.0' ],
30 silly audit   decamelize: [ '1.2.0' ],
30 silly audit   'decimal.js-light': [ '2.5.1' ],
30 silly audit   'deep-equal': [ '1.1.2' ],
30 silly audit   'deep-is': [ '0.1.4' ],
30 silly audit   'define-data-property': [ '1.1.4' ],
30 silly audit   'define-properties': [ '1.2.1' ],
30 silly audit   defined: [ '1.0.1' ],
30 silly audit   'detect-libc': [ '2.0.4' ],
30 silly audit   dotignore: [ '0.1.2' ],
30 silly audit   'dunder-proto': [ '1.0.1' ],
30 silly audit   'electron-to-chromium': [ '1.5.123' ],
30 silly audit   'emojis-list': [ '3.0.0' ],
30 silly audit   'enhanced-resolve': [ '5.18.1' ],
30 silly audit   'es-abstract': [ '1.23.9' ],
30 silly audit   'is-regex': [ '1.2.1', '1.1.4' ],
30 silly audit   'object-inspect': [ '1.13.4', '1.12.3' ],
30 silly audit   'es-define-property': [ '1.0.1' ],
30 silly audit   'es-errors': [ '1.3.0' ],
30 silly audit   'es-module-lexer': [ '1.7.0' ],
30 silly audit   'es-object-atoms': [ '1.1.1' ],
30 silly audit   'es-set-tostringtag': [ '2.1.0' ],
30 silly audit   'es-to-primitive': [ '1.3.0' ],
30 silly audit   'es-toolkit': [ '1.39.6' ],
30 silly audit   esbuild: [ '0.25.1' ],
30 silly audit   escalade: [ '3.2.0' ],
30 silly audit   'escape-string-regexp': [ '4.0.0', '1.0.5' ],
30 silly audit   eslint: [ '9.23.0' ],
30 silly audit   'eslint-plugin-react-hooks': [ '5.2.0' ],
30 silly audit   'eslint-plugin-react-refresh': [ '0.4.19' ],
30 silly audit   'eslint-scope': [ '8.3.0', '5.1.1' ],
30 silly audit   espree: [ '10.3.0' ],
30 silly audit   esquery: [ '1.6.0' ],
30 silly audit   esrecurse: [ '4.3.0' ],
30 silly audit   estraverse: [ '5.3.0', '4.3.0' ],
30 silly audit   esutils: [ '2.0.3' ],
30 silly audit   eventemitter3: [ '5.0.1' ],
30 silly audit   events: [ '3.3.0' ],
30 silly audit   'fast-deep-equal': [ '3.1.3' ],
30 silly audit   'fast-glob': [ '3.3.3' ],
30 silly audit   'glob-parent': [ '5.1.2', '6.0.2' ],
30 silly audit   'fast-json-stable-stringify': [ '2.1.0' ],
30 silly audit   'fast-levenshtein': [ '2.0.6' ],
30 silly audit   'fast-uri': [ '3.0.6' ],
30 silly audit   fastq: [ '1.19.1' ],
30 silly audit   fecha: [ '4.2.3' ],
30 silly audit   'file-entry-cache': [ '8.0.0' ],
30 silly audit   'fill-range': [ '7.1.1' ],
30 silly audit   'find-up': [ '5.0.0' ],
30 silly audit   'flat-cache': [ '4.0.1' ],
30 silly audit   flatted: [ '3.3.3' ],
30 silly audit   flru: [ '1.0.2' ],
30 silly audit   fmin: [ '0.0.2' ],
30 silly audit   rollup: [ '0.25.8', '4.36.0' ],
30 silly audit   'source-map': [ '0.1.32', '0.5.7', '0.6.1' ],
30 silly audit   'source-map-support': [ '0.3.3', '0.5.21' ],
30 silly audit   'supports-color': [ '2.0.0', '8.1.1', '7.2.0' ],
30 silly audit   'for-each': [ '0.3.5' ],
30 silly audit   'fs.realpath': [ '1.0.0' ],
30 silly audit   fsevents: [ '2.3.3' ],
30 silly audit   'function-bind': [ '1.1.2' ],
30 silly audit   'function.prototype.name': [ '1.1.8' ],
30 silly audit   'functions-have-names': [ '1.2.3' ],
30 silly audit   gensync: [ '1.0.0-beta.2' ],
30 silly audit   'get-intrinsic': [ '1.3.0' ],
30 silly audit   'get-proto': [ '1.0.1' ],
30 silly audit   'get-symbol-description': [ '1.1.0' ],
30 silly audit   'gl-matrix': [ '3.4.3' ],
30 silly audit   glob: [ '7.2.3' ],
30 silly audit   'glob-to-regexp': [ '0.4.1' ],
30 silly audit   globalthis: [ '1.0.4' ],
30 silly audit   gopd: [ '1.2.0' ],
30 silly audit   'graceful-fs': [ '4.2.11' ],
30 silly audit   graphemer: [ '1.4.0' ],
30 silly audit   graphlib: [ '2.1.8' ],
30 silly audit   has: [ '1.0.4' ],
30 silly audit   'has-ansi': [ '2.0.0' ],
30 silly audit   'has-bigints': [ '1.1.0' ],
30 silly audit   'has-flag': [ '4.0.0' ],
30 silly audit   'has-property-descriptors': [ '1.0.2' ],
30 silly audit   'has-proto': [ '1.2.0' ],
30 silly audit   'has-symbols': [ '1.1.0' ],
30 silly audit   'has-tostringtag': [ '1.0.2' ],
30 silly audit   hasown: [ '2.0.2' ],
30 silly audit   'iconv-lite': [ '0.6.3' ],
30 silly audit   ignore: [ '5.3.2' ],
30 silly audit   immer: [ '10.1.1' ],
30 silly audit   'import-fresh': [ '3.3.1' ],
30 silly audit   imurmurhash: [ '0.1.4' ],
30 silly audit   inflight: [ '1.0.6' ],
30 silly audit   inherits: [ '2.0.4' ],
30 silly audit   'internal-slot': [ '1.1.0' ],
30 silly audit   internmap: [ '2.0.3' ],
30 silly audit   'is-any-array': [ '2.0.1' ],
30 silly audit   'is-arguments': [ '1.2.0' ],
30 silly audit   'is-array-buffer': [ '3.0.5' ],
30 silly audit   'is-arrayish': [ '0.3.2' ],
30 silly audit   'is-async-function': [ '2.1.1' ],
30 silly audit   'is-bigint': [ '1.1.0' ],
30 silly audit   'is-boolean-object': [ '1.2.2' ],
30 silly audit   'is-buffer': [ '1.1.6' ],
30 silly audit   'is-callable': [ '1.2.7' ],
30 silly audit   'is-core-module': [ '2.16.1' ],
30 silly audit   'is-data-view': [ '1.0.2' ],
30 silly audit   'is-date-object': [ '1.1.0' ],
30 silly audit   'is-extglob': [ '2.1.1' ],
30 silly audit   'is-finalizationregistry': [ '1.1.1' ],
30 silly audit   'is-generator-function': [ '1.1.0' ],
30 silly audit   'is-glob': [ '4.0.3' ],
30 silly audit   'is-map': [ '2.0.3' ],
30 silly audit   'is-number': [ '7.0.0' ],
30 silly audit   'is-number-object': [ '1.1.1' ],
30 silly audit   'is-set': [ '2.0.3' ],
30 silly audit   'is-shared-array-buffer': [ '1.0.4' ],
30 silly audit   'is-string': [ '1.1.1' ],
30 silly audit   'is-symbol': [ '1.1.1' ],
30 silly audit   'is-typed-array': [ '1.1.15' ],
30 silly audit   'is-weakmap': [ '2.0.2' ],
30 silly audit   'is-weakref': [ '1.1.1' ],
30 silly audit   'is-weakset': [ '2.0.4' ],
30 silly audit   isarray: [ '2.0.5' ],
30 silly audit   isexe: [ '2.0.0' ],
30 silly audit   'jest-worker': [ '27.5.1' ],
30 silly audit   jiti: [ '2.4.2' ],
30 silly audit   'js-tokens': [ '4.0.0' ],
30 silly audit   'js-yaml': [ '4.1.0' ],
30 silly audit   jsesc: [ '3.1.0' ],
30 silly audit   'json-buffer': [ '3.0.1' ],
30 silly audit   'json-parse-even-better-errors': [ '2.3.1' ],
30 silly audit   'json-stable-stringify-without-jsonify': [ '1.0.1' ],
30 silly audit   json2module: [ '0.0.3' ],
30 silly audit   json2mq: [ '0.2.0' ],
30 silly audit   json5: [ '2.2.3' ],
30 silly audit   keyv: [ '4.5.4' ],
30 silly audit   'kind-of': [ '3.2.2' ],
30 silly audit   'lazy-cache': [ '1.0.4' ],
30 silly audit   levn: [ '0.4.1' ],
30 silly audit   lightningcss: [ '1.29.2' ],
30 silly audit   'lightningcss-darwin-arm64': [ '1.29.2' ],
30 silly audit   'lightningcss-darwin-x64': [ '1.29.2' ],
30 silly audit   'lightningcss-freebsd-x64': [ '1.29.2' ],
30 silly audit   'lightningcss-linux-arm-gnueabihf': [ '1.29.2' ],
30 silly audit   'lightningcss-linux-arm64-gnu': [ '1.29.2' ],
30 silly audit   'lightningcss-linux-arm64-musl': [ '1.29.2' ],
30 silly audit   'lightningcss-linux-x64-gnu': [ '1.29.2' ],
30 silly audit   'lightningcss-linux-x64-musl': [ '1.29.2' ],
30 silly audit   'lightningcss-win32-arm64-msvc': [ '1.29.2' ],
30 silly audit   'lightningcss-win32-x64-msvc': [ '1.29.2' ],
30 silly audit   'loader-runner': [ '4.3.0' ],
30 silly audit   'loader-utils': [ '2.0.4' ],
30 silly audit   'locate-path': [ '6.0.0' ],
30 silly audit   lodash: [ '4.17.21' ],
30 silly audit   'lodash.merge': [ '4.6.2' ],
30 silly audit   longest: [ '1.0.1' ],
30 silly audit   'loose-envify': [ '1.4.0' ],
30 silly audit   'lru-cache': [ '5.1.1' ],
30 silly audit   'math-intrinsics': [ '1.1.0' ],
30 silly audit   'merge-stream': [ '2.0.0' ],
30 silly audit   merge2: [ '1.4.1' ],
30 silly audit   micromatch: [ '4.0.8' ],
30 silly audit   'mime-db': [ '1.52.0' ],
30 silly audit   'mime-types': [ '2.1.35' ],
30 silly audit   minimist: [ '1.2.8' ],
30 silly audit   'ml-array-max': [ '1.2.4' ],
30 silly audit   'ml-array-min': [ '1.2.3' ],
30 silly audit   'ml-array-rescale': [ '1.3.7' ],
30 silly audit   'ml-matrix': [ '6.12.1' ],
30 silly audit   'mock-property': [ '1.0.3' ],
30 silly audit   ms: [ '2.1.3' ],
30 silly audit   nanoid: [ '3.3.11' ],
30 silly audit   'natural-compare': [ '1.4.0' ],
30 silly audit   'neo-async': [ '2.6.2' ],
30 silly audit   next: [ '15.3.4' ],
30 silly audit   postcss: [ '8.4.31', '8.5.3', '8.4.49' ],
30 silly audit   'node-releases': [ '2.0.19' ],
30 silly audit   'object-is': [ '1.1.6' ],
30 silly audit   'object-keys': [ '1.1.1' ],
30 silly audit   'object.assign': [ '4.1.7' ],
30 silly audit   once: [ '1.4.0' ],
30 silly audit   optionator: [ '0.9.4' ],
30 silly audit   'own-keys': [ '1.0.1' ],
30 silly audit   'p-limit': [ '3.1.0' ],
30 silly audit   'p-locate': [ '5.0.0' ],
30 silly audit   'parent-module': [ '1.0.1' ],
30 silly audit   'path-exists': [ '4.0.0' ],
30 silly audit   'path-is-absolute': [ '1.0.1' ],
30 silly audit   'path-key': [ '3.1.1' ],
30 silly audit   'path-parse': [ '1.0.7' ],
30 silly audit   pdfast: [ '0.2.0' ],
30 silly audit   picocolors: [ '1.1.1' ],
30 silly audit   picomatch: [ '2.3.1' ],
30 silly audit   'possible-typed-array-names': [ '1.1.0' ],
30 silly audit   'postcss-value-parser': [ '4.2.0' ],
30 silly audit   'prelude-ls': [ '1.2.1' ],
30 silly audit   process: [ '0.11.10' ],
30 silly audit   punycode: [ '2.3.1' ],
30 silly audit   'queue-microtask': [ '1.2.3' ],
30 silly audit   quickselect: [ '2.0.0' ],
30 silly audit   randombytes: [ '2.1.0' ],
30 silly audit   rbush: [ '3.0.1' ],
30 silly audit   'rc-cascader': [ '3.33.1' ],
30 silly audit   'rc-checkbox': [ '3.5.0' ],
30 silly audit   'rc-collapse': [ '3.9.0' ],
30 silly audit   'rc-dialog': [ '9.6.0' ],
30 silly audit   'rc-drawer': [ '7.2.0' ],
30 silly audit   'rc-dropdown': [ '4.2.1' ],
30 silly audit   'rc-field-form': [ '2.7.0' ],
30 silly audit   'rc-image': [ '7.11.1' ],
30 silly audit   'rc-input': [ '1.7.3' ],
30 silly audit   'rc-input-number': [ '9.4.0' ],
30 silly audit   'rc-mentions': [ '2.19.1' ],
30 silly audit   'rc-menu': [ '9.16.1' ],
30 silly audit   'rc-motion': [ '2.9.5' ],
30 silly audit   'rc-notification': [ '5.6.3' ],
30 silly audit   'rc-overflow': [ '1.4.1' ],
30 silly audit   'rc-pagination': [ '5.1.0' ],
30 silly audit   'rc-picker': [ '4.11.3' ],
30 silly audit   'rc-progress': [ '4.0.0' ],
30 silly audit   'rc-rate': [ '2.13.1' ],
30 silly audit   'rc-resize-observer': [ '1.4.3' ],
30 silly audit   'rc-segmented': [ '2.7.0' ],
30 silly audit   'rc-select': [ '14.16.6' ],
30 silly audit   'rc-slider': [ '11.1.8' ],
30 silly audit   'rc-steps': [ '6.0.1' ],
30 silly audit   'rc-switch': [ '4.1.0' ],
30 silly audit   'rc-table': [ '7.50.4' ],
30 silly audit   'rc-tabs': [ '15.5.1' ],
30 silly audit   'rc-textarea': [ '1.9.0' ],
30 silly audit   'rc-tooltip': [ '6.4.0' ],
30 silly audit   'rc-tree': [ '5.13.1' ],
30 silly audit   'rc-tree-select': [ '5.27.0' ],
30 silly audit   'rc-upload': [ '4.8.1' ],
30 silly audit   'rc-util': [ '5.44.4' ],
30 silly audit   'rc-virtual-list': [ '3.18.5' ],
30 silly audit   'react-hook-form': [ '7.54.2' ],
30 silly audit   'react-icons': [ '5.5.0' ],
30 silly audit   'react-is': [ '18.3.1' ],
30 silly audit   'react-redux': [ '9.2.0' ],
30 silly audit   'react-refresh': [ '0.14.2' ],
30 silly audit   'react-router': [ '7.4.0' ],
30 silly audit   'react-router-dom': [ '7.4.0' ],
30 silly audit   recharts: [ '3.0.2' ],
30 silly audit   redux: [ '5.0.1' ],
30 silly audit   'redux-thunk': [ '3.1.0' ],
30 silly audit   'reflect.getprototypeof': [ '1.0.10' ],
30 silly audit   'regenerator-runtime': [ '0.14.1' ],
30 silly audit   'regexp.prototype.flags': [ '1.5.4' ],
30 silly audit   'repeat-string': [ '1.6.1' ],
30 silly audit   'require-from-string': [ '2.0.2' ],
30 silly audit   reselect: [ '5.1.1' ],
30 silly audit   'resize-observer-polyfill': [ '1.5.1' ],
30 silly audit   resolve: [ '1.22.10' ],
30 silly audit   'resolve-from': [ '4.0.0' ],
30 silly audit   reusify: [ '1.1.0' ],
30 silly audit   'right-align': [ '0.1.3' ],
30 silly audit   'run-parallel': [ '1.2.0' ],
30 silly audit   rw: [ '1.3.3' ],
30 silly audit   'safe-array-concat': [ '1.1.3' ],
30 silly audit   'safe-buffer': [ '5.2.1' ],
30 silly audit   'safe-push-apply': [ '1.0.0' ],
30 silly audit   'safe-regex-test': [ '1.1.0' ],
30 silly audit   'safer-buffer': [ '2.1.2' ],
30 silly audit   'schema-utils': [ '4.3.2' ],
30 silly audit   'ajv-keywords': [ '5.1.0' ],
30 silly audit   'scroll-into-view-if-needed': [ '3.1.0' ],
30 silly audit   'serialize-javascript': [ '6.0.2' ],
30 silly audit   'set-cookie-parser': [ '2.7.1' ],
30 silly audit   'set-function-length': [ '1.2.2' ],
30 silly audit   'set-function-name': [ '2.0.2' ],
30 silly audit   'set-proto': [ '1.0.0' ],
30 silly audit   shallowequal: [ '1.1.0' ],
30 silly audit   sharp: [ '0.34.2' ],
30 silly audit   'shebang-command': [ '2.0.0' ],
30 silly audit   'shebang-regex': [ '3.0.0' ],
30 silly audit   'side-channel': [ '1.1.0' ],
30 silly audit   'side-channel-list': [ '1.0.0' ],
30 silly audit   'side-channel-map': [ '1.0.1' ],
30 silly audit   'side-channel-weakmap': [ '1.0.2' ],
30 silly audit   'simple-swizzle': [ '0.2.2' ],
30 silly audit   sonner: [ '2.0.1' ],
30 silly audit   'source-map-js': [ '1.2.1' ],
30 silly audit   streamsearch: [ '1.1.0' ],
30 silly audit   'string-convert': [ '0.2.1' ],
30 silly audit   'string.prototype.trim': [ '1.2.10' ],
30 silly audit   'string.prototype.trimend': [ '1.0.9' ],
30 silly audit   'string.prototype.trimstart': [ '1.0.8' ],
30 silly audit   'strip-ansi': [ '3.0.1' ],
30 silly audit   'strip-json-comments': [ '3.1.1' ],
30 silly audit   'styled-components': [ '6.1.17' ],
30 silly audit   stylis: [ '4.3.2', '4.3.6' ],
30 silly audit   tslib: [ '2.6.2', '2.8.1' ],
30 silly audit   'styled-jsx': [ '5.1.6' ],
30 silly audit   'supports-preserve-symlinks-flag': [ '1.0.0' ],
30 silly audit   'svg-path-parser': [ '1.1.0' ],
30 silly audit   tailwindcss: [ '4.0.15' ],
30 silly audit   tapable: [ '2.2.1' ],
30 silly audit   tape: [ '4.17.0' ],
30 silly audit   terser: [ '5.39.0' ],
30 silly audit   'terser-webpack-plugin': [ '5.3.14' ],
30 silly audit   'throttle-debounce': [ '5.0.2' ],
30 silly audit   'tiny-invariant': [ '1.3.3' ],
30 silly audit   'to-regex-range': [ '5.0.1' ],
30 silly audit   'toggle-selection': [ '1.0.6' ],
30 silly audit   'ts-api-utils': [ '2.1.0' ],
30 silly audit   'turbo-stream': [ '2.4.0' ],
30 silly audit   'type-check': [ '0.4.0' ],
30 silly audit   'typed-array-buffer': [ '1.0.3' ],
30 silly audit   'typed-array-byte-length': [ '1.0.3' ],
30 silly audit   'typed-array-byte-offset': [ '1.0.4' ],
30 silly audit   'typed-array-length': [ '1.0.7' ],
30 silly audit   typescript: [ '5.7.3' ],
30 silly audit   'typescript-eslint': [ '8.27.0' ],
30 silly audit   'uglify-js': [ '2.8.29' ],
30 silly audit   'uglify-to-browserify': [ '1.0.2' ],
30 silly audit   'unbox-primitive': [ '1.1.0' ],
30 silly audit   'undici-types': [ '6.21.0' ],
30 silly audit   'update-browserslist-db': [ '1.1.3' ],
30 silly audit   'uri-js': [ '4.4.1' ],
30 silly audit   'use-sync-external-store': [ '1.5.0' ],
30 silly audit   'victory-vendor': [ '37.3.6' ],
30 silly audit   vite: [ '6.2.2' ],
30 silly audit   watchpack: [ '2.4.2' ],
30 silly audit   webpack: [ '5.99.7' ],
30 silly audit   'webpack-sources': [ '3.2.3' ],
30 silly audit   which: [ '2.0.2' ],
30 silly audit   'which-boxed-primitive': [ '1.1.1' ],
30 silly audit   'which-builtin-type': [ '1.2.1' ],
30 silly audit   'which-collection': [ '1.0.2' ],
30 silly audit   'which-typed-array': [ '1.1.19' ],
30 silly audit   'window-size': [ '0.1.0' ],
30 silly audit   'word-wrap': [ '1.2.5' ],
30 silly audit   wordwrap: [ '0.0.2' ],
30 silly audit   'workerize-loader': [ '2.0.2' ],
30 silly audit   wrappy: [ '1.0.2' ],
30 silly audit   yallist: [ '3.1.1' ],
30 silly audit   yargs: [ '3.10.0' ],
30 silly audit   'yocto-queue': [ '0.1.0' ],
30 silly audit   zod: [ '1.11.17' ],
30 silly audit   '@types/recharts': [ '1.8.29' ]
30 silly audit }
31 verbose reify failed optional dependency C:\Users\game0\Desktop\Devine Project\dashboard-boilerPlate\node_modules\lightningcss-win32-arm64-msvc
32 silly reify mark deleted [
32 silly reify   'C:\\Users\\game0\\Desktop\\Devine Project\\dashboard-boilerPlate\\node_modules\\lightningcss-win32-arm64-msvc'
32 silly reify ]
33 verbose reify failed optional dependency C:\Users\game0\Desktop\Devine Project\dashboard-boilerPlate\node_modules\lightningcss-linux-x64-musl
34 silly reify mark deleted [
34 silly reify   'C:\\Users\\game0\\Desktop\\Devine Project\\dashboard-boilerPlate\\node_modules\\lightningcss-linux-x64-musl'
34 silly reify ]
35 verbose reify failed optional dependency C:\Users\game0\Desktop\Devine Project\dashboard-boilerPlate\node_modules\lightningcss-linux-x64-gnu
36 silly reify mark deleted [
36 silly reify   'C:\\Users\\game0\\Desktop\\Devine Project\\dashboard-boilerPlate\\node_modules\\lightningcss-linux-x64-gnu'
36 silly reify ]
37 verbose reify failed optional dependency C:\Users\game0\Desktop\Devine Project\dashboard-boilerPlate\node_modules\lightningcss-linux-arm64-musl
38 silly reify mark deleted [
38 silly reify   'C:\\Users\\game0\\Desktop\\Devine Project\\dashboard-boilerPlate\\node_modules\\lightningcss-linux-arm64-musl'
38 silly reify ]
39 verbose reify failed optional dependency C:\Users\game0\Desktop\Devine Project\dashboard-boilerPlate\node_modules\lightningcss-linux-arm64-gnu
40 silly reify mark deleted [
40 silly reify   'C:\\Users\\game0\\Desktop\\Devine Project\\dashboard-boilerPlate\\node_modules\\lightningcss-linux-arm64-gnu'
40 silly reify ]
41 verbose reify failed optional dependency C:\Users\game0\Desktop\Devine Project\dashboard-boilerPlate\node_modules\lightningcss-linux-arm-gnueabihf
42 silly reify mark deleted [
42 silly reify   'C:\\Users\\game0\\Desktop\\Devine Project\\dashboard-boilerPlate\\node_modules\\lightningcss-linux-arm-gnueabihf'
42 silly reify ]
43 verbose reify failed optional dependency C:\Users\game0\Desktop\Devine Project\dashboard-boilerPlate\node_modules\lightningcss-freebsd-x64
44 silly reify mark deleted [
44 silly reify   'C:\\Users\\game0\\Desktop\\Devine Project\\dashboard-boilerPlate\\node_modules\\lightningcss-freebsd-x64'
44 silly reify ]
45 verbose reify failed optional dependency C:\Users\game0\Desktop\Devine Project\dashboard-boilerPlate\node_modules\lightningcss-darwin-x64
46 silly reify mark deleted [
46 silly reify   'C:\\Users\\game0\\Desktop\\Devine Project\\dashboard-boilerPlate\\node_modules\\lightningcss-darwin-x64'
46 silly reify ]
47 verbose reify failed optional dependency C:\Users\game0\Desktop\Devine Project\dashboard-boilerPlate\node_modules\lightningcss-darwin-arm64
48 silly reify mark deleted [
48 silly reify   'C:\\Users\\game0\\Desktop\\Devine Project\\dashboard-boilerPlate\\node_modules\\lightningcss-darwin-arm64'
48 silly reify ]
49 verbose reify failed optional dependency C:\Users\game0\Desktop\Devine Project\dashboard-boilerPlate\node_modules\fsevents
50 silly reify mark deleted [
50 silly reify   'C:\\Users\\game0\\Desktop\\Devine Project\\dashboard-boilerPlate\\node_modules\\fsevents'
50 silly reify ]
51 verbose reify failed optional dependency C:\Users\game0\Desktop\Devine Project\dashboard-boilerPlate\node_modules\@tailwindcss\oxide-win32-arm64-msvc
52 silly reify mark deleted [
52 silly reify   'C:\\Users\\game0\\Desktop\\Devine Project\\dashboard-boilerPlate\\node_modules\\@tailwindcss\\oxide-win32-arm64-msvc'
52 silly reify ]
53 verbose reify failed optional dependency C:\Users\game0\Desktop\Devine Project\dashboard-boilerPlate\node_modules\@tailwindcss\oxide-linux-x64-musl
54 silly reify mark deleted [
54 silly reify   'C:\\Users\\game0\\Desktop\\Devine Project\\dashboard-boilerPlate\\node_modules\\@tailwindcss\\oxide-linux-x64-musl'
54 silly reify ]
55 verbose reify failed optional dependency C:\Users\game0\Desktop\Devine Project\dashboard-boilerPlate\node_modules\@tailwindcss\oxide-linux-x64-gnu
56 silly reify mark deleted [
56 silly reify   'C:\\Users\\game0\\Desktop\\Devine Project\\dashboard-boilerPlate\\node_modules\\@tailwindcss\\oxide-linux-x64-gnu'
56 silly reify ]
57 verbose reify failed optional dependency C:\Users\game0\Desktop\Devine Project\dashboard-boilerPlate\node_modules\@tailwindcss\oxide-linux-arm64-musl
58 silly reify mark deleted [
58 silly reify   'C:\\Users\\game0\\Desktop\\Devine Project\\dashboard-boilerPlate\\node_modules\\@tailwindcss\\oxide-linux-arm64-musl'
58 silly reify ]
59 verbose reify failed optional dependency C:\Users\game0\Desktop\Devine Project\dashboard-boilerPlate\node_modules\@tailwindcss\oxide-linux-arm64-gnu
60 silly reify mark deleted [
60 silly reify   'C:\\Users\\game0\\Desktop\\Devine Project\\dashboard-boilerPlate\\node_modules\\@tailwindcss\\oxide-linux-arm64-gnu'
60 silly reify ]
61 verbose reify failed optional dependency C:\Users\game0\Desktop\Devine Project\dashboard-boilerPlate\node_modules\@tailwindcss\oxide-linux-arm-gnueabihf
62 silly reify mark deleted [
62 silly reify   'C:\\Users\\game0\\Desktop\\Devine Project\\dashboard-boilerPlate\\node_modules\\@tailwindcss\\oxide-linux-arm-gnueabihf'
62 silly reify ]
63 verbose reify failed optional dependency C:\Users\game0\Desktop\Devine Project\dashboard-boilerPlate\node_modules\@tailwindcss\oxide-freebsd-x64
64 silly reify mark deleted [
64 silly reify   'C:\\Users\\game0\\Desktop\\Devine Project\\dashboard-boilerPlate\\node_modules\\@tailwindcss\\oxide-freebsd-x64'
64 silly reify ]
65 verbose reify failed optional dependency C:\Users\game0\Desktop\Devine Project\dashboard-boilerPlate\node_modules\@tailwindcss\oxide-darwin-x64
66 silly reify mark deleted [
66 silly reify   'C:\\Users\\game0\\Desktop\\Devine Project\\dashboard-boilerPlate\\node_modules\\@tailwindcss\\oxide-darwin-x64'
66 silly reify ]
67 verbose reify failed optional dependency C:\Users\game0\Desktop\Devine Project\dashboard-boilerPlate\node_modules\@tailwindcss\oxide-darwin-arm64
68 silly reify mark deleted [
68 silly reify   'C:\\Users\\game0\\Desktop\\Devine Project\\dashboard-boilerPlate\\node_modules\\@tailwindcss\\oxide-darwin-arm64'
68 silly reify ]
69 verbose reify failed optional dependency C:\Users\game0\Desktop\Devine Project\dashboard-boilerPlate\node_modules\@tailwindcss\oxide-android-arm64
70 silly reify mark deleted [
70 silly reify   'C:\\Users\\game0\\Desktop\\Devine Project\\dashboard-boilerPlate\\node_modules\\@tailwindcss\\oxide-android-arm64'
70 silly reify ]
71 verbose reify failed optional dependency C:\Users\game0\Desktop\Devine Project\dashboard-boilerPlate\node_modules\@rollup\rollup-win32-ia32-msvc
72 silly reify mark deleted [
72 silly reify   'C:\\Users\\game0\\Desktop\\Devine Project\\dashboard-boilerPlate\\node_modules\\@rollup\\rollup-win32-ia32-msvc'
72 silly reify ]
73 verbose reify failed optional dependency C:\Users\game0\Desktop\Devine Project\dashboard-boilerPlate\node_modules\@rollup\rollup-win32-arm64-msvc
74 silly reify mark deleted [
74 silly reify   'C:\\Users\\game0\\Desktop\\Devine Project\\dashboard-boilerPlate\\node_modules\\@rollup\\rollup-win32-arm64-msvc'
74 silly reify ]
75 verbose reify failed optional dependency C:\Users\game0\Desktop\Devine Project\dashboard-boilerPlate\node_modules\@rollup\rollup-linux-x64-musl
76 silly reify mark deleted [
76 silly reify   'C:\\Users\\game0\\Desktop\\Devine Project\\dashboard-boilerPlate\\node_modules\\@rollup\\rollup-linux-x64-musl'
76 silly reify ]
77 verbose reify failed optional dependency C:\Users\game0\Desktop\Devine Project\dashboard-boilerPlate\node_modules\@rollup\rollup-linux-x64-gnu
78 silly reify mark deleted [
78 silly reify   'C:\\Users\\game0\\Desktop\\Devine Project\\dashboard-boilerPlate\\node_modules\\@rollup\\rollup-linux-x64-gnu'
78 silly reify ]
79 verbose reify failed optional dependency C:\Users\game0\Desktop\Devine Project\dashboard-boilerPlate\node_modules\@rollup\rollup-linux-s390x-gnu
80 silly reify mark deleted [
80 silly reify   'C:\\Users\\game0\\Desktop\\Devine Project\\dashboard-boilerPlate\\node_modules\\@rollup\\rollup-linux-s390x-gnu'
80 silly reify ]
81 verbose reify failed optional dependency C:\Users\game0\Desktop\Devine Project\dashboard-boilerPlate\node_modules\@rollup\rollup-linux-riscv64-gnu
82 silly reify mark deleted [
82 silly reify   'C:\\Users\\game0\\Desktop\\Devine Project\\dashboard-boilerPlate\\node_modules\\@rollup\\rollup-linux-riscv64-gnu'
82 silly reify ]
83 verbose reify failed optional dependency C:\Users\game0\Desktop\Devine Project\dashboard-boilerPlate\node_modules\@rollup\rollup-linux-powerpc64le-gnu
84 silly reify mark deleted [
84 silly reify   'C:\\Users\\game0\\Desktop\\Devine Project\\dashboard-boilerPlate\\node_modules\\@rollup\\rollup-linux-powerpc64le-gnu'
84 silly reify ]
85 verbose reify failed optional dependency C:\Users\game0\Desktop\Devine Project\dashboard-boilerPlate\node_modules\@rollup\rollup-linux-loongarch64-gnu
86 silly reify mark deleted [
86 silly reify   'C:\\Users\\game0\\Desktop\\Devine Project\\dashboard-boilerPlate\\node_modules\\@rollup\\rollup-linux-loongarch64-gnu'
86 silly reify ]
87 verbose reify failed optional dependency C:\Users\game0\Desktop\Devine Project\dashboard-boilerPlate\node_modules\@rollup\rollup-linux-arm64-musl
88 silly reify mark deleted [
88 silly reify   'C:\\Users\\game0\\Desktop\\Devine Project\\dashboard-boilerPlate\\node_modules\\@rollup\\rollup-linux-arm64-musl'
88 silly reify ]
89 verbose reify failed optional dependency C:\Users\game0\Desktop\Devine Project\dashboard-boilerPlate\node_modules\@rollup\rollup-linux-arm64-gnu
90 silly reify mark deleted [
90 silly reify   'C:\\Users\\game0\\Desktop\\Devine Project\\dashboard-boilerPlate\\node_modules\\@rollup\\rollup-linux-arm64-gnu'
90 silly reify ]
91 verbose reify failed optional dependency C:\Users\game0\Desktop\Devine Project\dashboard-boilerPlate\node_modules\@rollup\rollup-linux-arm-musleabihf
92 silly reify mark deleted [
92 silly reify   'C:\\Users\\game0\\Desktop\\Devine Project\\dashboard-boilerPlate\\node_modules\\@rollup\\rollup-linux-arm-musleabihf'
92 silly reify ]
93 verbose reify failed optional dependency C:\Users\game0\Desktop\Devine Project\dashboard-boilerPlate\node_modules\@rollup\rollup-linux-arm-gnueabihf
94 silly reify mark deleted [
94 silly reify   'C:\\Users\\game0\\Desktop\\Devine Project\\dashboard-boilerPlate\\node_modules\\@rollup\\rollup-linux-arm-gnueabihf'
94 silly reify ]
95 verbose reify failed optional dependency C:\Users\game0\Desktop\Devine Project\dashboard-boilerPlate\node_modules\@rollup\rollup-freebsd-x64
96 silly reify mark deleted [
96 silly reify   'C:\\Users\\game0\\Desktop\\Devine Project\\dashboard-boilerPlate\\node_modules\\@rollup\\rollup-freebsd-x64'
96 silly reify ]
97 verbose reify failed optional dependency C:\Users\game0\Desktop\Devine Project\dashboard-boilerPlate\node_modules\@rollup\rollup-freebsd-arm64
98 silly reify mark deleted [
98 silly reify   'C:\\Users\\game0\\Desktop\\Devine Project\\dashboard-boilerPlate\\node_modules\\@rollup\\rollup-freebsd-arm64'
98 silly reify ]
99 verbose reify failed optional dependency C:\Users\game0\Desktop\Devine Project\dashboard-boilerPlate\node_modules\@rollup\rollup-darwin-x64
100 silly reify mark deleted [
100 silly reify   'C:\\Users\\game0\\Desktop\\Devine Project\\dashboard-boilerPlate\\node_modules\\@rollup\\rollup-darwin-x64'
100 silly reify ]
101 verbose reify failed optional dependency C:\Users\game0\Desktop\Devine Project\dashboard-boilerPlate\node_modules\@rollup\rollup-darwin-arm64
102 silly reify mark deleted [
102 silly reify   'C:\\Users\\game0\\Desktop\\Devine Project\\dashboard-boilerPlate\\node_modules\\@rollup\\rollup-darwin-arm64'
102 silly reify ]
103 verbose reify failed optional dependency C:\Users\game0\Desktop\Devine Project\dashboard-boilerPlate\node_modules\@rollup\rollup-android-arm64
104 silly reify mark deleted [
104 silly reify   'C:\\Users\\game0\\Desktop\\Devine Project\\dashboard-boilerPlate\\node_modules\\@rollup\\rollup-android-arm64'
104 silly reify ]
105 verbose reify failed optional dependency C:\Users\game0\Desktop\Devine Project\dashboard-boilerPlate\node_modules\@rollup\rollup-android-arm-eabi
106 silly reify mark deleted [
106 silly reify   'C:\\Users\\game0\\Desktop\\Devine Project\\dashboard-boilerPlate\\node_modules\\@rollup\\rollup-android-arm-eabi'
106 silly reify ]
107 verbose reify failed optional dependency C:\Users\game0\Desktop\Devine Project\dashboard-boilerPlate\node_modules\@next\swc-win32-arm64-msvc
108 silly reify mark deleted [
108 silly reify   'C:\\Users\\game0\\Desktop\\Devine Project\\dashboard-boilerPlate\\node_modules\\@next\\swc-win32-arm64-msvc'
108 silly reify ]
109 verbose reify failed optional dependency C:\Users\game0\Desktop\Devine Project\dashboard-boilerPlate\node_modules\@next\swc-linux-x64-musl
110 silly reify mark deleted [
110 silly reify   'C:\\Users\\game0\\Desktop\\Devine Project\\dashboard-boilerPlate\\node_modules\\@next\\swc-linux-x64-musl'
110 silly reify ]
111 verbose reify failed optional dependency C:\Users\game0\Desktop\Devine Project\dashboard-boilerPlate\node_modules\@next\swc-linux-x64-gnu
112 silly reify mark deleted [
112 silly reify   'C:\\Users\\game0\\Desktop\\Devine Project\\dashboard-boilerPlate\\node_modules\\@next\\swc-linux-x64-gnu'
112 silly reify ]
113 verbose reify failed optional dependency C:\Users\game0\Desktop\Devine Project\dashboard-boilerPlate\node_modules\@next\swc-linux-arm64-musl
114 silly reify mark deleted [
114 silly reify   'C:\\Users\\game0\\Desktop\\Devine Project\\dashboard-boilerPlate\\node_modules\\@next\\swc-linux-arm64-musl'
114 silly reify ]
115 verbose reify failed optional dependency C:\Users\game0\Desktop\Devine Project\dashboard-boilerPlate\node_modules\@next\swc-linux-arm64-gnu
116 silly reify mark deleted [
116 silly reify   'C:\\Users\\game0\\Desktop\\Devine Project\\dashboard-boilerPlate\\node_modules\\@next\\swc-linux-arm64-gnu'
116 silly reify ]
117 verbose reify failed optional dependency C:\Users\game0\Desktop\Devine Project\dashboard-boilerPlate\node_modules\@next\swc-darwin-x64
118 silly reify mark deleted [
118 silly reify   'C:\\Users\\game0\\Desktop\\Devine Project\\dashboard-boilerPlate\\node_modules\\@next\\swc-darwin-x64'
118 silly reify ]
119 verbose reify failed optional dependency C:\Users\game0\Desktop\Devine Project\dashboard-boilerPlate\node_modules\@next\swc-darwin-arm64
120 silly reify mark deleted [
120 silly reify   'C:\\Users\\game0\\Desktop\\Devine Project\\dashboard-boilerPlate\\node_modules\\@next\\swc-darwin-arm64'
120 silly reify ]
121 verbose reify failed optional dependency C:\Users\game0\Desktop\Devine Project\dashboard-boilerPlate\node_modules\@img\sharp-win32-ia32
122 silly reify mark deleted [
122 silly reify   'C:\\Users\\game0\\Desktop\\Devine Project\\dashboard-boilerPlate\\node_modules\\@img\\sharp-win32-ia32'
122 silly reify ]
123 verbose reify failed optional dependency C:\Users\game0\Desktop\Devine Project\dashboard-boilerPlate\node_modules\@img\sharp-win32-arm64
124 silly reify mark deleted [
124 silly reify   'C:\\Users\\game0\\Desktop\\Devine Project\\dashboard-boilerPlate\\node_modules\\@img\\sharp-win32-arm64'
124 silly reify ]
125 verbose reify failed optional dependency C:\Users\game0\Desktop\Devine Project\dashboard-boilerPlate\node_modules\@img\sharp-wasm32
126 silly reify mark deleted [
126 silly reify   'C:\\Users\\game0\\Desktop\\Devine Project\\dashboard-boilerPlate\\node_modules\\@img\\sharp-wasm32'
126 silly reify ]
127 verbose reify failed optional dependency C:\Users\game0\Desktop\Devine Project\dashboard-boilerPlate\node_modules\@emnapi\runtime
128 silly reify mark deleted [
128 silly reify   'C:\\Users\\game0\\Desktop\\Devine Project\\dashboard-boilerPlate\\node_modules\\@emnapi\\runtime'
128 silly reify ]
129 verbose reify failed optional dependency C:\Users\game0\Desktop\Devine Project\dashboard-boilerPlate\node_modules\@img\sharp-linuxmusl-x64
130 silly reify mark deleted [
130 silly reify   'C:\\Users\\game0\\Desktop\\Devine Project\\dashboard-boilerPlate\\node_modules\\@img\\sharp-linuxmusl-x64'
130 silly reify ]
131 verbose reify failed optional dependency C:\Users\game0\Desktop\Devine Project\dashboard-boilerPlate\node_modules\@img\sharp-linuxmusl-arm64
132 silly reify mark deleted [
132 silly reify   'C:\\Users\\game0\\Desktop\\Devine Project\\dashboard-boilerPlate\\node_modules\\@img\\sharp-linuxmusl-arm64'
132 silly reify ]
133 verbose reify failed optional dependency C:\Users\game0\Desktop\Devine Project\dashboard-boilerPlate\node_modules\@img\sharp-linux-x64
134 silly reify mark deleted [
134 silly reify   'C:\\Users\\game0\\Desktop\\Devine Project\\dashboard-boilerPlate\\node_modules\\@img\\sharp-linux-x64'
134 silly reify ]
135 verbose reify failed optional dependency C:\Users\game0\Desktop\Devine Project\dashboard-boilerPlate\node_modules\@img\sharp-linux-s390x
136 silly reify mark deleted [
136 silly reify   'C:\\Users\\game0\\Desktop\\Devine Project\\dashboard-boilerPlate\\node_modules\\@img\\sharp-linux-s390x'
136 silly reify ]
137 verbose reify failed optional dependency C:\Users\game0\Desktop\Devine Project\dashboard-boilerPlate\node_modules\@img\sharp-linux-arm64
138 silly reify mark deleted [
138 silly reify   'C:\\Users\\game0\\Desktop\\Devine Project\\dashboard-boilerPlate\\node_modules\\@img\\sharp-linux-arm64'
138 silly reify ]
139 verbose reify failed optional dependency C:\Users\game0\Desktop\Devine Project\dashboard-boilerPlate\node_modules\@img\sharp-linux-arm
140 silly reify mark deleted [
140 silly reify   'C:\\Users\\game0\\Desktop\\Devine Project\\dashboard-boilerPlate\\node_modules\\@img\\sharp-linux-arm'
140 silly reify ]
141 verbose reify failed optional dependency C:\Users\game0\Desktop\Devine Project\dashboard-boilerPlate\node_modules\@img\sharp-libvips-linuxmusl-x64
142 silly reify mark deleted [
142 silly reify   'C:\\Users\\game0\\Desktop\\Devine Project\\dashboard-boilerPlate\\node_modules\\@img\\sharp-libvips-linuxmusl-x64'
142 silly reify ]
143 verbose reify failed optional dependency C:\Users\game0\Desktop\Devine Project\dashboard-boilerPlate\node_modules\@img\sharp-libvips-linuxmusl-arm64
144 silly reify mark deleted [
144 silly reify   'C:\\Users\\game0\\Desktop\\Devine Project\\dashboard-boilerPlate\\node_modules\\@img\\sharp-libvips-linuxmusl-arm64'
144 silly reify ]
145 verbose reify failed optional dependency C:\Users\game0\Desktop\Devine Project\dashboard-boilerPlate\node_modules\@img\sharp-libvips-linux-x64
146 silly reify mark deleted [
146 silly reify   'C:\\Users\\game0\\Desktop\\Devine Project\\dashboard-boilerPlate\\node_modules\\@img\\sharp-libvips-linux-x64'
146 silly reify ]
147 verbose reify failed optional dependency C:\Users\game0\Desktop\Devine Project\dashboard-boilerPlate\node_modules\@img\sharp-libvips-linux-s390x
148 silly reify mark deleted [
148 silly reify   'C:\\Users\\game0\\Desktop\\Devine Project\\dashboard-boilerPlate\\node_modules\\@img\\sharp-libvips-linux-s390x'
148 silly reify ]
149 verbose reify failed optional dependency C:\Users\game0\Desktop\Devine Project\dashboard-boilerPlate\node_modules\@img\sharp-libvips-linux-ppc64
150 silly reify mark deleted [
150 silly reify   'C:\\Users\\game0\\Desktop\\Devine Project\\dashboard-boilerPlate\\node_modules\\@img\\sharp-libvips-linux-ppc64'
150 silly reify ]
151 verbose reify failed optional dependency C:\Users\game0\Desktop\Devine Project\dashboard-boilerPlate\node_modules\@img\sharp-libvips-linux-arm64
152 silly reify mark deleted [
152 silly reify   'C:\\Users\\game0\\Desktop\\Devine Project\\dashboard-boilerPlate\\node_modules\\@img\\sharp-libvips-linux-arm64'
152 silly reify ]
153 verbose reify failed optional dependency C:\Users\game0\Desktop\Devine Project\dashboard-boilerPlate\node_modules\@img\sharp-libvips-linux-arm
154 silly reify mark deleted [
154 silly reify   'C:\\Users\\game0\\Desktop\\Devine Project\\dashboard-boilerPlate\\node_modules\\@img\\sharp-libvips-linux-arm'
154 silly reify ]
155 verbose reify failed optional dependency C:\Users\game0\Desktop\Devine Project\dashboard-boilerPlate\node_modules\@img\sharp-libvips-darwin-x64
156 silly reify mark deleted [
156 silly reify   'C:\\Users\\game0\\Desktop\\Devine Project\\dashboard-boilerPlate\\node_modules\\@img\\sharp-libvips-darwin-x64'
156 silly reify ]
157 verbose reify failed optional dependency C:\Users\game0\Desktop\Devine Project\dashboard-boilerPlate\node_modules\@img\sharp-libvips-darwin-arm64
158 silly reify mark deleted [
158 silly reify   'C:\\Users\\game0\\Desktop\\Devine Project\\dashboard-boilerPlate\\node_modules\\@img\\sharp-libvips-darwin-arm64'
158 silly reify ]
159 verbose reify failed optional dependency C:\Users\game0\Desktop\Devine Project\dashboard-boilerPlate\node_modules\@img\sharp-darwin-x64
160 silly reify mark deleted [
160 silly reify   'C:\\Users\\game0\\Desktop\\Devine Project\\dashboard-boilerPlate\\node_modules\\@img\\sharp-darwin-x64'
160 silly reify ]
161 verbose reify failed optional dependency C:\Users\game0\Desktop\Devine Project\dashboard-boilerPlate\node_modules\@img\sharp-darwin-arm64
162 silly reify mark deleted [
162 silly reify   'C:\\Users\\game0\\Desktop\\Devine Project\\dashboard-boilerPlate\\node_modules\\@img\\sharp-darwin-arm64'
162 silly reify ]
163 verbose reify failed optional dependency C:\Users\game0\Desktop\Devine Project\dashboard-boilerPlate\node_modules\@esbuild\win32-ia32
164 silly reify mark deleted [
164 silly reify   'C:\\Users\\game0\\Desktop\\Devine Project\\dashboard-boilerPlate\\node_modules\\@esbuild\\win32-ia32'
164 silly reify ]
165 verbose reify failed optional dependency C:\Users\game0\Desktop\Devine Project\dashboard-boilerPlate\node_modules\@esbuild\win32-arm64
166 silly reify mark deleted [
166 silly reify   'C:\\Users\\game0\\Desktop\\Devine Project\\dashboard-boilerPlate\\node_modules\\@esbuild\\win32-arm64'
166 silly reify ]
167 verbose reify failed optional dependency C:\Users\game0\Desktop\Devine Project\dashboard-boilerPlate\node_modules\@esbuild\sunos-x64
168 silly reify mark deleted [
168 silly reify   'C:\\Users\\game0\\Desktop\\Devine Project\\dashboard-boilerPlate\\node_modules\\@esbuild\\sunos-x64'
168 silly reify ]
169 verbose reify failed optional dependency C:\Users\game0\Desktop\Devine Project\dashboard-boilerPlate\node_modules\@esbuild\openbsd-x64
170 silly reify mark deleted [
170 silly reify   'C:\\Users\\game0\\Desktop\\Devine Project\\dashboard-boilerPlate\\node_modules\\@esbuild\\openbsd-x64'
170 silly reify ]
171 verbose reify failed optional dependency C:\Users\game0\Desktop\Devine Project\dashboard-boilerPlate\node_modules\@esbuild\openbsd-arm64
172 silly reify mark deleted [
172 silly reify   'C:\\Users\\game0\\Desktop\\Devine Project\\dashboard-boilerPlate\\node_modules\\@esbuild\\openbsd-arm64'
172 silly reify ]
173 verbose reify failed optional dependency C:\Users\game0\Desktop\Devine Project\dashboard-boilerPlate\node_modules\@esbuild\netbsd-x64
174 silly reify mark deleted [
174 silly reify   'C:\\Users\\game0\\Desktop\\Devine Project\\dashboard-boilerPlate\\node_modules\\@esbuild\\netbsd-x64'
174 silly reify ]
175 verbose reify failed optional dependency C:\Users\game0\Desktop\Devine Project\dashboard-boilerPlate\node_modules\@esbuild\netbsd-arm64
176 silly reify mark deleted [
176 silly reify   'C:\\Users\\game0\\Desktop\\Devine Project\\dashboard-boilerPlate\\node_modules\\@esbuild\\netbsd-arm64'
176 silly reify ]
177 verbose reify failed optional dependency C:\Users\game0\Desktop\Devine Project\dashboard-boilerPlate\node_modules\@esbuild\linux-x64
178 silly reify mark deleted [
178 silly reify   'C:\\Users\\game0\\Desktop\\Devine Project\\dashboard-boilerPlate\\node_modules\\@esbuild\\linux-x64'
178 silly reify ]
179 verbose reify failed optional dependency C:\Users\game0\Desktop\Devine Project\dashboard-boilerPlate\node_modules\@esbuild\linux-s390x
180 silly reify mark deleted [
180 silly reify   'C:\\Users\\game0\\Desktop\\Devine Project\\dashboard-boilerPlate\\node_modules\\@esbuild\\linux-s390x'
180 silly reify ]
181 verbose reify failed optional dependency C:\Users\game0\Desktop\Devine Project\dashboard-boilerPlate\node_modules\@esbuild\linux-riscv64
182 silly reify mark deleted [
182 silly reify   'C:\\Users\\game0\\Desktop\\Devine Project\\dashboard-boilerPlate\\node_modules\\@esbuild\\linux-riscv64'
182 silly reify ]
183 verbose reify failed optional dependency C:\Users\game0\Desktop\Devine Project\dashboard-boilerPlate\node_modules\@esbuild\linux-ppc64
184 silly reify mark deleted [
184 silly reify   'C:\\Users\\game0\\Desktop\\Devine Project\\dashboard-boilerPlate\\node_modules\\@esbuild\\linux-ppc64'
184 silly reify ]
185 verbose reify failed optional dependency C:\Users\game0\Desktop\Devine Project\dashboard-boilerPlate\node_modules\@esbuild\linux-mips64el
186 silly reify mark deleted [
186 silly reify   'C:\\Users\\game0\\Desktop\\Devine Project\\dashboard-boilerPlate\\node_modules\\@esbuild\\linux-mips64el'
186 silly reify ]
187 verbose reify failed optional dependency C:\Users\game0\Desktop\Devine Project\dashboard-boilerPlate\node_modules\@esbuild\linux-loong64
188 silly reify mark deleted [
188 silly reify   'C:\\Users\\game0\\Desktop\\Devine Project\\dashboard-boilerPlate\\node_modules\\@esbuild\\linux-loong64'
188 silly reify ]
189 verbose reify failed optional dependency C:\Users\game0\Desktop\Devine Project\dashboard-boilerPlate\node_modules\@esbuild\linux-ia32
190 silly reify mark deleted [
190 silly reify   'C:\\Users\\game0\\Desktop\\Devine Project\\dashboard-boilerPlate\\node_modules\\@esbuild\\linux-ia32'
190 silly reify ]
191 verbose reify failed optional dependency C:\Users\game0\Desktop\Devine Project\dashboard-boilerPlate\node_modules\@esbuild\linux-arm64
192 silly reify mark deleted [
192 silly reify   'C:\\Users\\game0\\Desktop\\Devine Project\\dashboard-boilerPlate\\node_modules\\@esbuild\\linux-arm64'
192 silly reify ]
193 verbose reify failed optional dependency C:\Users\game0\Desktop\Devine Project\dashboard-boilerPlate\node_modules\@esbuild\linux-arm
194 silly reify mark deleted [
194 silly reify   'C:\\Users\\game0\\Desktop\\Devine Project\\dashboard-boilerPlate\\node_modules\\@esbuild\\linux-arm'
194 silly reify ]
195 verbose reify failed optional dependency C:\Users\game0\Desktop\Devine Project\dashboard-boilerPlate\node_modules\@esbuild\freebsd-x64
196 silly reify mark deleted [
196 silly reify   'C:\\Users\\game0\\Desktop\\Devine Project\\dashboard-boilerPlate\\node_modules\\@esbuild\\freebsd-x64'
196 silly reify ]
197 verbose reify failed optional dependency C:\Users\game0\Desktop\Devine Project\dashboard-boilerPlate\node_modules\@esbuild\freebsd-arm64
198 silly reify mark deleted [
198 silly reify   'C:\\Users\\game0\\Desktop\\Devine Project\\dashboard-boilerPlate\\node_modules\\@esbuild\\freebsd-arm64'
198 silly reify ]
199 verbose reify failed optional dependency C:\Users\game0\Desktop\Devine Project\dashboard-boilerPlate\node_modules\@esbuild\darwin-x64
200 silly reify mark deleted [
200 silly reify   'C:\\Users\\game0\\Desktop\\Devine Project\\dashboard-boilerPlate\\node_modules\\@esbuild\\darwin-x64'
200 silly reify ]
201 verbose reify failed optional dependency C:\Users\game0\Desktop\Devine Project\dashboard-boilerPlate\node_modules\@esbuild\darwin-arm64
202 silly reify mark deleted [
202 silly reify   'C:\\Users\\game0\\Desktop\\Devine Project\\dashboard-boilerPlate\\node_modules\\@esbuild\\darwin-arm64'
202 silly reify ]
203 verbose reify failed optional dependency C:\Users\game0\Desktop\Devine Project\dashboard-boilerPlate\node_modules\@esbuild\android-x64
204 silly reify mark deleted [
204 silly reify   'C:\\Users\\game0\\Desktop\\Devine Project\\dashboard-boilerPlate\\node_modules\\@esbuild\\android-x64'
204 silly reify ]
205 verbose reify failed optional dependency C:\Users\game0\Desktop\Devine Project\dashboard-boilerPlate\node_modules\@esbuild\android-arm64
206 silly reify mark deleted [
206 silly reify   'C:\\Users\\game0\\Desktop\\Devine Project\\dashboard-boilerPlate\\node_modules\\@esbuild\\android-arm64'
206 silly reify ]
207 verbose reify failed optional dependency C:\Users\game0\Desktop\Devine Project\dashboard-boilerPlate\node_modules\@esbuild\android-arm
208 silly reify mark deleted [
208 silly reify   'C:\\Users\\game0\\Desktop\\Devine Project\\dashboard-boilerPlate\\node_modules\\@esbuild\\android-arm'
208 silly reify ]
209 verbose reify failed optional dependency C:\Users\game0\Desktop\Devine Project\dashboard-boilerPlate\node_modules\@esbuild\aix-ppc64
210 silly reify mark deleted [
210 silly reify   'C:\\Users\\game0\\Desktop\\Devine Project\\dashboard-boilerPlate\\node_modules\\@esbuild\\aix-ppc64'
210 silly reify ]
211 http cache @types/recharts@https://registry.npmjs.org/@types/recharts/-/recharts-1.8.29.tgz 0ms (cache hit)
212 silly tarball no local data for @types/recharts@https://registry.npmjs.org/@types/recharts/-/recharts-1.8.29.tgz. Extracting by manifest.
213 http cache @emnapi/runtime@https://registry.npmjs.org/@emnapi/runtime/-/runtime-1.4.3.tgz 0ms (cache hit)
214 http cache @types/d3-path@https://registry.npmjs.org/@types/d3-path/-/d3-path-1.0.11.tgz 0ms (cache hit)
215 http cache @types/d3-shape@https://registry.npmjs.org/@types/d3-shape/-/d3-shape-1.3.12.tgz 0ms (cache hit)
216 silly tarball no local data for @types/d3-path@https://registry.npmjs.org/@types/d3-path/-/d3-path-1.0.11.tgz. Extracting by manifest.
217 silly tarball no local data for @types/d3-shape@https://registry.npmjs.org/@types/d3-shape/-/d3-shape-1.3.12.tgz. Extracting by manifest.
218 http fetch GET 200 https://registry.npmjs.org/@types/d3-path/-/d3-path-1.0.11.tgz 120ms (cache miss)
219 http fetch GET 200 https://registry.npmjs.org/@types/d3-shape/-/d3-shape-1.3.12.tgz 152ms (cache miss)
220 http fetch GET 200 https://registry.npmjs.org/@types/recharts/-/recharts-1.8.29.tgz 173ms (cache miss)
221 http fetch POST 200 https://registry.npmjs.org/-/npm/v1/security/advisories/bulk 397ms
222 silly audit report {
222 silly audit report   'brace-expansion': [
222 silly audit report     {
222 silly audit report       id: 1105443,
222 silly audit report       url: 'https://github.com/advisories/GHSA-v6h2-p8h4-qcjw',
222 silly audit report       title: 'brace-expansion Regular Expression Denial of Service vulnerability',
222 silly audit report       severity: 'low',
222 silly audit report       vulnerable_versions: '>=1.0.0 <=1.1.11',
222 silly audit report       cwe: [Array],
222 silly audit report       cvss: [Object]
222 silly audit report     },
222 silly audit report     {
222 silly audit report       id: 1105444,
222 silly audit report       url: 'https://github.com/advisories/GHSA-v6h2-p8h4-qcjw',
222 silly audit report       title: 'brace-expansion Regular Expression Denial of Service vulnerability',
222 silly audit report       severity: 'low',
222 silly audit report       vulnerable_versions: '>=2.0.0 <=2.0.1',
222 silly audit report       cwe: [Array],
222 silly audit report       cvss: [Object]
222 silly audit report     }
222 silly audit report   ],
222 silly audit report   rollup: [
222 silly audit report     {
222 silly audit report       id: 1099757,
222 silly audit report       url: 'https://github.com/advisories/GHSA-gcx4-mw62-g8wm',
222 silly audit report       title: 'DOM Clobbering Gadget found in rollup bundled scripts that leads to XSS',
222 silly audit report       severity: 'high',
222 silly audit report       vulnerable_versions: '<2.79.2',
222 silly audit report       cwe: [Array],
222 silly audit report       cvss: [Object]
222 silly audit report     }
222 silly audit report   ],
222 silly audit report   'react-router': [
222 silly audit report     {
222 silly audit report       id: 1104042,
222 silly audit report       url: 'https://github.com/advisories/GHSA-cpj6-fhp6-mr6j',
222 silly audit report       title: 'React Router allows pre-render data spoofing on React-Router framework mode',
222 silly audit report       severity: 'high',
222 silly audit report       vulnerable_versions: '>=7.0 <=7.5.1',
222 silly audit report       cwe: [Array],
222 silly audit report       cvss: [Object]
222 silly audit report     },
222 silly audit report     {
222 silly audit report       id: 1104043,
222 silly audit report       url: 'https://github.com/advisories/GHSA-f46r-rw29-r322',
222 silly audit report       title: 'React Router allows a DoS via cache poisoning by forcing SPA mode',
222 silly audit report       severity: 'high',
222 silly audit report       vulnerable_versions: '>=7.2.0 <=7.5.1',
222 silly audit report       cwe: [Array],
222 silly audit report       cvss: [Object]
222 silly audit report     }
222 silly audit report   ],
222 silly audit report   vite: [
222 silly audit report     {
222 silly audit report       id: 1103520,
222 silly audit report       url: 'https://github.com/advisories/GHSA-x574-m823-4x7w',
222 silly audit report       title: 'Vite bypasses server.fs.deny when using ?raw??',
222 silly audit report       severity: 'moderate',
222 silly audit report       vulnerable_versions: '>=6.2.0 <6.2.3',
222 silly audit report       cwe: [Array],
222 silly audit report       cvss: [Object]
222 silly audit report     },
222 silly audit report     {
222 silly audit report       id: 1103631,
222 silly audit report       url: 'https://github.com/advisories/GHSA-4r4m-qw57-chr8',
222 silly audit report       title: 'Vite has a `server.fs.deny` bypassed for `inline` and `raw` with `?import` query',
222 silly audit report       severity: 'moderate',
222 silly audit report       vulnerable_versions: '>=6.2.0 <6.2.4',
222 silly audit report       cwe: [Array],
222 silly audit report       cvss: [Object]
222 silly audit report     },
222 silly audit report     {
222 silly audit report       id: 1103887,
222 silly audit report       url: 'https://github.com/advisories/GHSA-356w-63v5-8wf4',
222 silly audit report       title: 'Vite has an `server.fs.deny` bypass with an invalid `request-target`',
222 silly audit report       severity: 'moderate',
222 silly audit report       vulnerable_versions: '>=6.2.0 <6.2.6',
222 silly audit report       cwe: [Array],
222 silly audit report       cvss: [Object]
222 silly audit report     },
222 silly audit report     {
222 silly audit report       id: 1104175,
222 silly audit report       url: 'https://github.com/advisories/GHSA-859w-5945-r5v3',
222 silly audit report       title: "Vite's server.fs.deny bypassed with /. for files under project root",
222 silly audit report       severity: 'moderate',
222 silly audit report       vulnerable_versions: '>=6.2.0 <=6.2.6',
222 silly audit report       cwe: [Array],
222 silly audit report       cvss: [Object]
222 silly audit report     },
222 silly audit report     {
222 silly audit report       id: 1104205,
222 silly audit report       url: 'https://github.com/advisories/GHSA-xcj6-pq6g-qj4x',
222 silly audit report       title: 'Vite allows server.fs.deny to be bypassed with .svg or relative paths',
222 silly audit report       severity: 'moderate',
222 silly audit report       vulnerable_versions: '>=6.2.0 <6.2.5',
222 silly audit report       cwe: [Array],
222 silly audit report       cvss: [Object]
222 silly audit report     }
222 silly audit report   ],
222 silly audit report   zod: [
222 silly audit report     {
222 silly audit report       id: 1099462,
222 silly audit report       url: 'https://github.com/advisories/GHSA-m95q-7qp3-xv42',
222 silly audit report       title: 'Zod denial of service vulnerability',
222 silly audit report       severity: 'moderate',
222 silly audit report       vulnerable_versions: '<=3.22.2',
222 silly audit report       cwe: [Array],
222 silly audit report       cvss: [Object]
222 silly audit report     }
222 silly audit report   ]
222 silly audit report }
223 silly packumentCache corgi:https://registry.npmjs.org/brace-expansion cache-miss
224 silly packumentCache corgi:https://registry.npmjs.org/rollup cache-miss
225 silly packumentCache corgi:https://registry.npmjs.org/react-router cache-miss
226 silly packumentCache corgi:https://registry.npmjs.org/vite cache-miss
227 silly packumentCache corgi:https://registry.npmjs.org/zod cache-miss
228 http cache https://registry.npmjs.org/brace-expansion 11ms (cache hit)
229 silly packumentCache corgi:https://registry.npmjs.org/brace-expansion set size:16192 disposed:false
230 http cache https://registry.npmjs.org/rollup 15ms (cache hit)
231 silly packumentCache corgi:https://registry.npmjs.org/rollup set size:2354901 disposed:false
232 http cache https://registry.npmjs.org/react-router 30ms (cache hit)
233 silly packumentCache corgi:https://registry.npmjs.org/react-router set size:990004 disposed:false
234 http cache https://registry.npmjs.org/vite 42ms (cache hit)
235 silly packumentCache corgi:https://registry.npmjs.org/vite set size:2022910 disposed:false
236 http cache https://registry.npmjs.org/zod 59ms (cache hit)
237 silly packumentCache corgi:https://registry.npmjs.org/zod set size:881558 disposed:false
238 silly packumentCache corgi:https://registry.npmjs.org/minimatch cache-miss
239 http cache https://registry.npmjs.org/minimatch 3ms (cache hit)
240 silly packumentCache corgi:https://registry.npmjs.org/minimatch set size:143741 disposed:false
241 silly packumentCache corgi:https://registry.npmjs.org/fmin cache-miss
242 http cache https://registry.npmjs.org/fmin 4ms (cache hit)
243 silly packumentCache corgi:https://registry.npmjs.org/fmin set size:2385 disposed:false
244 silly packumentCache corgi:https://registry.npmjs.org/react-router-dom cache-miss
245 http cache https://registry.npmjs.org/react-router-dom 7ms (cache hit)
246 silly packumentCache corgi:https://registry.npmjs.org/react-router-dom set size:800815 disposed:false
247 silly packumentCache corgi:https://registry.npmjs.org/@tailwindcss%2fvite cache-miss
248 silly packumentCache corgi:https://registry.npmjs.org/@vitejs%2fplugin-react cache-miss
249 http cache https://registry.npmjs.org/@tailwindcss%2fvite 8ms (cache hit)
250 silly packumentCache corgi:https://registry.npmjs.org/@tailwindcss%2fvite set size:460358 disposed:false
251 http cache https://registry.npmjs.org/@vitejs%2fplugin-react 18ms (cache hit)
252 silly packumentCache corgi:https://registry.npmjs.org/@vitejs%2fplugin-react set size:92339 disposed:false
253 silly packumentCache corgi:https://registry.npmjs.org/@antv%2fg2 cache-miss
254 http cache https://registry.npmjs.org/@antv%2fg2 6ms (cache hit)
255 silly packumentCache corgi:https://registry.npmjs.org/@antv%2fg2 set size:950576 disposed:false
256 silly packumentCache corgi:https://registry.npmjs.org/@ant-design%2fplots cache-miss
257 silly packumentCache corgi:https://registry.npmjs.org/@antv%2fg2-extension-plot cache-miss
258 http cache https://registry.npmjs.org/@ant-design%2fplots 4ms (cache hit)
259 silly packumentCache corgi:https://registry.npmjs.org/@ant-design%2fplots set size:90693 disposed:false
260 http cache https://registry.npmjs.org/@antv%2fg2-extension-plot 5ms (cache hit)
261 silly packumentCache corgi:https://registry.npmjs.org/@antv%2fg2-extension-plot set size:7237 disposed:false
262 silly ADD node_modules/@types/recharts
263 silly ADD node_modules/@types/recharts/node_modules/@types/d3-path
264 silly ADD node_modules/@types/recharts/node_modules/@types/d3-shape
265 silly ADD
266 silly ADD
267 silly ADD
268 silly ADD
269 silly ADD
270 silly ADD
271 silly ADD
272 silly ADD
273 silly ADD
274 silly ADD
275 silly ADD
276 silly ADD
277 silly ADD
278 silly ADD
279 silly ADD
280 silly ADD
281 silly ADD
282 silly ADD
283 silly ADD
284 silly ADD
285 silly ADD
286 silly ADD
287 silly ADD
288 silly ADD
289 silly ADD
290 silly ADD
291 silly ADD
292 silly ADD
293 silly ADD
294 silly ADD
295 silly ADD
296 silly ADD
297 silly ADD
298 silly ADD
299 silly ADD
300 silly ADD
301 silly ADD
302 silly ADD
303 silly ADD
304 silly ADD
305 silly ADD
306 silly ADD
307 silly ADD
308 silly ADD
309 silly ADD
310 silly ADD
311 silly ADD
312 silly ADD
313 silly ADD
314 silly ADD
315 silly ADD
316 silly ADD
317 silly ADD
318 silly ADD
319 silly ADD
320 silly ADD
321 silly ADD
322 silly ADD
323 silly ADD
324 silly ADD
325 silly ADD
326 silly ADD
327 silly ADD
328 silly ADD
329 silly ADD
330 silly ADD
331 silly ADD
332 silly ADD
333 silly ADD
334 silly ADD
335 silly ADD
336 silly ADD
337 silly ADD
338 silly ADD
339 silly ADD
340 silly ADD
341 silly ADD
342 silly ADD
343 silly ADD
344 silly ADD
345 silly ADD
346 silly ADD
347 silly ADD
348 silly ADD
349 silly ADD
350 silly ADD
351 silly ADD
352 silly ADD
353 silly ADD
354 silly ADD
355 verbose cwd C:\Users\game0\Desktop\Devine Project\dashboard-boilerPlate
356 verbose os Windows_NT 10.0.26100
357 verbose node v22.16.0
358 verbose npm  v10.9.2
359 verbose exit 0
360 info ok
